<?xml version="1.0" encoding="UTF-8"?>
<coverage generated="1750108961841" clover="3.2.0">
  <project timestamp="1750108961841" name="All files">
    <metrics statements="518" coveredstatements="202" conditionals="274" coveredconditionals="59" methods="79" coveredmethods="22" elements="871" coveredelements="283" complexity="0" loc="518" ncloc="518" packages="1" files="1" classes="1"/>
    <file name="game.js" path="E:\ANDIARS-ARCHIVE\ANDIAR KULIAH\PSO\Project Final KELASS\BlackJackJs-master\BlackJackJs-master\js\game.js">
      <metrics statements="518" coveredstatements="202" conditionals="274" coveredconditionals="59" methods="79" coveredmethods="22"/>
      <line num="21" count="65" type="stmt"/>
      <line num="22" count="65" type="stmt"/>
      <line num="23" count="65" type="stmt"/>
      <line num="24" count="65" type="stmt"/>
      <line num="27" count="65" type="stmt"/>
      <line num="35" count="65" type="stmt"/>
      <line num="37" count="65" type="stmt"/>
      <line num="38" count="0" type="cond" truecount="0" falsecount="2"/>
      <line num="39" count="0" type="stmt"/>
      <line num="46" count="65" type="stmt"/>
      <line num="47" count="0" type="stmt"/>
      <line num="50" count="65" type="stmt"/>
      <line num="69" count="65" type="stmt"/>
      <line num="84" count="1" type="cond" truecount="1" falsecount="1"/>
      <line num="85" count="1" type="stmt"/>
      <line num="94" count="2" type="cond" truecount="2" falsecount="0"/>
      <line num="95" count="1" type="cond" truecount="2" falsecount="2"/>
      <line num="96" count="0" type="stmt"/>
      <line num="97" count="1" type="cond" truecount="1" falsecount="1"/>
      <line num="98" count="0" type="stmt"/>
      <line num="100" count="1" type="stmt"/>
      <line num="102" count="1" type="stmt"/>
      <line num="107" count="1" type="cond" truecount="1" falsecount="1"/>
      <line num="108" count="0" type="stmt"/>
      <line num="110" count="1" type="stmt"/>
      <line num="111" count="1" type="stmt"/>
      <line num="115" count="2" type="cond" truecount="2" falsecount="0"/>
      <line num="120" count="1" type="stmt"/>
      <line num="121" count="1" type="stmt"/>
      <line num="122" count="1" type="stmt"/>
      <line num="123" count="1" type="stmt"/>
      <line num="124" count="1" type="stmt"/>
      <line num="126" count="1" type="stmt"/>
      <line num="131" count="2" type="cond" truecount="2" falsecount="3"/>
      <line num="132" count="0" type="cond" truecount="0" falsecount="2"/>
      <line num="133" count="0" type="stmt"/>
      <line num="134" count="0" type="stmt"/>
      <line num="135" count="0" type="stmt"/>
      <line num="136" count="0" type="stmt"/>
      <line num="137" count="0" type="stmt"/>
      <line num="138" count="0" type="stmt"/>
      <line num="139" count="0" type="stmt"/>
      <line num="140" count="0" type="stmt"/>
      <line num="141" count="0" type="stmt"/>
      <line num="142" count="0" type="stmt"/>
      <line num="144" count="0" type="stmt"/>
      <line num="146" count="0" type="stmt"/>
      <line num="149" count="2" type="stmt"/>
      <line num="154" count="1" type="cond" truecount="3" falsecount="1"/>
      <line num="155" count="1" type="stmt"/>
      <line num="156" count="1" type="stmt"/>
      <line num="157" count="1" type="stmt"/>
      <line num="159" count="0" type="stmt"/>
      <line num="164" count="1" type="cond" truecount="1" falsecount="1"/>
      <line num="165" count="1" type="stmt"/>
      <line num="166" count="1" type="stmt"/>
      <line num="168" count="1" type="stmt"/>
      <line num="169" count="0" type="stmt"/>
      <line num="170" count="0" type="cond" truecount="0" falsecount="2"/>
      <line num="171" count="0" type="stmt"/>
      <line num="172" count="0" type="stmt"/>
      <line num="177" count="0" type="cond" truecount="0" falsecount="2"/>
      <line num="178" count="0" type="stmt"/>
      <line num="180" count="0" type="stmt"/>
      <line num="181" count="0" type="stmt"/>
      <line num="182" count="0" type="stmt"/>
      <line num="183" count="0" type="cond" truecount="0" falsecount="4"/>
      <line num="184" count="0" type="stmt"/>
      <line num="186" count="0" type="cond" truecount="0" falsecount="2"/>
      <line num="187" count="0" type="stmt"/>
      <line num="189" count="0" type="stmt"/>
      <line num="195" count="0" type="stmt"/>
      <line num="196" count="0" type="stmt"/>
      <line num="197" count="0" type="cond" truecount="0" falsecount="4"/>
      <line num="198" count="0" type="stmt"/>
      <line num="200" count="0" type="stmt"/>
      <line num="205" count="65" type="stmt"/>
      <line num="211" count="0" type="cond" truecount="0" falsecount="4"/>
      <line num="212" count="0" type="stmt"/>
      <line num="215" count="0" type="cond" truecount="0" falsecount="2"/>
      <line num="220" count="0" type="stmt"/>
      <line num="223" count="0" type="stmt"/>
      <line num="224" count="0" type="cond" truecount="0" falsecount="2"/>
      <line num="225" count="0" type="stmt"/>
      <line num="226" count="0" type="stmt"/>
      <line num="227" count="0" type="cond" truecount="0" falsecount="2"/>
      <line num="228" count="0" type="stmt"/>
      <line num="230" count="0" type="stmt"/>
      <line num="234" count="0" type="stmt"/>
      <line num="239" count="65" type="stmt"/>
      <line num="248" count="0" type="stmt"/>
      <line num="255" count="0" type="stmt"/>
      <line num="262" count="0" type="stmt"/>
      <line num="269" count="0" type="stmt"/>
      <line num="276" count="0" type="stmt"/>
      <line num="278" count="0" type="stmt"/>
      <line num="293" count="0" type="stmt"/>
      <line num="294" count="0" type="stmt"/>
      <line num="299" count="0" type="stmt"/>
      <line num="300" count="0" type="stmt"/>
      <line num="302" count="0" type="stmt"/>
      <line num="303" count="0" type="stmt"/>
      <line num="305" count="0" type="stmt"/>
      <line num="306" count="0" type="stmt"/>
      <line num="318" count="0" type="stmt"/>
      <line num="319" count="0" type="stmt"/>
      <line num="320" count="0" type="stmt"/>
      <line num="321" count="0" type="stmt"/>
      <line num="323" count="0" type="stmt"/>
      <line num="324" count="0" type="stmt"/>
      <line num="326" count="0" type="stmt"/>
      <line num="330" count="0" type="stmt"/>
      <line num="335" count="1" type="cond" truecount="1" falsecount="1"/>
      <line num="336" count="1" type="stmt"/>
      <line num="338" count="1" type="stmt"/>
      <line num="344" count="0" type="stmt"/>
      <line num="345" count="0" type="stmt"/>
      <line num="346" count="0" type="stmt"/>
      <line num="349" count="0" type="stmt"/>
      <line num="350" count="0" type="stmt"/>
      <line num="352" count="0" type="cond" truecount="0" falsecount="4"/>
      <line num="354" count="0" type="stmt"/>
      <line num="360" count="0" type="stmt"/>
      <line num="365" count="0" type="stmt"/>
      <line num="366" count="0" type="stmt"/>
      <line num="371" count="66" type="stmt"/>
      <line num="372" count="66" type="stmt"/>
      <line num="373" count="66" type="stmt"/>
      <line num="374" count="330" type="stmt"/>
      <line num="375" count="330" type="stmt"/>
      <line num="376" count="137" type="stmt"/>
      <line num="377" count="137" type="stmt"/>
      <line num="380" count="66" type="cond" truecount="1" falsecount="1"/>
      <line num="381" count="66" type="stmt"/>
      <line num="382" count="66" type="stmt"/>
      <line num="384" count="66" type="cond" truecount="1" falsecount="1"/>
      <line num="385" count="66" type="stmt"/>
      <line num="386" count="66" type="stmt"/>
      <line num="388" count="66" type="cond" truecount="1" falsecount="1"/>
      <line num="389" count="66" type="stmt"/>
      <line num="390" count="66" type="stmt"/>
      <line num="392" count="66" type="cond" truecount="1" falsecount="1"/>
      <line num="393" count="66" type="stmt"/>
      <line num="394" count="66" type="stmt"/>
      <line num="396" count="66" type="stmt"/>
      <line num="400" count="20" type="stmt"/>
      <line num="401" count="20" type="stmt"/>
      <line num="402" count="20" type="stmt"/>
      <line num="404" count="20" type="cond" truecount="2" falsecount="0"/>
      <line num="405" count="11" type="cond" truecount="4" falsecount="0"/>
      <line num="406" count="2" type="stmt"/>
      <line num="407" count="2" type="stmt"/>
      <line num="410" count="11" type="cond" truecount="2" falsecount="0"/>
      <line num="411" count="7" type="cond" truecount="1" falsecount="1"/>
      <line num="412" count="7" type="stmt"/>
      <line num="414" count="0" type="stmt"/>
      <line num="415" count="0" type="stmt"/>
      <line num="416" count="0" type="stmt"/>
      <line num="420" count="4" type="stmt"/>
      <line num="423" count="9" type="cond" truecount="1" falsecount="1"/>
      <line num="424" count="9" type="cond" truecount="2" falsecount="0"/>
      <line num="425" count="3" type="stmt"/>
      <line num="428" count="6" type="cond" truecount="2" falsecount="0"/>
      <line num="429" count="3" type="stmt"/>
      <line num="431" count="3" type="stmt"/>
      <line num="435" count="0" type="stmt"/>
      <line num="439" count="0" type="stmt"/>
      <line num="441" count="0" type="cond" truecount="0" falsecount="2"/>
      <line num="442" count="0" type="stmt"/>
      <line num="444" count="0" type="stmt"/>
      <line num="449" count="0" type="stmt"/>
      <line num="451" count="0" type="cond" truecount="0" falsecount="2"/>
      <line num="452" count="0" type="cond" truecount="0" falsecount="2"/>
      <line num="453" count="0" type="stmt"/>
      <line num="454" count="0" type="stmt"/>
      <line num="455" count="0" type="stmt"/>
      <line num="457" count="0" type="cond" truecount="0" falsecount="2"/>
      <line num="458" count="0" type="stmt"/>
      <line num="460" count="0" type="cond" truecount="0" falsecount="2"/>
      <line num="461" count="0" type="stmt"/>
      <line num="462" count="0" type="stmt"/>
      <line num="463" count="0" type="stmt"/>
      <line num="465" count="0" type="cond" truecount="0" falsecount="2"/>
      <line num="466" count="0" type="stmt"/>
      <line num="470" count="0" type="cond" truecount="0" falsecount="2"/>
      <line num="471" count="0" type="stmt"/>
      <line num="472" count="0" type="stmt"/>
      <line num="473" count="0" type="stmt"/>
      <line num="475" count="0" type="cond" truecount="0" falsecount="2"/>
      <line num="476" count="0" type="stmt"/>
      <line num="481" count="0" type="stmt"/>
      <line num="485" count="0" type="stmt"/>
      <line num="486" count="0" type="stmt"/>
      <line num="488" count="0" type="cond" truecount="0" falsecount="2"/>
      <line num="489" count="0" type="cond" truecount="0" falsecount="4"/>
      <line num="490" count="0" type="stmt"/>
      <line num="491" count="0" type="stmt"/>
      <line num="492" count="0" type="stmt"/>
      <line num="494" count="0" type="cond" truecount="0" falsecount="2"/>
      <line num="495" count="0" type="stmt"/>
      <line num="499" count="0" type="stmt"/>
      <line num="500" count="0" type="stmt"/>
      <line num="501" count="0" type="stmt"/>
      <line num="502" count="0" type="cond" truecount="0" falsecount="3"/>
      <line num="504" count="0" type="cond" truecount="0" falsecount="2"/>
      <line num="505" count="0" type="stmt"/>
      <line num="508" count="0" type="stmt"/>
      <line num="509" count="0" type="stmt"/>
      <line num="510" count="0" type="stmt"/>
      <line num="511" count="0" type="cond" truecount="0" falsecount="3"/>
      <line num="513" count="0" type="cond" truecount="0" falsecount="2"/>
      <line num="514" count="0" type="stmt"/>
      <line num="518" count="0" type="stmt"/>
      <line num="522" count="0" type="cond" truecount="0" falsecount="4"/>
      <line num="523" count="0" type="stmt"/>
      <line num="525" count="0" type="cond" truecount="0" falsecount="2"/>
      <line num="526" count="0" type="stmt"/>
      <line num="528" count="0" type="cond" truecount="0" falsecount="2"/>
      <line num="529" count="0" type="stmt"/>
      <line num="531" count="0" type="stmt"/>
      <line num="535" count="1" type="stmt"/>
      <line num="536" count="1" type="stmt"/>
      <line num="537" count="1" type="stmt"/>
      <line num="540" count="1" type="stmt"/>
      <line num="542" count="1" type="stmt"/>
      <line num="543" count="1" type="stmt"/>
      <line num="544" count="1" type="stmt"/>
      <line num="545" count="1" type="cond" truecount="1" falsecount="1"/>
      <line num="546" count="1" type="stmt"/>
      <line num="551" count="1" type="stmt"/>
      <line num="552" count="1" type="stmt"/>
      <line num="553" count="1" type="stmt"/>
      <line num="554" count="1" type="stmt"/>
      <line num="556" count="1" type="stmt"/>
      <line num="561" count="1" type="stmt"/>
      <line num="562" count="1" type="stmt"/>
      <line num="563" count="1" type="stmt"/>
      <line num="564" count="1" type="stmt"/>
      <line num="565" count="1" type="stmt"/>
      <line num="566" count="1" type="stmt"/>
      <line num="568" count="1" type="stmt"/>
      <line num="574" count="0" type="stmt"/>
      <line num="575" count="0" type="stmt"/>
      <line num="578" count="1" type="stmt"/>
      <line num="580" count="1" type="stmt"/>
      <line num="581" count="1" type="stmt"/>
      <line num="582" count="1" type="stmt"/>
      <line num="590" count="0" type="stmt"/>
      <line num="591" count="0" type="stmt"/>
      <line num="592" count="0" type="stmt"/>
      <line num="593" count="0" type="stmt"/>
      <line num="594" count="0" type="stmt"/>
      <line num="595" count="0" type="stmt"/>
      <line num="596" count="0" type="stmt"/>
      <line num="603" count="70" type="stmt"/>
      <line num="604" count="70" type="stmt"/>
      <line num="605" count="70" type="stmt"/>
      <line num="606" count="280" type="stmt"/>
      <line num="607" count="2520" type="stmt"/>
      <line num="609" count="280" type="stmt"/>
      <line num="610" count="1120" type="stmt"/>
      <line num="617" count="14" type="stmt"/>
      <line num="618" count="14" type="stmt"/>
      <line num="619" count="14" type="stmt"/>
      <line num="620" count="31" type="cond" truecount="1" falsecount="1"/>
      <line num="621" count="0" type="stmt"/>
      <line num="623" count="31" type="stmt"/>
      <line num="624" count="31" type="cond" truecount="4" falsecount="0"/>
      <line num="625" count="7" type="stmt"/>
      <line num="626" count="24" type="cond" truecount="2" falsecount="0"/>
      <line num="627" count="8" type="stmt"/>
      <line num="628" count="16" type="cond" truecount="2" falsecount="0"/>
      <line num="629" count="14" type="stmt"/>
      <line num="630" count="14" type="stmt"/>
      <line num="633" count="14" type="cond" truecount="2" falsecount="0"/>
      <line num="634" count="5" type="stmt"/>
      <line num="635" count="5" type="stmt"/>
      <line num="637" count="14" type="stmt"/>
      <line num="641" count="0" type="stmt"/>
      <line num="642" count="0" type="cond" truecount="0" falsecount="2"/>
      <line num="643" count="0" type="cond" truecount="0" falsecount="2"/>
      <line num="644" count="0" type="stmt"/>
      <line num="645" count="0" type="stmt"/>
      <line num="647" count="0" type="stmt"/>
      <line num="651" count="0" type="stmt"/>
      <line num="652" count="0" type="cond" truecount="0" falsecount="2"/>
      <line num="653" count="0" type="cond" truecount="0" falsecount="2"/>
      <line num="654" count="0" type="stmt"/>
      <line num="655" count="0" type="stmt"/>
      <line num="657" count="0" type="stmt"/>
      <line num="663" count="0" type="stmt"/>
      <line num="666" count="0" type="cond" truecount="0" falsecount="4"/>
      <line num="667" count="0" type="stmt"/>
      <line num="669" count="0" type="stmt"/>
      <line num="670" count="0" type="stmt"/>
      <line num="673" count="0" type="cond" truecount="0" falsecount="2"/>
      <line num="674" count="0" type="stmt"/>
      <line num="677" count="0" type="cond" truecount="0" falsecount="2"/>
      <line num="678" count="0" type="stmt"/>
      <line num="680" count="0" type="stmt"/>
      <line num="681" count="0" type="cond" truecount="0" falsecount="2"/>
      <line num="682" count="0" type="stmt"/>
      <line num="685" count="0" type="stmt"/>
      <line num="689" count="0" type="cond" truecount="0" falsecount="4"/>
      <line num="690" count="0" type="stmt"/>
      <line num="692" count="0" type="stmt"/>
      <line num="693" count="0" type="stmt"/>
      <line num="696" count="0" type="stmt"/>
      <line num="699" count="0" type="stmt"/>
      <line num="703" count="0" type="cond" truecount="0" falsecount="2"/>
      <line num="704" count="0" type="stmt"/>
      <line num="705" count="0" type="stmt"/>
      <line num="706" count="0" type="stmt"/>
      <line num="707" count="0" type="stmt"/>
      <line num="709" count="0" type="cond" truecount="0" falsecount="2"/>
      <line num="710" count="0" type="stmt"/>
      <line num="711" count="0" type="stmt"/>
      <line num="712" count="0" type="stmt"/>
      <line num="713" count="0" type="stmt"/>
      <line num="717" count="0" type="cond" truecount="0" falsecount="2"/>
      <line num="719" count="0" type="cond" truecount="0" falsecount="2"/>
      <line num="720" count="0" type="stmt"/>
      <line num="723" count="0" type="stmt"/>
      <line num="725" count="0" type="cond" truecount="0" falsecount="2"/>
      <line num="729" count="0" type="stmt"/>
      <line num="730" count="0" type="stmt"/>
      <line num="731" count="0" type="stmt"/>
      <line num="732" count="0" type="stmt"/>
      <line num="734" count="0" type="stmt"/>
      <line num="736" count="0" type="stmt"/>
      <line num="737" count="0" type="stmt"/>
      <line num="738" count="0" type="stmt"/>
      <line num="740" count="0" type="stmt"/>
      <line num="741" count="0" type="stmt"/>
      <line num="742" count="0" type="stmt"/>
      <line num="743" count="0" type="stmt"/>
      <line num="745" count="0" type="cond" truecount="0" falsecount="2"/>
      <line num="746" count="0" type="stmt"/>
      <line num="749" count="0" type="stmt"/>
      <line num="756" count="0" type="stmt"/>
      <line num="757" count="0" type="cond" truecount="0" falsecount="4"/>
      <line num="758" count="0" type="stmt"/>
      <line num="764" count="65" type="cond" truecount="1" falsecount="1"/>
      <line num="765" count="0" type="stmt"/>
      <line num="767" count="65" type="stmt"/>
      <line num="768" count="65" type="stmt"/>
      <line num="769" count="65" type="stmt"/>
      <line num="770" count="65" type="stmt"/>
      <line num="771" count="65" type="stmt"/>
      <line num="772" count="390" type="stmt"/>
      <line num="777" count="65" type="cond" truecount="1" falsecount="1"/>
      <line num="778" count="65" type="stmt"/>
      <line num="779" count="65" type="stmt"/>
      <line num="780" count="65" type="stmt"/>
      <line num="782" count="65" type="cond" truecount="1" falsecount="1"/>
      <line num="783" count="65" type="stmt"/>
      <line num="786" count="65" type="cond" truecount="1" falsecount="1"/>
      <line num="787" count="65" type="stmt"/>
      <line num="789" count="65" type="cond" truecount="1" falsecount="1"/>
      <line num="790" count="65" type="stmt"/>
      <line num="793" count="65" type="stmt"/>
      <line num="796" count="65" type="stmt"/>
      <line num="797" count="325" type="stmt"/>
      <line num="801" count="65" type="stmt"/>
      <line num="802" count="325" type="cond" truecount="1" falsecount="1"/>
      <line num="803" count="325" type="stmt"/>
      <line num="804" count="325" type="stmt"/>
      <line num="805" count="325" type="stmt"/>
      <line num="806" count="325" type="stmt"/>
      <line num="807" count="325" type="stmt"/>
      <line num="808" count="1105" type="stmt"/>
      <line num="811" count="1105" type="stmt"/>
      <line num="812" count="1105" type="stmt"/>
      <line num="813" count="1105" type="stmt"/>
      <line num="815" count="325" type="stmt"/>
      <line num="816" count="325" type="stmt"/>
      <line num="817" count="325" type="stmt"/>
      <line num="823" count="0" type="cond" truecount="0" falsecount="2"/>
      <line num="824" count="0" type="stmt"/>
      <line num="826" count="0" type="cond" truecount="0" falsecount="2"/>
      <line num="827" count="0" type="stmt"/>
      <line num="828" count="0" type="cond" truecount="0" falsecount="2"/>
      <line num="829" count="0" type="stmt"/>
      <line num="833" count="0" type="stmt"/>
      <line num="834" count="0" type="stmt"/>
      <line num="835" count="0" type="stmt"/>
      <line num="836" count="0" type="stmt"/>
      <line num="837" count="0" type="stmt"/>
      <line num="838" count="0" type="stmt"/>
      <line num="839" count="0" type="stmt"/>
      <line num="840" count="0" type="cond" truecount="0" falsecount="2"/>
      <line num="843" count="0" type="stmt"/>
      <line num="844" count="0" type="stmt"/>
      <line num="845" count="0" type="stmt"/>
      <line num="846" count="0" type="stmt"/>
      <line num="854" count="0" type="stmt"/>
      <line num="858" count="0" type="stmt"/>
      <line num="859" count="0" type="stmt"/>
      <line num="860" count="0" type="cond" truecount="0" falsecount="4"/>
      <line num="861" count="0" type="stmt"/>
      <line num="863" count="0" type="cond" truecount="0" falsecount="4"/>
      <line num="864" count="0" type="stmt"/>
      <line num="866" count="0" type="cond" truecount="0" falsecount="4"/>
      <line num="867" count="0" type="stmt"/>
      <line num="869" count="0" type="cond" truecount="0" falsecount="2"/>
      <line num="870" count="0" type="stmt"/>
      <line num="872" count="0" type="cond" truecount="0" falsecount="2"/>
      <line num="873" count="0" type="stmt"/>
      <line num="875" count="0" type="cond" truecount="0" falsecount="2"/>
      <line num="876" count="0" type="stmt"/>
      <line num="877" count="0" type="cond" truecount="0" falsecount="4"/>
      <line num="878" count="0" type="cond" truecount="0" falsecount="2"/>
      <line num="879" count="0" type="stmt"/>
      <line num="880" count="0" type="cond" truecount="0" falsecount="2"/>
      <line num="881" count="0" type="stmt"/>
      <line num="883" count="0" type="stmt"/>
      <line num="889" count="0" type="cond" truecount="0" falsecount="2"/>
      <line num="890" count="0" type="stmt"/>
      <line num="892" count="0" type="cond" truecount="0" falsecount="2"/>
      <line num="893" count="0" type="stmt"/>
      <line num="895" count="0" type="cond" truecount="0" falsecount="2"/>
      <line num="896" count="0" type="stmt"/>
      <line num="898" count="0" type="stmt"/>
      <line num="899" count="0" type="stmt"/>
      <line num="900" count="0" type="stmt"/>
      <line num="901" count="0" type="stmt"/>
      <line num="902" count="0" type="stmt"/>
      <line num="903" count="0" type="stmt"/>
      <line num="907" count="0" type="stmt"/>
      <line num="908" count="0" type="stmt"/>
      <line num="909" count="0" type="cond" truecount="0" falsecount="2"/>
      <line num="910" count="0" type="stmt"/>
      <line num="913" count="0" type="stmt"/>
      <line num="914" count="0" type="cond" truecount="0" falsecount="2"/>
      <line num="919" count="0" type="stmt"/>
      <line num="922" count="0" type="stmt"/>
      <line num="923" count="0" type="stmt"/>
      <line num="924" count="0" type="cond" truecount="0" falsecount="4"/>
      <line num="925" count="0" type="stmt"/>
      <line num="927" count="0" type="cond" truecount="0" falsecount="4"/>
      <line num="928" count="0" type="stmt"/>
      <line num="930" count="0" type="cond" truecount="0" falsecount="4"/>
      <line num="931" count="0" type="stmt"/>
      <line num="934" count="0" type="stmt"/>
      <line num="935" count="0" type="stmt"/>
      <line num="936" count="0" type="stmt"/>
      <line num="938" count="0" type="stmt"/>
      <line num="939" count="0" type="stmt"/>
      <line num="940" count="0" type="stmt"/>
      <line num="941" count="0" type="stmt"/>
      <line num="942" count="0" type="stmt"/>
      <line num="943" count="0" type="stmt"/>
      <line num="944" count="0" type="stmt"/>
      <line num="945" count="0" type="stmt"/>
      <line num="946" count="0" type="stmt"/>
      <line num="947" count="0" type="stmt"/>
      <line num="949" count="0" type="stmt"/>
      <line num="950" count="0" type="stmt"/>
      <line num="951" count="0" type="stmt"/>
      <line num="952" count="0" type="stmt"/>
      <line num="955" count="0" type="stmt"/>
      <line num="956" count="0" type="cond" truecount="0" falsecount="2"/>
      <line num="957" count="0" type="stmt"/>
      <line num="961" count="0" type="cond" truecount="0" falsecount="2"/>
      <line num="962" count="0" type="stmt"/>
      <line num="966" count="0" type="cond" truecount="0" falsecount="2"/>
      <line num="967" count="0" type="stmt"/>
      <line num="972" count="0" type="cond" truecount="0" falsecount="2"/>
      <line num="973" count="0" type="stmt"/>
      <line num="975" count="0" type="stmt"/>
      <line num="981" count="0" type="stmt"/>
      <line num="987" count="0" type="stmt"/>
      <line num="992" count="65" type="stmt"/>
      <line num="995" count="65" type="stmt"/>
      <line num="1000" count="65" type="stmt"/>
      <line num="1001" count="65" type="stmt"/>
      <line num="1002" count="65" type="stmt"/>
      <line num="1003" count="65" type="stmt"/>
      <line num="1004" count="65" type="stmt"/>
      <line num="1008" count="65" type="stmt"/>
      <line num="1010" count="65" type="stmt"/>
      <line num="1011" count="65" type="stmt"/>
      <line num="1016" count="65" type="stmt"/>
      <line num="1017" count="65" type="stmt"/>
      <line num="1018" count="65" type="stmt"/>
      <line num="1019" count="65" type="stmt"/>
      <line num="1020" count="65" type="stmt"/>
      <line num="1023" count="65" type="stmt"/>
      <line num="1025" count="65" type="stmt"/>
      <line num="1030" count="65" type="stmt"/>
      <line num="1031" count="65" type="stmt"/>
      <line num="1032" count="65" type="stmt"/>
      <line num="1033" count="65" type="stmt"/>
      <line num="1035" count="65" type="stmt"/>
      <line num="1040" count="65" type="stmt"/>
      <line num="1041" count="65" type="stmt"/>
      <line num="1042" count="65" type="stmt"/>
      <line num="1043" count="65" type="stmt"/>
      <line num="1045" count="65" type="stmt"/>
      <line num="1050" count="65" type="stmt"/>
      <line num="1051" count="65" type="stmt"/>
      <line num="1052" count="65" type="stmt"/>
      <line num="1053" count="65" type="stmt"/>
      <line num="1055" count="65" type="stmt"/>
      <line num="1057" count="65" type="stmt"/>
      <line num="1058" count="65" type="stmt"/>
      <line num="1059" count="65" type="stmt"/>
      <line num="1060" count="65" type="stmt"/>
      <line num="1063" count="65" type="cond" truecount="1" falsecount="1"/>
      <line num="1064" count="0" type="stmt"/>
      <line num="1069" count="65" type="stmt"/>
      <line num="1072" count="1" type="cond" truecount="3" falsecount="1"/>
      <line num="1073" count="1" type="stmt"/>
      <line num="1076" count="1" type="stmt"/>
      <line num="1077" count="0" type="cond" truecount="0" falsecount="2"/>
      <line num="1078" count="0" type="cond" truecount="0" falsecount="2"/>
      <line num="1079" count="0" type="stmt"/>
      <line num="1086" count="0" type="stmt"/>
    </file>
  </project>
</coverage>
