{
  "E:\\ANDIARS-ARCHIVE\\ANDIAR KULIAH\\PSO\\Project Final KELASS\\BlackJackJs-master\\BlackJackJs-master\\js\\game.js": {
    "path": "E:\\ANDIARS-ARCHIVE\\ANDIAR KULIAH\\PSO\\Project Final KELASS\\BlackJackJs-master\\BlackJackJs-master\\js\\game.js",
    "statementMap": {
      "0": {
        "start": { "line": 19, "column": 16 },
        "end": { "line": 19, "column": 44 }
      },
      "1": {
        "start": { "line": 20, "column": 2 },
        "end": { "line": 20, "column": 28 }
      },
      "2": {
        "start": { "line": 21, "column": 2 },
        "end": { "line": 21, "column": 65 }
      },
      "3": {
        "start": { "line": 21, "column": 49 },
        "end": { "line": 21, "column": 63 }
      },
      "4": {
        "start": { "line": 22, "column": 2 },
        "end": { "line": 22, "column": 29 }
      },
      "5": {
        "start": { "line": 25, "column": 17 },
        "end": { "line": 31, "column": 3 }
      },
      "6": {
        "start": { "line": 33, "column": 2 },
        "end": { "line": 33, "column": 40 }
      },
      "7": {
        "start": { "line": 35, "column": 2 },
        "end": { "line": 43, "column": 5 }
      },
      "8": {
        "start": { "line": 36, "column": 4 },
        "end": { "line": 42, "column": 5 }
      },
      "9": {
        "start": { "line": 37, "column": 6 },
        "end": { "line": 41, "column": 9 }
      },
      "10": {
        "start": { "line": 44, "column": 2 },
        "end": { "line": 46, "column": 5 }
      },
      "11": {
        "start": { "line": 45, "column": 4 },
        "end": { "line": 45, "column": 52 }
      },
      "12": {
        "start": { "line": 48, "column": 17 },
        "end": { "line": 65, "column": 3 }
      },
      "13": {
        "start": { "line": 67, "column": 2 },
        "end": { "line": 201, "column": 4 }
      },
      "14": {
        "start": { "line": 82, "column": 8 },
        "end": { "line": 84, "column": 9 }
      },
      "15": {
        "start": { "line": 83, "column": 10 },
        "end": { "line": 83, "column": 52 }
      },
      "16": {
        "start": { "line": 92, "column": 6 },
        "end": { "line": 101, "column": 7 }
      },
      "17": {
        "start": { "line": 93, "column": 8 },
        "end": { "line": 97, "column": 9 }
      },
      "18": {
        "start": { "line": 94, "column": 10 },
        "end": { "line": 94, "column": 51 }
      },
      "19": {
        "start": { "line": 95, "column": 15 },
        "end": { "line": 97, "column": 9 }
      },
      "20": {
        "start": { "line": 96, "column": 10 },
        "end": { "line": 96, "column": 60 }
      },
      "21": {
        "start": { "line": 98, "column": 8 },
        "end": { "line": 98, "column": 38 }
      },
      "22": {
        "start": { "line": 100, "column": 8 },
        "end": { "line": 100, "column": 42 }
      },
      "23": {
        "start": { "line": 105, "column": 6 },
        "end": { "line": 107, "column": 7 }
      },
      "24": {
        "start": { "line": 106, "column": 8 },
        "end": { "line": 106, "column": 49 }
      },
      "25": {
        "start": { "line": 108, "column": 6 },
        "end": { "line": 108, "column": 29 }
      },
      "26": {
        "start": { "line": 109, "column": 6 },
        "end": { "line": 109, "column": 18 }
      },
      "27": {
        "start": { "line": 113, "column": 6 },
        "end": { "line": 125, "column": 7 }
      },
      "28": {
        "start": { "line": 118, "column": 8 },
        "end": { "line": 118, "column": 52 }
      },
      "29": {
        "start": { "line": 119, "column": 8 },
        "end": { "line": 119, "column": 37 }
      },
      "30": {
        "start": { "line": 120, "column": 8 },
        "end": { "line": 120, "column": 55 }
      },
      "31": {
        "start": { "line": 121, "column": 8 },
        "end": { "line": 121, "column": 34 }
      },
      "32": {
        "start": { "line": 122, "column": 8 },
        "end": { "line": 122, "column": 46 }
      },
      "33": {
        "start": { "line": 124, "column": 8 },
        "end": { "line": 124, "column": 48 }
      },
      "34": {
        "start": { "line": 129, "column": 6 },
        "end": { "line": 148, "column": 7 }
      },
      "35": {
        "start": { "line": 130, "column": 8 },
        "end": { "line": 145, "column": 9 }
      },
      "36": {
        "start": { "line": 131, "column": 10 },
        "end": { "line": 131, "column": 48 }
      },
      "37": {
        "start": { "line": 132, "column": 10 },
        "end": { "line": 132, "column": 30 }
      },
      "38": {
        "start": { "line": 133, "column": 10 },
        "end": { "line": 133, "column": 35 }
      },
      "39": {
        "start": { "line": 134, "column": 10 },
        "end": { "line": 134, "column": 26 }
      },
      "40": {
        "start": { "line": 135, "column": 10 },
        "end": { "line": 135, "column": 57 }
      },
      "41": {
        "start": { "line": 136, "column": 10 },
        "end": { "line": 136, "column": 31 }
      },
      "42": {
        "start": { "line": 137, "column": 10 },
        "end": { "line": 141, "column": 13 }
      },
      "43": {
        "start": { "line": 138, "column": 26 },
        "end": { "line": 138, "column": 42 }
      },
      "44": {
        "start": { "line": 139, "column": 12 },
        "end": { "line": 139, "column": 25 }
      },
      "45": {
        "start": { "line": 140, "column": 12 },
        "end": { "line": 140, "column": 52 }
      },
      "46": {
        "start": { "line": 142, "column": 10 },
        "end": { "line": 142, "column": 36 }
      },
      "47": {
        "start": { "line": 144, "column": 10 },
        "end": { "line": 144, "column": 46 }
      },
      "48": {
        "start": { "line": 147, "column": 8 },
        "end": { "line": 147, "column": 45 }
      },
      "49": {
        "start": { "line": 152, "column": 6 },
        "end": { "line": 158, "column": 7 }
      },
      "50": {
        "start": { "line": 153, "column": 8 },
        "end": { "line": 153, "column": 45 }
      },
      "51": {
        "start": { "line": 154, "column": 25 },
        "end": { "line": 154, "column": 68 }
      },
      "52": {
        "start": { "line": 155, "column": 8 },
        "end": { "line": 155, "column": 38 }
      },
      "53": {
        "start": { "line": 157, "column": 8 },
        "end": { "line": 157, "column": 45 }
      },
      "54": {
        "start": { "line": 162, "column": 6 },
        "end": { "line": 165, "column": 7 }
      },
      "55": {
        "start": { "line": 163, "column": 8 },
        "end": { "line": 163, "column": 47 }
      },
      "56": {
        "start": { "line": 164, "column": 8 },
        "end": { "line": 164, "column": 47 }
      },
      "57": {
        "start": { "line": 166, "column": 6 },
        "end": { "line": 171, "column": 9 }
      },
      "58": {
        "start": { "line": 167, "column": 8 },
        "end": { "line": 167, "column": 35 }
      },
      "59": {
        "start": { "line": 168, "column": 25 },
        "end": { "line": 168, "column": 77 }
      },
      "60": {
        "start": { "line": 169, "column": 25 },
        "end": { "line": 169, "column": 63 }
      },
      "61": {
        "start": { "line": 170, "column": 8 },
        "end": { "line": 170, "column": 38 }
      },
      "62": {
        "start": { "line": 175, "column": 6 },
        "end": { "line": 177, "column": 7 }
      },
      "63": {
        "start": { "line": 176, "column": 8 },
        "end": { "line": 176, "column": 45 }
      },
      "64": {
        "start": { "line": 178, "column": 6 },
        "end": { "line": 189, "column": 9 }
      },
      "65": {
        "start": { "line": 179, "column": 8 },
        "end": { "line": 179, "column": 36 }
      },
      "66": {
        "start": { "line": 180, "column": 23 },
        "end": { "line": 180, "column": 35 }
      },
      "67": {
        "start": { "line": 181, "column": 8 },
        "end": { "line": 183, "column": 9 }
      },
      "68": {
        "start": { "line": 182, "column": 10 },
        "end": { "line": 182, "column": 43 }
      },
      "69": {
        "start": { "line": 184, "column": 8 },
        "end": { "line": 188, "column": 9 }
      },
      "70": {
        "start": { "line": 185, "column": 10 },
        "end": { "line": 185, "column": 22 }
      },
      "71": {
        "start": { "line": 187, "column": 10 },
        "end": { "line": 187, "column": 40 }
      },
      "72": {
        "start": { "line": 193, "column": 6 },
        "end": { "line": 199, "column": 9 }
      },
      "73": {
        "start": { "line": 194, "column": 23 },
        "end": { "line": 194, "column": 50 }
      },
      "74": {
        "start": { "line": 195, "column": 8 },
        "end": { "line": 197, "column": 9 }
      },
      "75": {
        "start": { "line": 196, "column": 10 },
        "end": { "line": 196, "column": 43 }
      },
      "76": {
        "start": { "line": 198, "column": 8 },
        "end": { "line": 198, "column": 38 }
      },
      "77": {
        "start": { "line": 203, "column": 2 },
        "end": { "line": 235, "column": 4 }
      },
      "78": {
        "start": { "line": 209, "column": 6 },
        "end": { "line": 211, "column": 7 }
      },
      "79": {
        "start": { "line": 210, "column": 8 },
        "end": { "line": 210, "column": 73 }
      },
      "80": {
        "start": { "line": 213, "column": 6 },
        "end": { "line": 219, "column": 7 }
      },
      "81": {
        "start": { "line": 218, "column": 8 },
        "end": { "line": 218, "column": 69 }
      },
      "82": {
        "start": { "line": 221, "column": 20 },
        "end": { "line": 221, "column": 45 }
      },
      "83": {
        "start": { "line": 222, "column": 6 },
        "end": { "line": 233, "column": 7 }
      },
      "84": {
        "start": { "line": 223, "column": 8 },
        "end": { "line": 230, "column": 17 }
      },
      "85": {
        "start": { "line": 224, "column": 10 },
        "end": { "line": 224, "column": 38 }
      },
      "86": {
        "start": { "line": 225, "column": 10 },
        "end": { "line": 229, "column": 11 }
      },
      "87": {
        "start": { "line": 226, "column": 12 },
        "end": { "line": 226, "column": 48 }
      },
      "88": {
        "start": { "line": 226, "column": 29 },
        "end": { "line": 226, "column": 40 }
      },
      "89": {
        "start": { "line": 228, "column": 12 },
        "end": { "line": 228, "column": 48 }
      },
      "90": {
        "start": { "line": 228, "column": 29 },
        "end": { "line": 228, "column": 41 }
      },
      "91": {
        "start": { "line": 232, "column": 8 },
        "end": { "line": 232, "column": 44 }
      },
      "92": {
        "start": { "line": 232, "column": 25 },
        "end": { "line": 232, "column": 37 }
      },
      "93": {
        "start": { "line": 237, "column": 2 },
        "end": { "line": 987, "column": 4 }
      },
      "94": {
        "start": { "line": 246, "column": 14 },
        "end": { "line": 246, "column": 26 }
      },
      "95": {
        "start": { "line": 253, "column": 14 },
        "end": { "line": 253, "column": 28 }
      },
      "96": {
        "start": { "line": 260, "column": 14 },
        "end": { "line": 260, "column": 29 }
      },
      "97": {
        "start": { "line": 267, "column": 14 },
        "end": { "line": 267, "column": 29 }
      },
      "98": {
        "start": { "line": 274, "column": 14 },
        "end": { "line": 274, "column": 29 }
      },
      "99": {
        "start": { "line": 276, "column": 57 },
        "end": { "line": 276, "column": 66 }
      },
      "100": {
        "start": { "line": 291, "column": 29 },
        "end": { "line": 291, "column": 53 }
      },
      "101": {
        "start": { "line": 292, "column": 24 },
        "end": { "line": 296, "column": 7 }
      },
      "102": {
        "start": { "line": 297, "column": 6 },
        "end": { "line": 297, "column": 37 }
      },
      "103": {
        "start": { "line": 298, "column": 6 },
        "end": { "line": 298, "column": 32 }
      },
      "104": {
        "start": { "line": 300, "column": 21 },
        "end": { "line": 300, "column": 42 }
      },
      "105": {
        "start": { "line": 301, "column": 6 },
        "end": { "line": 301, "column": 39 }
      },
      "106": {
        "start": { "line": 303, "column": 17 },
        "end": { "line": 303, "column": 37 }
      },
      "107": {
        "start": { "line": 304, "column": 6 },
        "end": { "line": 314, "column": 10 }
      },
      "108": {
        "start": { "line": 316, "column": 6 },
        "end": { "line": 316, "column": 35 }
      },
      "109": {
        "start": { "line": 317, "column": 6 },
        "end": { "line": 317, "column": 36 }
      },
      "110": {
        "start": { "line": 318, "column": 6 },
        "end": { "line": 318, "column": 31 }
      },
      "111": {
        "start": { "line": 319, "column": 6 },
        "end": { "line": 319, "column": 33 }
      },
      "112": {
        "start": { "line": 321, "column": 6 },
        "end": { "line": 321, "column": 45 }
      },
      "113": {
        "start": { "line": 322, "column": 6 },
        "end": { "line": 322, "column": 37 }
      },
      "114": {
        "start": { "line": 324, "column": 6 },
        "end": { "line": 328, "column": 55 }
      },
      "115": {
        "start": { "line": 328, "column": 20 },
        "end": { "line": 328, "column": 53 }
      },
      "116": {
        "start": { "line": 333, "column": 6 },
        "end": { "line": 335, "column": 7 }
      },
      "117": {
        "start": { "line": 334, "column": 8 },
        "end": { "line": 334, "column": 33 }
      },
      "118": {
        "start": { "line": 336, "column": 6 },
        "end": { "line": 336, "column": 32 }
      },
      "119": {
        "start": { "line": 342, "column": 6 },
        "end": { "line": 342, "column": 32 }
      },
      "120": {
        "start": { "line": 343, "column": 6 },
        "end": { "line": 343, "column": 38 }
      },
      "121": {
        "start": { "line": 344, "column": 6 },
        "end": { "line": 344, "column": 21 }
      },
      "122": {
        "start": { "line": 347, "column": 29 },
        "end": { "line": 347, "column": 73 }
      },
      "123": {
        "start": { "line": 348, "column": 29 },
        "end": { "line": 348, "column": 79 }
      },
      "124": {
        "start": { "line": 350, "column": 6 },
        "end": { "line": 359, "column": 7 }
      },
      "125": {
        "start": { "line": 352, "column": 8 },
        "end": { "line": 355, "column": 10 }
      },
      "126": {
        "start": { "line": 358, "column": 8 },
        "end": { "line": 358, "column": 46 }
      },
      "127": {
        "start": { "line": 363, "column": 6 },
        "end": { "line": 365, "column": 9 }
      },
      "128": {
        "start": { "line": 364, "column": 8 },
        "end": { "line": 364, "column": 30 }
      },
      "129": {
        "start": { "line": 369, "column": 20 },
        "end": { "line": 369, "column": 69 }
      },
      "130": {
        "start": { "line": 370, "column": 31 },
        "end": { "line": 370, "column": 73 }
      },
      "131": {
        "start": { "line": 371, "column": 6 },
        "end": { "line": 377, "column": 7 }
      },
      "132": {
        "start": { "line": 372, "column": 26 },
        "end": { "line": 372, "column": 48 }
      },
      "133": {
        "start": { "line": 373, "column": 8 },
        "end": { "line": 376, "column": 9 }
      },
      "134": {
        "start": { "line": 374, "column": 10 },
        "end": { "line": 374, "column": 29 }
      },
      "135": {
        "start": { "line": 375, "column": 10 },
        "end": { "line": 375, "column": 25 }
      },
      "136": {
        "start": { "line": 378, "column": 6 },
        "end": { "line": 381, "column": 7 }
      },
      "137": {
        "start": { "line": 379, "column": 8 },
        "end": { "line": 379, "column": 21 }
      },
      "138": {
        "start": { "line": 380, "column": 8 },
        "end": { "line": 380, "column": 25 }
      },
      "139": {
        "start": { "line": 382, "column": 6 },
        "end": { "line": 385, "column": 7 }
      },
      "140": {
        "start": { "line": 383, "column": 8 },
        "end": { "line": 383, "column": 22 }
      },
      "141": {
        "start": { "line": 384, "column": 8 },
        "end": { "line": 384, "column": 25 }
      },
      "142": {
        "start": { "line": 386, "column": 6 },
        "end": { "line": 389, "column": 7 }
      },
      "143": {
        "start": { "line": 387, "column": 8 },
        "end": { "line": 387, "column": 22 }
      },
      "144": {
        "start": { "line": 388, "column": 8 },
        "end": { "line": 388, "column": 23 }
      },
      "145": {
        "start": { "line": 390, "column": 6 },
        "end": { "line": 393, "column": 7 }
      },
      "146": {
        "start": { "line": 391, "column": 8 },
        "end": { "line": 391, "column": 20 }
      },
      "147": {
        "start": { "line": 392, "column": 8 },
        "end": { "line": 392, "column": 25 }
      },
      "148": {
        "start": { "line": 394, "column": 6 },
        "end": { "line": 394, "column": 19 }
      },
      "149": {
        "start": { "line": 398, "column": 25 },
        "end": { "line": 398, "column": 37 }
      },
      "150": {
        "start": { "line": 399, "column": 26 },
        "end": { "line": 399, "column": 38 }
      },
      "151": {
        "start": { "line": 400, "column": 27 },
        "end": { "line": 400, "column": 31 }
      },
      "152": {
        "start": { "line": 402, "column": 6 },
        "end": { "line": 419, "column": 7 }
      },
      "153": {
        "start": { "line": 403, "column": 8 },
        "end": { "line": 406, "column": 9 }
      },
      "154": {
        "start": { "line": 404, "column": 10 },
        "end": { "line": 404, "column": 48 }
      },
      "155": {
        "start": { "line": 405, "column": 10 },
        "end": { "line": 405, "column": 49 }
      },
      "156": {
        "start": { "line": 408, "column": 8 },
        "end": { "line": 416, "column": 9 }
      },
      "157": {
        "start": { "line": 409, "column": 10 },
        "end": { "line": 415, "column": 11 }
      },
      "158": {
        "start": { "line": 410, "column": 12 },
        "end": { "line": 410, "column": 25 }
      },
      "159": {
        "start": { "line": 412, "column": 12 },
        "end": { "line": 412, "column": 51 }
      },
      "160": {
        "start": { "line": 413, "column": 12 },
        "end": { "line": 413, "column": 51 }
      },
      "161": {
        "start": { "line": 414, "column": 12 },
        "end": { "line": 414, "column": 24 }
      },
      "162": {
        "start": { "line": 418, "column": 8 },
        "end": { "line": 418, "column": 20 }
      },
      "163": {
        "start": { "line": 421, "column": 6 },
        "end": { "line": 431, "column": 7 }
      },
      "164": {
        "start": { "line": 422, "column": 8 },
        "end": { "line": 424, "column": 9 }
      },
      "165": {
        "start": { "line": 423, "column": 10 },
        "end": { "line": 423, "column": 23 }
      },
      "166": {
        "start": { "line": 426, "column": 8 },
        "end": { "line": 430, "column": 9 }
      },
      "167": {
        "start": { "line": 427, "column": 10 },
        "end": { "line": 427, "column": 22 }
      },
      "168": {
        "start": { "line": 429, "column": 10 },
        "end": { "line": 429, "column": 23 }
      },
      "169": {
        "start": { "line": 433, "column": 6 },
        "end": { "line": 433, "column": 18 }
      },
      "170": {
        "start": { "line": 437, "column": 29 },
        "end": { "line": 437, "column": 43 }
      },
      "171": {
        "start": { "line": 439, "column": 6 },
        "end": { "line": 443, "column": 7 }
      },
      "172": {
        "start": { "line": 440, "column": 8 },
        "end": { "line": 440, "column": 66 }
      },
      "173": {
        "start": { "line": 442, "column": 8 },
        "end": { "line": 442, "column": 64 }
      },
      "174": {
        "start": { "line": 447, "column": 27 },
        "end": { "line": 447, "column": 54 }
      },
      "175": {
        "start": { "line": 449, "column": 6 },
        "end": { "line": 477, "column": 7 }
      },
      "176": {
        "start": { "line": 450, "column": 8 },
        "end": { "line": 466, "column": 9 }
      },
      "177": {
        "start": { "line": 451, "column": 28 },
        "end": { "line": 454, "column": 12 }
      },
      "178": {
        "start": { "line": 452, "column": 26 },
        "end": { "line": 452, "column": 56 }
      },
      "179": {
        "start": { "line": 453, "column": 12 },
        "end": { "line": 453, "column": 30 }
      },
      "180": {
        "start": { "line": 455, "column": 10 },
        "end": { "line": 457, "column": 11 }
      },
      "181": {
        "start": { "line": 456, "column": 12 },
        "end": { "line": 456, "column": 60 }
      },
      "182": {
        "start": { "line": 458, "column": 15 },
        "end": { "line": 466, "column": 9 }
      },
      "183": {
        "start": { "line": 459, "column": 28 },
        "end": { "line": 462, "column": 12 }
      },
      "184": {
        "start": { "line": 460, "column": 26 },
        "end": { "line": 460, "column": 56 }
      },
      "185": {
        "start": { "line": 461, "column": 12 },
        "end": { "line": 461, "column": 46 }
      },
      "186": {
        "start": { "line": 463, "column": 10 },
        "end": { "line": 465, "column": 11 }
      },
      "187": {
        "start": { "line": 464, "column": 12 },
        "end": { "line": 464, "column": 60 }
      },
      "188": {
        "start": { "line": 468, "column": 8 },
        "end": { "line": 476, "column": 9 }
      },
      "189": {
        "start": { "line": 469, "column": 28 },
        "end": { "line": 472, "column": 12 }
      },
      "190": {
        "start": { "line": 470, "column": 26 },
        "end": { "line": 470, "column": 56 }
      },
      "191": {
        "start": { "line": 471, "column": 12 },
        "end": { "line": 471, "column": 45 }
      },
      "192": {
        "start": { "line": 473, "column": 10 },
        "end": { "line": 475, "column": 11 }
      },
      "193": {
        "start": { "line": 474, "column": 12 },
        "end": { "line": 474, "column": 60 }
      },
      "194": {
        "start": { "line": 479, "column": 6 },
        "end": { "line": 479, "column": 64 }
      },
      "195": {
        "start": { "line": 483, "column": 24 },
        "end": { "line": 483, "column": 49 }
      },
      "196": {
        "start": { "line": 484, "column": 26 },
        "end": { "line": 484, "column": 53 }
      },
      "197": {
        "start": { "line": 486, "column": 6 },
        "end": { "line": 514, "column": 7 }
      },
      "198": {
        "start": { "line": 487, "column": 8 },
        "end": { "line": 495, "column": 9 }
      },
      "199": {
        "start": { "line": 488, "column": 28 },
        "end": { "line": 491, "column": 12 }
      },
      "200": {
        "start": { "line": 489, "column": 26 },
        "end": { "line": 489, "column": 56 }
      },
      "201": {
        "start": { "line": 490, "column": 12 },
        "end": { "line": 490, "column": 42 }
      },
      "202": {
        "start": { "line": 492, "column": 10 },
        "end": { "line": 494, "column": 11 }
      },
      "203": {
        "start": { "line": 493, "column": 12 },
        "end": { "line": 493, "column": 60 }
      },
      "204": {
        "start": { "line": 497, "column": 27 },
        "end": { "line": 501, "column": 10 }
      },
      "205": {
        "start": { "line": 498, "column": 24 },
        "end": { "line": 498, "column": 54 }
      },
      "206": {
        "start": { "line": 499, "column": 27 },
        "end": { "line": 499, "column": 44 }
      },
      "207": {
        "start": { "line": 500, "column": 10 },
        "end": { "line": 500, "column": 76 }
      },
      "208": {
        "start": { "line": 502, "column": 8 },
        "end": { "line": 504, "column": 9 }
      },
      "209": {
        "start": { "line": 503, "column": 10 },
        "end": { "line": 503, "column": 60 }
      },
      "210": {
        "start": { "line": 506, "column": 26 },
        "end": { "line": 510, "column": 10 }
      },
      "211": {
        "start": { "line": 507, "column": 24 },
        "end": { "line": 507, "column": 54 }
      },
      "212": {
        "start": { "line": 508, "column": 27 },
        "end": { "line": 508, "column": 44 }
      },
      "213": {
        "start": { "line": 509, "column": 10 },
        "end": { "line": 509, "column": 77 }
      },
      "214": {
        "start": { "line": 511, "column": 8 },
        "end": { "line": 513, "column": 9 }
      },
      "215": {
        "start": { "line": 512, "column": 10 },
        "end": { "line": 512, "column": 58 }
      },
      "216": {
        "start": { "line": 516, "column": 6 },
        "end": { "line": 516, "column": 64 }
      },
      "217": {
        "start": { "line": 520, "column": 6 },
        "end": { "line": 522, "column": 7 }
      },
      "218": {
        "start": { "line": 521, "column": 8 },
        "end": { "line": 521, "column": 26 }
      },
      "219": {
        "start": { "line": 523, "column": 6 },
        "end": { "line": 525, "column": 7 }
      },
      "220": {
        "start": { "line": 524, "column": 8 },
        "end": { "line": 524, "column": 18 }
      },
      "221": {
        "start": { "line": 526, "column": 6 },
        "end": { "line": 528, "column": 7 }
      },
      "222": {
        "start": { "line": 527, "column": 8 },
        "end": { "line": 527, "column": 18 }
      },
      "223": {
        "start": { "line": 529, "column": 6 },
        "end": { "line": 529, "column": 15 }
      },
      "224": {
        "start": { "line": 533, "column": 29 },
        "end": { "line": 533, "column": 53 }
      },
      "225": {
        "start": { "line": 534, "column": 22 },
        "end": { "line": 534, "column": 42 }
      },
      "226": {
        "start": { "line": 535, "column": 6 },
        "end": { "line": 537, "column": 39 }
      },
      "227": {
        "start": { "line": 538, "column": 6 },
        "end": { "line": 538, "column": 39 }
      },
      "228": {
        "start": { "line": 540, "column": 25 },
        "end": { "line": 540, "column": 28 }
      },
      "229": {
        "start": { "line": 541, "column": 26 },
        "end": { "line": 541, "column": 29 }
      },
      "230": {
        "start": { "line": 542, "column": 20 },
        "end": { "line": 542, "column": 40 }
      },
      "231": {
        "start": { "line": 543, "column": 25 },
        "end": { "line": 543, "column": 66 }
      },
      "232": {
        "start": { "line": 544, "column": 6 },
        "end": { "line": 548, "column": 58 }
      },
      "233": {
        "start": { "line": 549, "column": 6 },
        "end": { "line": 549, "column": 41 }
      },
      "234": {
        "start": { "line": 550, "column": 6 },
        "end": { "line": 550, "column": 43 }
      },
      "235": {
        "start": { "line": 551, "column": 6 },
        "end": { "line": 551, "column": 62 }
      },
      "236": {
        "start": { "line": 552, "column": 6 },
        "end": { "line": 552, "column": 37 }
      },
      "237": {
        "start": { "line": 554, "column": 25 },
        "end": { "line": 558, "column": 7 }
      },
      "238": {
        "start": { "line": 559, "column": 6 },
        "end": { "line": 559, "column": 38 }
      },
      "239": {
        "start": { "line": 560, "column": 6 },
        "end": { "line": 560, "column": 45 }
      },
      "240": {
        "start": { "line": 561, "column": 6 },
        "end": { "line": 561, "column": 31 }
      },
      "241": {
        "start": { "line": 562, "column": 6 },
        "end": { "line": 562, "column": 34 }
      },
      "242": {
        "start": { "line": 563, "column": 6 },
        "end": { "line": 563, "column": 68 }
      },
      "243": {
        "start": { "line": 564, "column": 6 },
        "end": { "line": 564, "column": 42 }
      },
      "244": {
        "start": { "line": 566, "column": 29 },
        "end": { "line": 575, "column": 22 }
      },
      "245": {
        "start": { "line": 572, "column": 10 },
        "end": { "line": 572, "column": 44 }
      },
      "246": {
        "start": { "line": 573, "column": 10 },
        "end": { "line": 573, "column": 23 }
      },
      "247": {
        "start": { "line": 576, "column": 6 },
        "end": { "line": 576, "column": 46 }
      },
      "248": {
        "start": { "line": 578, "column": 6 },
        "end": { "line": 578, "column": 31 }
      },
      "249": {
        "start": { "line": 579, "column": 6 },
        "end": { "line": 579, "column": 37 }
      },
      "250": {
        "start": { "line": 580, "column": 6 },
        "end": { "line": 584, "column": 8 }
      },
      "251": {
        "start": { "line": 588, "column": 6 },
        "end": { "line": 588, "column": 36 }
      },
      "252": {
        "start": { "line": 589, "column": 6 },
        "end": { "line": 597, "column": 14 }
      },
      "253": {
        "start": { "line": 590, "column": 8 },
        "end": { "line": 590, "column": 38 }
      },
      "254": {
        "start": { "line": 591, "column": 8 },
        "end": { "line": 596, "column": 16 }
      },
      "255": {
        "start": { "line": 592, "column": 10 },
        "end": { "line": 592, "column": 38 }
      },
      "256": {
        "start": { "line": 593, "column": 10 },
        "end": { "line": 595, "column": 18 }
      },
      "257": {
        "start": { "line": 594, "column": 12 },
        "end": { "line": 594, "column": 46 }
      },
      "258": {
        "start": { "line": 601, "column": 6 },
        "end": { "line": 601, "column": 21 }
      },
      "259": {
        "start": { "line": 602, "column": 6 },
        "end": { "line": 611, "column": 7 }
      },
      "260": {
        "start": { "line": 602, "column": 19 },
        "end": { "line": 602, "column": 20 }
      },
      "261": {
        "start": { "line": 603, "column": 8 },
        "end": { "line": 610, "column": 9 }
      },
      "262": {
        "start": { "line": 604, "column": 10 },
        "end": { "line": 606, "column": 11 }
      },
      "263": {
        "start": { "line": 604, "column": 23 },
        "end": { "line": 604, "column": 24 }
      },
      "264": {
        "start": { "line": 605, "column": 12 },
        "end": { "line": 605, "column": 46 }
      },
      "265": {
        "start": { "line": 607, "column": 10 },
        "end": { "line": 609, "column": 11 }
      },
      "266": {
        "start": { "line": 608, "column": 12 },
        "end": { "line": 608, "column": 46 }
      },
      "267": {
        "start": { "line": 615, "column": 18 },
        "end": { "line": 615, "column": 19 }
      },
      "268": {
        "start": { "line": 616, "column": 17 },
        "end": { "line": 616, "column": 18 }
      },
      "269": {
        "start": { "line": 617, "column": 6 },
        "end": { "line": 630, "column": 9 }
      },
      "270": {
        "start": { "line": 618, "column": 8 },
        "end": { "line": 620, "column": 9 }
      },
      "271": {
        "start": { "line": 619, "column": 10 },
        "end": { "line": 619, "column": 17 }
      },
      "272": {
        "start": { "line": 621, "column": 22 },
        "end": { "line": 621, "column": 32 }
      },
      "273": {
        "start": { "line": 622, "column": 8 },
        "end": { "line": 629, "column": 9 }
      },
      "274": {
        "start": { "line": 623, "column": 10 },
        "end": { "line": 623, "column": 25 }
      },
      "275": {
        "start": { "line": 624, "column": 15 },
        "end": { "line": 629, "column": 9 }
      },
      "276": {
        "start": { "line": 625, "column": 10 },
        "end": { "line": 625, "column": 22 }
      },
      "277": {
        "start": { "line": 626, "column": 15 },
        "end": { "line": 629, "column": 9 }
      },
      "278": {
        "start": { "line": 627, "column": 10 },
        "end": { "line": 627, "column": 22 }
      },
      "279": {
        "start": { "line": 628, "column": 10 },
        "end": { "line": 628, "column": 17 }
      },
      "280": {
        "start": { "line": 631, "column": 6 },
        "end": { "line": 634, "column": 7 }
      },
      "281": {
        "start": { "line": 632, "column": 8 },
        "end": { "line": 632, "column": 20 }
      },
      "282": {
        "start": { "line": 633, "column": 8 },
        "end": { "line": 633, "column": 15 }
      },
      "283": {
        "start": { "line": 635, "column": 6 },
        "end": { "line": 635, "column": 19 }
      },
      "284": {
        "start": { "line": 639, "column": 26 },
        "end": { "line": 639, "column": 53 }
      },
      "285": {
        "start": { "line": 640, "column": 6 },
        "end": { "line": 647, "column": 7 }
      },
      "286": {
        "start": { "line": 641, "column": 8 },
        "end": { "line": 646, "column": 9 }
      },
      "287": {
        "start": { "line": 642, "column": 10 },
        "end": { "line": 642, "column": 59 }
      },
      "288": {
        "start": { "line": 643, "column": 10 },
        "end": { "line": 643, "column": 37 }
      },
      "289": {
        "start": { "line": 645, "column": 10 },
        "end": { "line": 645, "column": 37 }
      },
      "290": {
        "start": { "line": 649, "column": 24 },
        "end": { "line": 649, "column": 49 }
      },
      "291": {
        "start": { "line": 650, "column": 6 },
        "end": { "line": 657, "column": 7 }
      },
      "292": {
        "start": { "line": 651, "column": 8 },
        "end": { "line": 656, "column": 9 }
      },
      "293": {
        "start": { "line": 652, "column": 10 },
        "end": { "line": 652, "column": 55 }
      },
      "294": {
        "start": { "line": 653, "column": 10 },
        "end": { "line": 653, "column": 35 }
      },
      "295": {
        "start": { "line": 655, "column": 10 },
        "end": { "line": 655, "column": 35 }
      },
      "296": {
        "start": { "line": 661, "column": 24 },
        "end": { "line": 661, "column": 46 }
      },
      "297": {
        "start": { "line": 664, "column": 6 },
        "end": { "line": 669, "column": 7 }
      },
      "298": {
        "start": { "line": 665, "column": 8 },
        "end": { "line": 665, "column": 53 }
      },
      "299": {
        "start": { "line": 667, "column": 22 },
        "end": { "line": 667, "column": 51 }
      },
      "300": {
        "start": { "line": 668, "column": 8 },
        "end": { "line": 668, "column": 32 }
      },
      "301": {
        "start": { "line": 671, "column": 6 },
        "end": { "line": 673, "column": 7 }
      },
      "302": {
        "start": { "line": 672, "column": 8 },
        "end": { "line": 672, "column": 27 }
      },
      "303": {
        "start": { "line": 675, "column": 25 },
        "end": { "line": 675, "column": 66 }
      },
      "304": {
        "start": { "line": 676, "column": 6 },
        "end": { "line": 676, "column": 28 }
      },
      "305": {
        "start": { "line": 678, "column": 24 },
        "end": { "line": 678, "column": 47 }
      },
      "306": {
        "start": { "line": 679, "column": 6 },
        "end": { "line": 681, "column": 7 }
      },
      "307": {
        "start": { "line": 680, "column": 8 },
        "end": { "line": 680, "column": 39 }
      },
      "308": {
        "start": { "line": 683, "column": 6 },
        "end": { "line": 683, "column": 46 }
      },
      "309": {
        "start": { "line": 687, "column": 6 },
        "end": { "line": 689, "column": 7 }
      },
      "310": {
        "start": { "line": 688, "column": 8 },
        "end": { "line": 688, "column": 15 }
      },
      "311": {
        "start": { "line": 690, "column": 6 },
        "end": { "line": 690, "column": 30 }
      },
      "312": {
        "start": { "line": 691, "column": 6 },
        "end": { "line": 697, "column": 41 }
      },
      "313": {
        "start": { "line": 694, "column": 10 },
        "end": { "line": 694, "column": 79 }
      },
      "314": {
        "start": { "line": 697, "column": 20 },
        "end": { "line": 697, "column": 39 }
      },
      "315": {
        "start": { "line": 701, "column": 6 },
        "end": { "line": 706, "column": 7 }
      },
      "316": {
        "start": { "line": 702, "column": 8 },
        "end": { "line": 702, "column": 55 }
      },
      "317": {
        "start": { "line": 703, "column": 8 },
        "end": { "line": 703, "column": 50 }
      },
      "318": {
        "start": { "line": 704, "column": 8 },
        "end": { "line": 704, "column": 50 }
      },
      "319": {
        "start": { "line": 705, "column": 8 },
        "end": { "line": 705, "column": 44 }
      },
      "320": {
        "start": { "line": 707, "column": 6 },
        "end": { "line": 712, "column": 7 }
      },
      "321": {
        "start": { "line": 708, "column": 8 },
        "end": { "line": 708, "column": 57 }
      },
      "322": {
        "start": { "line": 709, "column": 8 },
        "end": { "line": 709, "column": 54 }
      },
      "323": {
        "start": { "line": 710, "column": 8 },
        "end": { "line": 710, "column": 54 }
      },
      "324": {
        "start": { "line": 711, "column": 8 },
        "end": { "line": 711, "column": 46 }
      },
      "325": {
        "start": { "line": 715, "column": 8 },
        "end": { "line": 715, "column": 72 }
      },
      "326": {
        "start": { "line": 717, "column": 6 },
        "end": { "line": 719, "column": 7 }
      },
      "327": {
        "start": { "line": 718, "column": 8 },
        "end": { "line": 718, "column": 40 }
      },
      "328": {
        "start": { "line": 721, "column": 6 },
        "end": { "line": 721, "column": 34 }
      },
      "329": {
        "start": { "line": 723, "column": 24 },
        "end": { "line": 725, "column": 47 }
      },
      "330": {
        "start": { "line": 727, "column": 25 },
        "end": { "line": 727, "column": 55 }
      },
      "331": {
        "start": { "line": 728, "column": 6 },
        "end": { "line": 728, "column": 74 }
      },
      "332": {
        "start": { "line": 729, "column": 6 },
        "end": { "line": 729, "column": 27 }
      },
      "333": {
        "start": { "line": 730, "column": 6 },
        "end": { "line": 730, "column": 27 }
      },
      "334": {
        "start": { "line": 732, "column": 24 },
        "end": { "line": 732, "column": 51 }
      },
      "335": {
        "start": { "line": 734, "column": 6 },
        "end": { "line": 734, "column": 33 }
      },
      "336": {
        "start": { "line": 735, "column": 6 },
        "end": { "line": 735, "column": 26 }
      },
      "337": {
        "start": { "line": 736, "column": 6 },
        "end": { "line": 736, "column": 43 }
      },
      "338": {
        "start": { "line": 738, "column": 26 },
        "end": { "line": 738, "column": 28 }
      },
      "339": {
        "start": { "line": 739, "column": 6 },
        "end": { "line": 739, "column": 59 }
      },
      "340": {
        "start": { "line": 740, "column": 19 },
        "end": { "line": 740, "column": 42 }
      },
      "341": {
        "start": { "line": 741, "column": 26 },
        "end": { "line": 741, "column": 37 }
      },
      "342": {
        "start": { "line": 743, "column": 6 },
        "end": { "line": 745, "column": 7 }
      },
      "343": {
        "start": { "line": 744, "column": 8 },
        "end": { "line": 744, "column": 33 }
      },
      "344": {
        "start": { "line": 747, "column": 6 },
        "end": { "line": 758, "column": 11 }
      },
      "345": {
        "start": { "line": 754, "column": 10 },
        "end": { "line": 754, "column": 30 }
      },
      "346": {
        "start": { "line": 755, "column": 10 },
        "end": { "line": 757, "column": 11 }
      },
      "347": {
        "start": { "line": 756, "column": 12 },
        "end": { "line": 756, "column": 26 }
      },
      "348": {
        "start": { "line": 762, "column": 6 },
        "end": { "line": 764, "column": 7 }
      },
      "349": {
        "start": { "line": 763, "column": 8 },
        "end": { "line": 763, "column": 51 }
      },
      "350": {
        "start": { "line": 765, "column": 6 },
        "end": { "line": 765, "column": 54 }
      },
      "351": {
        "start": { "line": 766, "column": 6 },
        "end": { "line": 766, "column": 33 }
      },
      "352": {
        "start": { "line": 767, "column": 6 },
        "end": { "line": 767, "column": 33 }
      },
      "353": {
        "start": { "line": 768, "column": 6 },
        "end": { "line": 768, "column": 46 }
      },
      "354": {
        "start": { "line": 769, "column": 6 },
        "end": { "line": 771, "column": 9 }
      },
      "355": {
        "start": { "line": 770, "column": 8 },
        "end": { "line": 770, "column": 56 }
      },
      "356": {
        "start": { "line": 775, "column": 6 },
        "end": { "line": 779, "column": 7 }
      },
      "357": {
        "start": { "line": 776, "column": 8 },
        "end": { "line": 776, "column": 57 }
      },
      "358": {
        "start": { "line": 777, "column": 8 },
        "end": { "line": 777, "column": 52 }
      },
      "359": {
        "start": { "line": 778, "column": 8 },
        "end": { "line": 778, "column": 52 }
      },
      "360": {
        "start": { "line": 780, "column": 6 },
        "end": { "line": 782, "column": 7 }
      },
      "361": {
        "start": { "line": 781, "column": 8 },
        "end": { "line": 781, "column": 59 }
      },
      "362": {
        "start": { "line": 784, "column": 6 },
        "end": { "line": 786, "column": 7 }
      },
      "363": {
        "start": { "line": 785, "column": 8 },
        "end": { "line": 785, "column": 49 }
      },
      "364": {
        "start": { "line": 787, "column": 6 },
        "end": { "line": 789, "column": 7 }
      },
      "365": {
        "start": { "line": 788, "column": 8 },
        "end": { "line": 788, "column": 51 }
      },
      "366": {
        "start": { "line": 791, "column": 6 },
        "end": { "line": 791, "column": 48 }
      },
      "367": {
        "start": { "line": 794, "column": 8 },
        "end": { "line": 798, "column": 16 }
      },
      "368": {
        "start": { "line": 795, "column": 51 },
        "end": { "line": 795, "column": 70 }
      },
      "369": {
        "start": { "line": 799, "column": 6 },
        "end": { "line": 817, "column": 7 }
      },
      "370": {
        "start": { "line": 800, "column": 8 },
        "end": { "line": 816, "column": 9 }
      },
      "371": {
        "start": { "line": 801, "column": 28 },
        "end": { "line": 801, "column": 52 }
      },
      "372": {
        "start": { "line": 802, "column": 10 },
        "end": { "line": 802, "column": 36 }
      },
      "373": {
        "start": { "line": 803, "column": 10 },
        "end": { "line": 803, "column": 37 }
      },
      "374": {
        "start": { "line": 804, "column": 10 },
        "end": { "line": 804, "column": 39 }
      },
      "375": {
        "start": { "line": 805, "column": 10 },
        "end": { "line": 812, "column": 11 }
      },
      "376": {
        "start": { "line": 805, "column": 23 },
        "end": { "line": 805, "column": 24 }
      },
      "377": {
        "start": { "line": 806, "column": 28 },
        "end": { "line": 808, "column": 13 }
      },
      "378": {
        "start": { "line": 809, "column": 12 },
        "end": { "line": 809, "column": 31 }
      },
      "379": {
        "start": { "line": 810, "column": 12 },
        "end": { "line": 810, "column": 69 }
      },
      "380": {
        "start": { "line": 811, "column": 12 },
        "end": { "line": 811, "column": 40 }
      },
      "381": {
        "start": { "line": 813, "column": 10 },
        "end": { "line": 813, "column": 65 }
      },
      "382": {
        "start": { "line": 813, "column": 38 },
        "end": { "line": 813, "column": 63 }
      },
      "383": {
        "start": { "line": 814, "column": 10 },
        "end": { "line": 814, "column": 52 }
      },
      "384": {
        "start": { "line": 815, "column": 10 },
        "end": { "line": 815, "column": 28 }
      },
      "385": {
        "start": { "line": 821, "column": 6 },
        "end": { "line": 823, "column": 7 }
      },
      "386": {
        "start": { "line": 822, "column": 8 },
        "end": { "line": 822, "column": 15 }
      },
      "387": {
        "start": { "line": 824, "column": 6 },
        "end": { "line": 829, "column": 7 }
      },
      "388": {
        "start": { "line": 825, "column": 8 },
        "end": { "line": 825, "column": 59 }
      },
      "389": {
        "start": { "line": 826, "column": 8 },
        "end": { "line": 828, "column": 9 }
      },
      "390": {
        "start": { "line": 827, "column": 10 },
        "end": { "line": 827, "column": 50 }
      },
      "391": {
        "start": { "line": 831, "column": 6 },
        "end": { "line": 831, "column": 34 }
      },
      "392": {
        "start": { "line": 832, "column": 24 },
        "end": { "line": 832, "column": 46 }
      },
      "393": {
        "start": { "line": 833, "column": 6 },
        "end": { "line": 833, "column": 32 }
      },
      "394": {
        "start": { "line": 834, "column": 6 },
        "end": { "line": 834, "column": 28 }
      },
      "395": {
        "start": { "line": 835, "column": 6 },
        "end": { "line": 835, "column": 54 }
      },
      "396": {
        "start": { "line": 836, "column": 22 },
        "end": { "line": 836, "column": 72 }
      },
      "397": {
        "start": { "line": 837, "column": 24 },
        "end": { "line": 837, "column": 67 }
      },
      "398": {
        "start": { "line": 838, "column": 23 },
        "end": { "line": 840, "column": 56 }
      },
      "399": {
        "start": { "line": 841, "column": 6 },
        "end": { "line": 841, "column": 29 }
      },
      "400": {
        "start": { "line": 842, "column": 6 },
        "end": { "line": 842, "column": 29 }
      },
      "401": {
        "start": { "line": 843, "column": 6 },
        "end": { "line": 843, "column": 48 }
      },
      "402": {
        "start": { "line": 844, "column": 6 },
        "end": { "line": 851, "column": 8 }
      },
      "403": {
        "start": { "line": 852, "column": 6 },
        "end": { "line": 852, "column": 27 }
      },
      "404": {
        "start": { "line": 856, "column": 24 },
        "end": { "line": 856, "column": 49 }
      },
      "405": {
        "start": { "line": 857, "column": 26 },
        "end": { "line": 857, "column": 53 }
      },
      "406": {
        "start": { "line": 858, "column": 6 },
        "end": { "line": 860, "column": 7 }
      },
      "407": {
        "start": { "line": 859, "column": 8 },
        "end": { "line": 859, "column": 30 }
      },
      "408": {
        "start": { "line": 861, "column": 6 },
        "end": { "line": 863, "column": 7 }
      },
      "409": {
        "start": { "line": 862, "column": 8 },
        "end": { "line": 862, "column": 32 }
      },
      "410": {
        "start": { "line": 864, "column": 6 },
        "end": { "line": 866, "column": 7 }
      },
      "411": {
        "start": { "line": 865, "column": 8 },
        "end": { "line": 865, "column": 29 }
      },
      "412": {
        "start": { "line": 867, "column": 6 },
        "end": { "line": 869, "column": 7 }
      },
      "413": {
        "start": { "line": 868, "column": 8 },
        "end": { "line": 868, "column": 29 }
      },
      "414": {
        "start": { "line": 870, "column": 6 },
        "end": { "line": 872, "column": 7 }
      },
      "415": {
        "start": { "line": 871, "column": 8 },
        "end": { "line": 871, "column": 28 }
      },
      "416": {
        "start": { "line": 873, "column": 6 },
        "end": { "line": 883, "column": 7 }
      },
      "417": {
        "start": { "line": 874, "column": 8 },
        "end": { "line": 874, "column": 21 }
      },
      "418": {
        "start": { "line": 875, "column": 13 },
        "end": { "line": 883, "column": 7 }
      },
      "419": {
        "start": { "line": 876, "column": 8 },
        "end": { "line": 882, "column": 9 }
      },
      "420": {
        "start": { "line": 877, "column": 10 },
        "end": { "line": 877, "column": 23 }
      },
      "421": {
        "start": { "line": 878, "column": 15 },
        "end": { "line": 882, "column": 9 }
      },
      "422": {
        "start": { "line": 879, "column": 10 },
        "end": { "line": 879, "column": 24 }
      },
      "423": {
        "start": { "line": 881, "column": 10 },
        "end": { "line": 881, "column": 24 }
      },
      "424": {
        "start": { "line": 887, "column": 6 },
        "end": { "line": 889, "column": 7 }
      },
      "425": {
        "start": { "line": 888, "column": 8 },
        "end": { "line": 888, "column": 49 }
      },
      "426": {
        "start": { "line": 890, "column": 6 },
        "end": { "line": 892, "column": 7 }
      },
      "427": {
        "start": { "line": 891, "column": 8 },
        "end": { "line": 891, "column": 15 }
      },
      "428": {
        "start": { "line": 893, "column": 6 },
        "end": { "line": 895, "column": 7 }
      },
      "429": {
        "start": { "line": 894, "column": 8 },
        "end": { "line": 894, "column": 51 }
      },
      "430": {
        "start": { "line": 896, "column": 6 },
        "end": { "line": 896, "column": 35 }
      },
      "431": {
        "start": { "line": 897, "column": 6 },
        "end": { "line": 897, "column": 32 }
      },
      "432": {
        "start": { "line": 898, "column": 6 },
        "end": { "line": 898, "column": 29 }
      },
      "433": {
        "start": { "line": 899, "column": 6 },
        "end": { "line": 899, "column": 27 }
      },
      "434": {
        "start": { "line": 900, "column": 6 },
        "end": { "line": 900, "column": 34 }
      },
      "435": {
        "start": { "line": 901, "column": 6 },
        "end": { "line": 901, "column": 17 }
      },
      "436": {
        "start": { "line": 905, "column": 6 },
        "end": { "line": 905, "column": 34 }
      },
      "437": {
        "start": { "line": 906, "column": 6 },
        "end": { "line": 906, "column": 32 }
      },
      "438": {
        "start": { "line": 907, "column": 6 },
        "end": { "line": 909, "column": 7 }
      },
      "439": {
        "start": { "line": 908, "column": 8 },
        "end": { "line": 908, "column": 44 }
      },
      "440": {
        "start": { "line": 911, "column": 6 },
        "end": { "line": 911, "column": 37 }
      },
      "441": {
        "start": { "line": 912, "column": 6 },
        "end": { "line": 918, "column": 7 }
      },
      "442": {
        "start": { "line": 917, "column": 8 },
        "end": { "line": 917, "column": 35 }
      },
      "443": {
        "start": { "line": 920, "column": 6 },
        "end": { "line": 975, "column": 15 }
      },
      "444": {
        "start": { "line": 921, "column": 32 },
        "end": { "line": 951, "column": 9 }
      },
      "445": {
        "start": { "line": 922, "column": 10 },
        "end": { "line": 924, "column": 11 }
      },
      "446": {
        "start": { "line": 923, "column": 12 },
        "end": { "line": 923, "column": 76 }
      },
      "447": {
        "start": { "line": 925, "column": 10 },
        "end": { "line": 927, "column": 11 }
      },
      "448": {
        "start": { "line": 926, "column": 12 },
        "end": { "line": 926, "column": 72 }
      },
      "449": {
        "start": { "line": 928, "column": 10 },
        "end": { "line": 930, "column": 11 }
      },
      "450": {
        "start": { "line": 929, "column": 12 },
        "end": { "line": 929, "column": 80 }
      },
      "451": {
        "start": { "line": 932, "column": 10 },
        "end": { "line": 932, "column": 39 }
      },
      "452": {
        "start": { "line": 933, "column": 10 },
        "end": { "line": 933, "column": 37 }
      },
      "453": {
        "start": { "line": 934, "column": 10 },
        "end": { "line": 934, "column": 41 }
      },
      "454": {
        "start": { "line": 936, "column": 10 },
        "end": { "line": 936, "column": 34 }
      },
      "455": {
        "start": { "line": 937, "column": 10 },
        "end": { "line": 937, "column": 32 }
      },
      "456": {
        "start": { "line": 938, "column": 10 },
        "end": { "line": 938, "column": 35 }
      },
      "457": {
        "start": { "line": 939, "column": 10 },
        "end": { "line": 939, "column": 33 }
      },
      "458": {
        "start": { "line": 940, "column": 10 },
        "end": { "line": 940, "column": 27 }
      },
      "459": {
        "start": { "line": 941, "column": 10 },
        "end": { "line": 941, "column": 35 }
      },
      "460": {
        "start": { "line": 942, "column": 10 },
        "end": { "line": 942, "column": 33 }
      },
      "461": {
        "start": { "line": 943, "column": 10 },
        "end": { "line": 943, "column": 25 }
      },
      "462": {
        "start": { "line": 944, "column": 10 },
        "end": { "line": 944, "column": 27 }
      },
      "463": {
        "start": { "line": 945, "column": 10 },
        "end": { "line": 945, "column": 28 }
      },
      "464": {
        "start": { "line": 947, "column": 10 },
        "end": { "line": 947, "column": 61 }
      },
      "465": {
        "start": { "line": 948, "column": 10 },
        "end": { "line": 948, "column": 31 }
      },
      "466": {
        "start": { "line": 949, "column": 10 },
        "end": { "line": 949, "column": 30 }
      },
      "467": {
        "start": { "line": 950, "column": 10 },
        "end": { "line": 950, "column": 48 }
      },
      "468": {
        "start": { "line": 953, "column": 23 },
        "end": { "line": 953, "column": 25 }
      },
      "469": {
        "start": { "line": 954, "column": 8 },
        "end": { "line": 958, "column": 9 }
      },
      "470": {
        "start": { "line": 955, "column": 10 },
        "end": { "line": 957, "column": 12 }
      },
      "471": {
        "start": { "line": 959, "column": 8 },
        "end": { "line": 963, "column": 9 }
      },
      "472": {
        "start": { "line": 960, "column": 10 },
        "end": { "line": 962, "column": 12 }
      },
      "473": {
        "start": { "line": 964, "column": 8 },
        "end": { "line": 968, "column": 9 }
      },
      "474": {
        "start": { "line": 965, "column": 10 },
        "end": { "line": 967, "column": 12 }
      },
      "475": {
        "start": { "line": 970, "column": 8 },
        "end": { "line": 974, "column": 9 }
      },
      "476": {
        "start": { "line": 971, "column": 10 },
        "end": { "line": 971, "column": 58 }
      },
      "477": {
        "start": { "line": 973, "column": 10 },
        "end": { "line": 973, "column": 28 }
      },
      "478": {
        "start": { "line": 979, "column": 6 },
        "end": { "line": 984, "column": 8 }
      },
      "479": {
        "start": { "line": 985, "column": 6 },
        "end": { "line": 985, "column": 24 }
      },
      "480": {
        "start": { "line": 990, "column": 2 },
        "end": { "line": 1004, "column": 4 }
      },
      "481": {
        "start": { "line": 993, "column": 6 },
        "end": { "line": 997, "column": 8 }
      },
      "482": {
        "start": { "line": 998, "column": 6 },
        "end": { "line": 998, "column": 41 }
      },
      "483": {
        "start": { "line": 999, "column": 6 },
        "end": { "line": 999, "column": 41 }
      },
      "484": {
        "start": { "line": 1000, "column": 6 },
        "end": { "line": 1000, "column": 35 }
      },
      "485": {
        "start": { "line": 1001, "column": 6 },
        "end": { "line": 1001, "column": 65 }
      },
      "486": {
        "start": { "line": 1002, "column": 6 },
        "end": { "line": 1002, "column": 35 }
      },
      "487": {
        "start": { "line": 1006, "column": 2 },
        "end": { "line": 1006, "column": 27 }
      },
      "488": {
        "start": { "line": 1008, "column": 2 },
        "end": { "line": 1019, "column": 4 }
      },
      "489": {
        "start": { "line": 1009, "column": 4 },
        "end": { "line": 1013, "column": 6 }
      },
      "490": {
        "start": { "line": 1014, "column": 4 },
        "end": { "line": 1014, "column": 36 }
      },
      "491": {
        "start": { "line": 1015, "column": 4 },
        "end": { "line": 1015, "column": 36 }
      },
      "492": {
        "start": { "line": 1016, "column": 4 },
        "end": { "line": 1016, "column": 34 }
      },
      "493": {
        "start": { "line": 1017, "column": 4 },
        "end": { "line": 1017, "column": 63 }
      },
      "494": {
        "start": { "line": 1018, "column": 4 },
        "end": { "line": 1018, "column": 33 }
      },
      "495": {
        "start": { "line": 1021, "column": 2 },
        "end": { "line": 1021, "column": 31 }
      },
      "496": {
        "start": { "line": 1023, "column": 2 },
        "end": { "line": 1027, "column": 4 }
      },
      "497": {
        "start": { "line": 1028, "column": 2 },
        "end": { "line": 1028, "column": 43 }
      },
      "498": {
        "start": { "line": 1029, "column": 2 },
        "end": { "line": 1029, "column": 43 }
      },
      "499": {
        "start": { "line": 1030, "column": 2 },
        "end": { "line": 1030, "column": 68 }
      },
      "500": {
        "start": { "line": 1031, "column": 2 },
        "end": { "line": 1031, "column": 35 }
      },
      "501": {
        "start": { "line": 1033, "column": 2 },
        "end": { "line": 1037, "column": 4 }
      },
      "502": {
        "start": { "line": 1038, "column": 2 },
        "end": { "line": 1038, "column": 47 }
      },
      "503": {
        "start": { "line": 1039, "column": 2 },
        "end": { "line": 1039, "column": 47 }
      },
      "504": {
        "start": { "line": 1040, "column": 2 },
        "end": { "line": 1040, "column": 29 }
      },
      "505": {
        "start": { "line": 1041, "column": 2 },
        "end": { "line": 1041, "column": 68 }
      },
      "506": {
        "start": { "line": 1043, "column": 2 },
        "end": { "line": 1047, "column": 4 }
      },
      "507": {
        "start": { "line": 1048, "column": 2 },
        "end": { "line": 1048, "column": 43 }
      },
      "508": {
        "start": { "line": 1049, "column": 2 },
        "end": { "line": 1049, "column": 43 }
      },
      "509": {
        "start": { "line": 1050, "column": 2 },
        "end": { "line": 1050, "column": 27 }
      },
      "510": {
        "start": { "line": 1051, "column": 2 },
        "end": { "line": 1051, "column": 66 }
      },
      "511": {
        "start": { "line": 1053, "column": 2 },
        "end": { "line": 1053, "column": 51 }
      },
      "512": {
        "start": { "line": 1055, "column": 2 },
        "end": { "line": 1055, "column": 19 }
      },
      "513": {
        "start": { "line": 1056, "column": 2 },
        "end": { "line": 1056, "column": 25 }
      },
      "514": {
        "start": { "line": 1057, "column": 2 },
        "end": { "line": 1057, "column": 53 }
      },
      "515": {
        "start": { "line": 1058, "column": 2 },
        "end": { "line": 1058, "column": 23 }
      },
      "516": {
        "start": { "line": 1061, "column": 2 },
        "end": { "line": 1063, "column": 3 }
      },
      "517": {
        "start": { "line": 1062, "column": 4 },
        "end": { "line": 1062, "column": 30 }
      },
      "518": {
        "start": { "line": 1067, "column": 2 },
        "end": { "line": 1067, "column": 32 }
      },
      "519": {
        "start": { "line": 1070, "column": 0 },
        "end": { "line": 1072, "column": 1 }
      },
      "520": {
        "start": { "line": 1071, "column": 2 },
        "end": { "line": 1071, "column": 46 }
      },
      "521": {
        "start": { "line": 1074, "column": 0 },
        "end": { "line": 1086, "column": 2 }
      },
      "522": {
        "start": { "line": 1075, "column": 2 },
        "end": { "line": 1085, "column": 3 }
      },
      "523": {
        "start": { "line": 1076, "column": 4 },
        "end": { "line": 1082, "column": 5 }
      },
      "524": {
        "start": { "line": 1077, "column": 6 },
        "end": { "line": 1081, "column": 9 }
      },
      "525": {
        "start": { "line": 1084, "column": 4 },
        "end": { "line": 1084, "column": 44 }
      }
    },
    "fnMap": {
      "0": {
        "name": "init",
        "decl": {
          "start": { "line": 18, "column": 9 },
          "end": { "line": 18, "column": 13 }
        },
        "loc": {
          "start": { "line": 18, "column": 24 },
          "end": { "line": 1064, "column": 1 }
        },
        "line": 18
      },
      "1": {
        "name": "(anonymous_1)",
        "decl": {
          "start": { "line": 21, "column": 43 },
          "end": { "line": 21, "column": 44 }
        },
        "loc": {
          "start": { "line": 21, "column": 49 },
          "end": { "line": 21, "column": 63 }
        },
        "line": 21
      },
      "2": {
        "name": "(anonymous_2)",
        "decl": {
          "start": { "line": 35, "column": 32 },
          "end": { "line": 35, "column": 33 }
        },
        "loc": {
          "start": { "line": 35, "column": 43 },
          "end": { "line": 43, "column": 3 }
        },
        "line": 35
      },
      "3": {
        "name": "(anonymous_3)",
        "decl": {
          "start": { "line": 44, "column": 33 },
          "end": { "line": 44, "column": 34 }
        },
        "loc": {
          "start": { "line": 44, "column": 44 },
          "end": { "line": 46, "column": 3 }
        },
        "line": 44
      },
      "4": {
        "name": "(anonymous_4)",
        "decl": {
          "start": { "line": 78, "column": 6 },
          "end": { "line": 78, "column": 7 }
        },
        "loc": {
          "start": { "line": 78, "column": 21 },
          "end": { "line": 80, "column": 7 }
        },
        "line": 78
      },
      "5": {
        "name": "(anonymous_5)",
        "decl": {
          "start": { "line": 81, "column": 6 },
          "end": { "line": 81, "column": 7 }
        },
        "loc": {
          "start": { "line": 81, "column": 15 },
          "end": { "line": 85, "column": 7 }
        },
        "line": 81
      },
      "6": {
        "name": "(anonymous_6)",
        "decl": {
          "start": { "line": 91, "column": 4 },
          "end": { "line": 91, "column": 5 }
        },
        "loc": {
          "start": { "line": 91, "column": 10 },
          "end": { "line": 102, "column": 5 }
        },
        "line": 91
      },
      "7": {
        "name": "(anonymous_7)",
        "decl": {
          "start": { "line": 104, "column": 4 },
          "end": { "line": 104, "column": 5 }
        },
        "loc": {
          "start": { "line": 104, "column": 12 },
          "end": { "line": 110, "column": 5 }
        },
        "line": 104
      },
      "8": {
        "name": "(anonymous_8)",
        "decl": {
          "start": { "line": 112, "column": 4 },
          "end": { "line": 112, "column": 5 }
        },
        "loc": {
          "start": { "line": 112, "column": 13 },
          "end": { "line": 126, "column": 5 }
        },
        "line": 112
      },
      "9": {
        "name": "(anonymous_9)",
        "decl": {
          "start": { "line": 128, "column": 4 },
          "end": { "line": 128, "column": 5 }
        },
        "loc": {
          "start": { "line": 128, "column": 13 },
          "end": { "line": 149, "column": 5 }
        },
        "line": 128
      },
      "10": {
        "name": "(anonymous_10)",
        "decl": {
          "start": { "line": 137, "column": 51 },
          "end": { "line": 137, "column": 52 }
        },
        "loc": {
          "start": { "line": 137, "column": 61 },
          "end": { "line": 141, "column": 11 }
        },
        "line": 137
      },
      "11": {
        "name": "(anonymous_11)",
        "decl": {
          "start": { "line": 151, "column": 4 },
          "end": { "line": 151, "column": 5 }
        },
        "loc": {
          "start": { "line": 151, "column": 13 },
          "end": { "line": 159, "column": 5 }
        },
        "line": 151
      },
      "12": {
        "name": "(anonymous_12)",
        "decl": {
          "start": { "line": 161, "column": 4 },
          "end": { "line": 161, "column": 5 }
        },
        "loc": {
          "start": { "line": 161, "column": 10 },
          "end": { "line": 172, "column": 5 }
        },
        "line": 161
      },
      "13": {
        "name": "(anonymous_13)",
        "decl": {
          "start": { "line": 166, "column": 48 },
          "end": { "line": 166, "column": 49 }
        },
        "loc": {
          "start": { "line": 166, "column": 54 },
          "end": { "line": 171, "column": 7 }
        },
        "line": 166
      },
      "14": {
        "name": "(anonymous_14)",
        "decl": {
          "start": { "line": 174, "column": 4 },
          "end": { "line": 174, "column": 5 }
        },
        "loc": {
          "start": { "line": 174, "column": 11 },
          "end": { "line": 190, "column": 5 }
        },
        "line": 174
      },
      "15": {
        "name": "(anonymous_15)",
        "decl": {
          "start": { "line": 178, "column": 50 },
          "end": { "line": 178, "column": 51 }
        },
        "loc": {
          "start": { "line": 178, "column": 56 },
          "end": { "line": 189, "column": 7 }
        },
        "line": 178
      },
      "16": {
        "name": "(anonymous_16)",
        "decl": {
          "start": { "line": 192, "column": 4 },
          "end": { "line": 192, "column": 5 }
        },
        "loc": {
          "start": { "line": 192, "column": 11 },
          "end": { "line": 200, "column": 5 }
        },
        "line": 192
      },
      "17": {
        "name": "(anonymous_17)",
        "decl": {
          "start": { "line": 193, "column": 50 },
          "end": { "line": 193, "column": 51 }
        },
        "loc": {
          "start": { "line": 193, "column": 56 },
          "end": { "line": 199, "column": 7 }
        },
        "line": 193
      },
      "18": {
        "name": "(anonymous_18)",
        "decl": {
          "start": { "line": 208, "column": 4 },
          "end": { "line": 208, "column": 5 }
        },
        "loc": {
          "start": { "line": 208, "column": 11 },
          "end": { "line": 234, "column": 5 }
        },
        "line": 208
      },
      "19": {
        "name": "(anonymous_19)",
        "decl": {
          "start": { "line": 223, "column": 19 },
          "end": { "line": 223, "column": 20 }
        },
        "loc": {
          "start": { "line": 223, "column": 25 },
          "end": { "line": 230, "column": 9 }
        },
        "line": 223
      },
      "20": {
        "name": "(anonymous_20)",
        "decl": {
          "start": { "line": 226, "column": 23 },
          "end": { "line": 226, "column": 24 }
        },
        "loc": {
          "start": { "line": 226, "column": 29 },
          "end": { "line": 226, "column": 40 }
        },
        "line": 226
      },
      "21": {
        "name": "(anonymous_21)",
        "decl": {
          "start": { "line": 228, "column": 23 },
          "end": { "line": 228, "column": 24 }
        },
        "loc": {
          "start": { "line": 228, "column": 29 },
          "end": { "line": 228, "column": 41 }
        },
        "line": 228
      },
      "22": {
        "name": "(anonymous_22)",
        "decl": {
          "start": { "line": 232, "column": 19 },
          "end": { "line": 232, "column": 20 }
        },
        "loc": {
          "start": { "line": 232, "column": 25 },
          "end": { "line": 232, "column": 37 }
        },
        "line": 232
      },
      "23": {
        "name": "(anonymous_23)",
        "decl": {
          "start": { "line": 246, "column": 8 },
          "end": { "line": 246, "column": 9 }
        },
        "loc": {
          "start": { "line": 246, "column": 14 },
          "end": { "line": 246, "column": 26 }
        },
        "line": 246
      },
      "24": {
        "name": "(anonymous_24)",
        "decl": {
          "start": { "line": 253, "column": 8 },
          "end": { "line": 253, "column": 9 }
        },
        "loc": {
          "start": { "line": 253, "column": 14 },
          "end": { "line": 253, "column": 28 }
        },
        "line": 253
      },
      "25": {
        "name": "(anonymous_25)",
        "decl": {
          "start": { "line": 260, "column": 8 },
          "end": { "line": 260, "column": 9 }
        },
        "loc": {
          "start": { "line": 260, "column": 14 },
          "end": { "line": 260, "column": 29 }
        },
        "line": 260
      },
      "26": {
        "name": "(anonymous_26)",
        "decl": {
          "start": { "line": 267, "column": 8 },
          "end": { "line": 267, "column": 9 }
        },
        "loc": {
          "start": { "line": 267, "column": 14 },
          "end": { "line": 267, "column": 29 }
        },
        "line": 267
      },
      "27": {
        "name": "(anonymous_27)",
        "decl": {
          "start": { "line": 274, "column": 8 },
          "end": { "line": 274, "column": 9 }
        },
        "loc": {
          "start": { "line": 274, "column": 14 },
          "end": { "line": 274, "column": 29 }
        },
        "line": 274
      },
      "28": {
        "name": "(anonymous_28)",
        "decl": {
          "start": { "line": 276, "column": 51 },
          "end": { "line": 276, "column": 52 }
        },
        "loc": {
          "start": { "line": 276, "column": 57 },
          "end": { "line": 276, "column": 66 }
        },
        "line": 276
      },
      "29": {
        "name": "(anonymous_29)",
        "decl": {
          "start": { "line": 290, "column": 4 },
          "end": { "line": 290, "column": 5 }
        },
        "loc": {
          "start": { "line": 290, "column": 16 },
          "end": { "line": 329, "column": 5 }
        },
        "line": 290
      },
      "30": {
        "name": "(anonymous_30)",
        "decl": {
          "start": { "line": 328, "column": 14 },
          "end": { "line": 328, "column": 15 }
        },
        "loc": {
          "start": { "line": 328, "column": 20 },
          "end": { "line": 328, "column": 53 }
        },
        "line": 328
      },
      "31": {
        "name": "(anonymous_31)",
        "decl": {
          "start": { "line": 332, "column": 4 },
          "end": { "line": 332, "column": 5 }
        },
        "loc": {
          "start": { "line": 332, "column": 11 },
          "end": { "line": 337, "column": 5 }
        },
        "line": 332
      },
      "32": {
        "name": "(anonymous_32)",
        "decl": {
          "start": { "line": 340, "column": 4 },
          "end": { "line": 340, "column": 5 }
        },
        "loc": {
          "start": { "line": 340, "column": 25 },
          "end": { "line": 360, "column": 5 }
        },
        "line": 340
      },
      "33": {
        "name": "(anonymous_33)",
        "decl": {
          "start": { "line": 362, "column": 4 },
          "end": { "line": 362, "column": 5 }
        },
        "loc": {
          "start": { "line": 362, "column": 17 },
          "end": { "line": 366, "column": 5 }
        },
        "line": 362
      },
      "34": {
        "name": "(anonymous_34)",
        "decl": {
          "start": { "line": 363, "column": 38 },
          "end": { "line": 363, "column": 39 }
        },
        "loc": {
          "start": { "line": 363, "column": 49 },
          "end": { "line": 365, "column": 7 }
        },
        "line": 363
      },
      "35": {
        "name": "(anonymous_35)",
        "decl": {
          "start": { "line": 368, "column": 4 },
          "end": { "line": 368, "column": 5 }
        },
        "loc": {
          "start": { "line": 368, "column": 28 },
          "end": { "line": 395, "column": 5 }
        },
        "line": 368
      },
      "36": {
        "name": "(anonymous_36)",
        "decl": {
          "start": { "line": 397, "column": 4 },
          "end": { "line": 397, "column": 5 }
        },
        "loc": {
          "start": { "line": 397, "column": 22 },
          "end": { "line": 434, "column": 5 }
        },
        "line": 397
      },
      "37": {
        "name": "(anonymous_37)",
        "decl": {
          "start": { "line": 436, "column": 4 },
          "end": { "line": 436, "column": 5 }
        },
        "loc": {
          "start": { "line": 436, "column": 50 },
          "end": { "line": 444, "column": 5 }
        },
        "line": 436
      },
      "38": {
        "name": "(anonymous_38)",
        "decl": {
          "start": { "line": 446, "column": 4 },
          "end": { "line": 446, "column": 5 }
        },
        "loc": {
          "start": { "line": 446, "column": 45 },
          "end": { "line": 480, "column": 5 }
        },
        "line": 446
      },
      "39": {
        "name": "(anonymous_39)",
        "decl": {
          "start": { "line": 451, "column": 50 },
          "end": { "line": 451, "column": 51 }
        },
        "loc": {
          "start": { "line": 451, "column": 60 },
          "end": { "line": 454, "column": 11 }
        },
        "line": 451
      },
      "40": {
        "name": "(anonymous_40)",
        "decl": {
          "start": { "line": 459, "column": 50 },
          "end": { "line": 459, "column": 51 }
        },
        "loc": {
          "start": { "line": 459, "column": 60 },
          "end": { "line": 462, "column": 11 }
        },
        "line": 459
      },
      "41": {
        "name": "(anonymous_41)",
        "decl": {
          "start": { "line": 469, "column": 50 },
          "end": { "line": 469, "column": 51 }
        },
        "loc": {
          "start": { "line": 469, "column": 60 },
          "end": { "line": 472, "column": 11 }
        },
        "line": 469
      },
      "42": {
        "name": "(anonymous_42)",
        "decl": {
          "start": { "line": 482, "column": 4 },
          "end": { "line": 482, "column": 5 }
        },
        "loc": {
          "start": { "line": 482, "column": 43 },
          "end": { "line": 517, "column": 5 }
        },
        "line": 482
      },
      "43": {
        "name": "(anonymous_43)",
        "decl": {
          "start": { "line": 488, "column": 50 },
          "end": { "line": 488, "column": 51 }
        },
        "loc": {
          "start": { "line": 488, "column": 60 },
          "end": { "line": 491, "column": 11 }
        },
        "line": 488
      },
      "44": {
        "name": "(anonymous_44)",
        "decl": {
          "start": { "line": 497, "column": 49 },
          "end": { "line": 497, "column": 50 }
        },
        "loc": {
          "start": { "line": 497, "column": 59 },
          "end": { "line": 501, "column": 9 }
        },
        "line": 497
      },
      "45": {
        "name": "(anonymous_45)",
        "decl": {
          "start": { "line": 506, "column": 48 },
          "end": { "line": 506, "column": 49 }
        },
        "loc": {
          "start": { "line": 506, "column": 58 },
          "end": { "line": 510, "column": 9 }
        },
        "line": 506
      },
      "46": {
        "name": "(anonymous_46)",
        "decl": {
          "start": { "line": 519, "column": 4 },
          "end": { "line": 519, "column": 5 }
        },
        "loc": {
          "start": { "line": 519, "column": 30 },
          "end": { "line": 530, "column": 5 }
        },
        "line": 519
      },
      "47": {
        "name": "(anonymous_47)",
        "decl": {
          "start": { "line": 532, "column": 4 },
          "end": { "line": 532, "column": 5 }
        },
        "loc": {
          "start": { "line": 532, "column": 50 },
          "end": { "line": 585, "column": 5 }
        },
        "line": 532
      },
      "48": {
        "name": "(anonymous_48)",
        "decl": {
          "start": { "line": 571, "column": 8 },
          "end": { "line": 571, "column": 9 }
        },
        "loc": {
          "start": { "line": 571, "column": 14 },
          "end": { "line": 574, "column": 9 }
        },
        "line": 571
      },
      "49": {
        "name": "(anonymous_49)",
        "decl": {
          "start": { "line": 587, "column": 4 },
          "end": { "line": 587, "column": 5 }
        },
        "loc": {
          "start": { "line": 587, "column": 10 },
          "end": { "line": 598, "column": 5 }
        },
        "line": 587
      },
      "50": {
        "name": "(anonymous_50)",
        "decl": {
          "start": { "line": 589, "column": 17 },
          "end": { "line": 589, "column": 18 }
        },
        "loc": {
          "start": { "line": 589, "column": 23 },
          "end": { "line": 597, "column": 7 }
        },
        "line": 589
      },
      "51": {
        "name": "(anonymous_51)",
        "decl": {
          "start": { "line": 591, "column": 19 },
          "end": { "line": 591, "column": 20 }
        },
        "loc": {
          "start": { "line": 591, "column": 25 },
          "end": { "line": 596, "column": 9 }
        },
        "line": 591
      },
      "52": {
        "name": "(anonymous_52)",
        "decl": {
          "start": { "line": 593, "column": 21 },
          "end": { "line": 593, "column": 22 }
        },
        "loc": {
          "start": { "line": 593, "column": 27 },
          "end": { "line": 595, "column": 11 }
        },
        "line": 593
      },
      "53": {
        "name": "(anonymous_53)",
        "decl": {
          "start": { "line": 600, "column": 4 },
          "end": { "line": 600, "column": 5 }
        },
        "loc": {
          "start": { "line": 600, "column": 16 },
          "end": { "line": 612, "column": 5 }
        },
        "line": 600
      },
      "54": {
        "name": "(anonymous_54)",
        "decl": {
          "start": { "line": 614, "column": 4 },
          "end": { "line": 614, "column": 5 }
        },
        "loc": {
          "start": { "line": 614, "column": 20 },
          "end": { "line": 636, "column": 5 }
        },
        "line": 614
      },
      "55": {
        "name": "(anonymous_55)",
        "decl": {
          "start": { "line": 617, "column": 19 },
          "end": { "line": 617, "column": 20 }
        },
        "loc": {
          "start": { "line": 617, "column": 29 },
          "end": { "line": 630, "column": 7 }
        },
        "line": 617
      },
      "56": {
        "name": "(anonymous_56)",
        "decl": {
          "start": { "line": 638, "column": 4 },
          "end": { "line": 638, "column": 5 }
        },
        "loc": {
          "start": { "line": 638, "column": 19 },
          "end": { "line": 658, "column": 5 }
        },
        "line": 638
      },
      "57": {
        "name": "(anonymous_57)",
        "decl": {
          "start": { "line": 660, "column": 4 },
[...]
        "line": 907
      },
      "118": {
        "loc": {
          "start": { "line": 912, "column": 6 },
          "end": { "line": 918, "column": 7 }
        },
        "type": "if",
        "locations": [
          {
            "start": { "line": 912, "column": 6 },
            "end": { "line": 918, "column": 7 }
          },
          { "start": {}, "end": {} }
        ],
        "line": 912
      },
      "119": {
        "loc": {
          "start": { "line": 913, "column": 8 },
          "end": { "line": 915, "column": 39 }
        },
        "type": "binary-expr",
        "locations": [
          {
            "start": { "line": 913, "column": 8 },
            "end": { "line": 913, "column": 36 }
          },
          {
            "start": { "line": 914, "column": 8 },
            "end": { "line": 914, "column": 41 }
          },
          {
            "start": { "line": 915, "column": 8 },
            "end": { "line": 915, "column": 39 }
          }
        ],
        "line": 913
      },
      "120": {
        "loc": {
          "start": { "line": 922, "column": 10 },
          "end": { "line": 924, "column": 11 }
        },
        "type": "if",
        "locations": [
          {
            "start": { "line": 922, "column": 10 },
            "end": { "line": 924, "column": 11 }
          },
          { "start": {}, "end": {} }
        ],
        "line": 922
      },
      "121": {
        "loc": {
          "start": { "line": 922, "column": 14 },
          "end": { "line": 922, "column": 67 }
        },
        "type": "binary-expr",
        "locations": [
          {
            "start": { "line": 922, "column": 14 },
            "end": { "line": 922, "column": 35 }
          },
          {
            "start": { "line": 922, "column": 39 },
            "end": { "line": 922, "column": 67 }
          }
        ],
        "line": 922
      },
      "122": {
        "loc": {
          "start": { "line": 925, "column": 10 },
          "end": { "line": 927, "column": 11 }
        },
        "type": "if",
        "locations": [
          {
            "start": { "line": 925, "column": 10 },
            "end": { "line": 927, "column": 11 }
          },
          { "start": {}, "end": {} }
        ],
        "line": 925
      },
      "123": {
        "loc": {
          "start": { "line": 925, "column": 14 },
          "end": { "line": 925, "column": 63 }
        },
        "type": "binary-expr",
        "locations": [
          {
            "start": { "line": 925, "column": 14 },
            "end": { "line": 925, "column": 33 }
          },
          {
            "start": { "line": 925, "column": 37 },
            "end": { "line": 925, "column": 63 }
          }
        ],
        "line": 925
      },
      "124": {
        "loc": {
          "start": { "line": 928, "column": 10 },
          "end": { "line": 930, "column": 11 }
        },
        "type": "if",
        "locations": [
          {
            "start": { "line": 928, "column": 10 },
            "end": { "line": 930, "column": 11 }
          },
          { "start": {}, "end": {} }
        ],
        "line": 928
      },
      "125": {
        "loc": {
          "start": { "line": 928, "column": 14 },
          "end": { "line": 928, "column": 71 }
        },
        "type": "binary-expr",
        "locations": [
          {
            "start": { "line": 928, "column": 14 },
            "end": { "line": 928, "column": 37 }
          },
          {
            "start": { "line": 928, "column": 41 },
            "end": { "line": 928, "column": 71 }
          }
        ],
        "line": 928
      },
      "126": {
        "loc": {
          "start": { "line": 954, "column": 8 },
          "end": { "line": 958, "column": 9 }
        },
        "type": "if",
        "locations": [
          {
            "start": { "line": 954, "column": 8 },
            "end": { "line": 958, "column": 9 }
          },
          { "start": {}, "end": {} }
        ],
        "line": 954
      },
      "127": {
        "loc": {
          "start": { "line": 959, "column": 8 },
          "end": { "line": 963, "column": 9 }
        },
        "type": "if",
        "locations": [
          {
            "start": { "line": 959, "column": 8 },
            "end": { "line": 963, "column": 9 }
          },
          { "start": {}, "end": {} }
        ],
        "line": 959
      },
      "128": {
        "loc": {
          "start": { "line": 964, "column": 8 },
          "end": { "line": 968, "column": 9 }
        },
        "type": "if",
        "locations": [
          {
            "start": { "line": 964, "column": 8 },
            "end": { "line": 968, "column": 9 }
          },
          { "start": {}, "end": {} }
        ],
        "line": 964
      },
      "129": {
        "loc": {
          "start": { "line": 970, "column": 8 },
          "end": { "line": 974, "column": 9 }
        },
        "type": "if",
        "locations": [
          {
            "start": { "line": 970, "column": 8 },
            "end": { "line": 974, "column": 9 }
          },
          {
            "start": { "line": 972, "column": 15 },
            "end": { "line": 974, "column": 9 }
          }
        ],
        "line": 970
      },
      "130": {
        "loc": {
          "start": { "line": 1061, "column": 2 },
          "end": { "line": 1063, "column": 3 }
        },
        "type": "if",
        "locations": [
          {
            "start": { "line": 1061, "column": 2 },
            "end": { "line": 1063, "column": 3 }
          },
          { "start": {}, "end": {} }
        ],
        "line": 1061
      },
      "131": {
        "loc": {
          "start": { "line": 1070, "column": 0 },
          "end": { "line": 1072, "column": 1 }
        },
        "type": "if",
        "locations": [
          {
            "start": { "line": 1070, "column": 0 },
            "end": { "line": 1072, "column": 1 }
          },
          { "start": {}, "end": {} }
        ],
        "line": 1070
      },
      "132": {
        "loc": {
          "start": { "line": 1070, "column": 4 },
          "end": { "line": 1070, "column": 51 }
        },
        "type": "binary-expr",
        "locations": [
          {
            "start": { "line": 1070, "column": 4 },
            "end": { "line": 1070, "column": 33 }
          },
          {
            "start": { "line": 1070, "column": 37 },
            "end": { "line": 1070, "column": 51 }
          }
        ],
        "line": 1070
      },
      "133": {
        "loc": {
          "start": { "line": 1075, "column": 2 },
          "end": { "line": 1085, "column": 3 }
        },
        "type": "if",
        "locations": [
          {
            "start": { "line": 1075, "column": 2 },
            "end": { "line": 1085, "column": 3 }
          },
          {
            "start": { "line": 1083, "column": 9 },
            "end": { "line": 1085, "column": 3 }
          }
        ],
        "line": 1075
      },
      "134": {
        "loc": {
          "start": { "line": 1076, "column": 4 },
          "end": { "line": 1082, "column": 5 }
        },
        "type": "if",
        "locations": [
          {
            "start": { "line": 1076, "column": 4 },
            "end": { "line": 1082, "column": 5 }
          },
          { "start": {}, "end": {} }
        ],
        "line": 1076
      }
    },
    "s": {
      "0": 65,
      "1": 65,
      "2": 65,
      "3": 0,
      "4": 65,
      "5": 65,
      "6": 65,
      "7": 65,
      "8": 0,
      "9": 0,
      "10": 65,
      "11": 0,
      "12": 65,
      "13": 65,
      "14": 1,
      "15": 1,
      "16": 2,
      "17": 1,
      "18": 0,
      "19": 1,
      "20": 0,
      "21": 1,
      "22": 1,
      "23": 1,
      "24": 0,
      "25": 1,
      "26": 1,
      "27": 2,
      "28": 1,
      "29": 1,
      "30": 1,
      "31": 1,
      "32": 1,
      "33": 1,
      "34": 2,
      "35": 0,
      "36": 0,
      "37": 0,
      "38": 0,
      "39": 0,
      "40": 0,
      "41": 0,
      "42": 0,
      "43": 0,
      "44": 0,
      "45": 0,
      "46": 0,
      "47": 0,
      "48": 2,
      "49": 1,
      "50": 1,
      "51": 1,
      "52": 1,
      "53": 0,
      "54": 1,
      "55": 1,
      "56": 1,
      "57": 1,
      "58": 0,
      "59": 0,
      "60": 0,
      "61": 0,
      "62": 0,
      "63": 0,
      "64": 0,
      "65": 0,
      "66": 0,
      "67": 0,
      "68": 0,
      "69": 0,
      "70": 0,
      "71": 0,
      "72": 0,
      "73": 0,
      "74": 0,
      "75": 0,
      "76": 0,
      "77": 65,
      "78": 0,
      "79": 0,
      "80": 0,
      "81": 0,
      "82": 0,
      "83": 0,
      "84": 0,
      "85": 0,
      "86": 0,
      "87": 0,
      "88": 0,
      "89": 0,
      "90": 0,
      "91": 0,
      "92": 0,
      "93": 65,
      "94": 0,
      "95": 0,
      "96": 0,
      "97": 0,
      "98": 0,
      "99": 0,
      "100": 0,
      "101": 0,
      "102": 0,
      "103": 0,
      "104": 0,
      "105": 0,
      "106": 0,
      "107": 0,
      "108": 0,
      "109": 0,
      "110": 0,
      "111": 0,
      "112": 0,
      "113": 0,
      "114": 0,
      "115": 0,
      "116": 1,
      "117": 1,
      "118": 1,
      "119": 0,
      "120": 0,
      "121": 0,
      "122": 0,
      "123": 0,
      "124": 0,
      "125": 0,
      "126": 0,
      "127": 0,
      "128": 0,
      "129": 66,
      "130": 66,
      "131": 66,
      "132": 330,
      "133": 330,
      "134": 137,
      "135": 137,
      "136": 66,
      "137": 66,
      "138": 66,
      "139": 66,
      "140": 66,
      "141": 66,
      "142": 66,
      "143": 66,
      "144": 66,
      "145": 66,
      "146": 66,
      "147": 66,
      "148": 66,
      "149": 20,
      "150": 20,
      "151": 20,
      "152": 20,
      "153": 11,
      "154": 2,
      "155": 2,
      "156": 11,
      "157": 7,
      "158": 7,
      "159": 0,
      "160": 0,
      "161": 0,
      "162": 4,
      "163": 9,
      "164": 9,
      "165": 3,
      "166": 6,
      "167": 3,
      "168": 3,
      "169": 0,
      "170": 0,
      "171": 0,
      "172": 0,
      "173": 0,
      "174": 0,
      "175": 0,
      "176": 0,
      "177": 0,
      "178": 0,
      "179": 0,
      "180": 0,
      "181": 0,
      "182": 0,
      "183": 0,
      "184": 0,
      "185": 0,
      "186": 0,
      "187": 0,
      "188": 0,
      "189": 0,
      "190": 0,
      "191": 0,
      "192": 0,
      "193": 0,
      "194": 0,
      "195": 0,
      "196": 0,
      "197": 0,
      "198": 0,
      "199": 0,
      "200": 0,
      "201": 0,
      "202": 0,
      "203": 0,
      "204": 0,
      "205": 0,
      "206": 0,
      "207": 0,
      "208": 0,
      "209": 0,
      "210": 0,
      "211": 0,
      "212": 0,
      "213": 0,
      "214": 0,
      "215": 0,
      "216": 0,
      "217": 0,
      "218": 0,
      "219": 0,
      "220": 0,
      "221": 0,
      "222": 0,
      "223": 0,
      "224": 1,
      "225": 1,
      "226": 1,
      "227": 1,
      "228": 1,
      "229": 1,
      "230": 1,
      "231": 1,
      "232": 1,
      "233": 1,
      "234": 1,
      "235": 1,
      "236": 1,
      "237": 1,
      "238": 1,
      "239": 1,
      "240": 1,
      "241": 1,
      "242": 1,
      "243": 1,
      "244": 1,
      "245": 0,
      "246": 0,
      "247": 1,
      "248": 1,
      "249": 1,
      "250": 1,
      "251": 0,
      "252": 0,
      "253": 0,
      "254": 0,
      "255": 0,
      "256": 0,
      "257": 0,
      "258": 70,
      "259": 70,
      "260": 70,
      "261": 70,
      "262": 280,
      "263": 280,
      "264": 2520,
      "265": 280,
      "266": 1120,
      "267": 14,
      "268": 14,
      "269": 14,
      "270": 31,
      "271": 0,
      "272": 31,
      "273": 31,
      "274": 7,
      "275": 24,
      "276": 8,
      "277": 16,
      "278": 14,
      "279": 14,
      "280": 14,
      "281": 5,
      "282": 5,
      "283": 14,
      "284": 0,
      "285": 0,
      "286": 0,
      "287": 0,
      "288": 0,
      "289": 0,
      "290": 0,
      "291": 0,
      "292": 0,
      "293": 0,
      "294": 0,
      "295": 0,
      "296": 0,
      "297": 0,
      "298": 0,
      "299": 0,
      "300": 0,
      "301": 0,
      "302": 0,
      "303": 0,
      "304": 0,
      "305": 0,
      "306": 0,
      "307": 0,
      "308": 0,
      "309": 0,
      "310": 0,
      "311": 0,
      "312": 0,
      "313": 0,
      "314": 0,
      "315": 0,
      "316": 0,
      "317": 0,
      "318": 0,
      "319": 0,
      "320": 0,
      "321": 0,
      "322": 0,
      "323": 0,
      "324": 0,
      "325": 0,
      "326": 0,
      "327": 0,
      "328": 0,
      "329": 0,
      "330": 0,
      "331": 0,
      "332": 0,
      "333": 0,
      "334": 0,
      "335": 0,
      "336": 0,
      "337": 0,
      "338": 0,
      "339": 0,
      "340": 0,
      "341": 0,
      "342": 0,
      "343": 0,
      "344": 0,
      "345": 0,
      "346": 0,
      "347": 0,
      "348": 65,
      "349": 0,
      "350": 65,
      "351": 65,
      "352": 65,
      "353": 65,
      "354": 65,
      "355": 390,
      "356": 65,
      "357": 65,
      "358": 65,
      "359": 65,
      "360": 65,
      "361": 65,
      "362": 65,
      "363": 65,
      "364": 65,
      "365": 65,
      "366": 65,
      "367": 65,
      "368": 325,
      "369": 65,
      "370": 325,
      "371": 325,
      "372": 325,
      "373": 325,
      "374": 325,
      "375": 325,
      "376": 325,
      "377": 1105,
      "378": 1105,
      "379": 1105,
      "380": 1105,
      "381": 325,
      "382": 0,
      "383": 325,
      "384": 325,
      "385": 0,
      "386": 0,
      "387": 0,
      "388": 0,
      "389": 0,
      "390": 0,
      "391": 0,
      "392": 0,
      "393": 0,
      "394": 0,
      "395": 0,
      "396": 0,
      "397": 0,
      "398": 0,
      "399": 0,
      "400": 0,
      "401": 0,
      "402": 0,
      "403": 0,
      "404": 0,
      "405": 0,
      "406": 0,
      "407": 0,
      "408": 0,
      "409": 0,
      "410": 0,
      "411": 0,
      "412": 0,
      "413": 0,
      "414": 0,
      "415": 0,
      "416": 0,
      "417": 0,
      "418": 0,
      "419": 0,
      "420": 0,
      "421": 0,
      "422": 0,
      "423": 0,
      "424": 0,
      "425": 0,
      "426": 0,
      "427": 0,
      "428": 0,
      "429": 0,
      "430": 0,
      "431": 0,
      "432": 0,
      "433": 0,
      "434": 0,
      "435": 0,
      "436": 0,
      "437": 0,
      "438": 0,
      "439": 0,
      "440": 0,
      "441": 0,
      "442": 0,
      "443": 0,
      "444": 0,
      "445": 0,
      "446": 0,
      "447": 0,
      "448": 0,
      "449": 0,
      "450": 0,
      "451": 0,
      "452": 0,
      "453": 0,
      "454": 0,
      "455": 0,
      "456": 0,
      "457": 0,
      "458": 0,
      "459": 0,
      "460": 0,
      "461": 0,
      "462": 0,
      "463": 0,
      "464": 0,
      "465": 0,
      "466": 0,
      "467": 0,
      "468": 0,
      "469": 0,
      "470": 0,
      "471": 0,
      "472": 0,
      "473": 0,
      "474": 0,
      "475": 0,
      "476": 0,
      "477": 0,
      "478": 0,
      "479": 0,
      "480": 65,
      "481": 65,
      "482": 65,
      "483": 65,
      "484": 65,
      "485": 65,
      "486": 65,
      "487": 65,
      "488": 65,
      "489": 65,
      "490": 65,
      "491": 65,
      "492": 65,
      "493": 65,
      "494": 65,
      "495": 65,
      "496": 65,
      "497": 65,
      "498": 65,
      "499": 65,
      "500": 65,
      "501": 65,
      "502": 65,
      "503": 65,
      "504": 65,
      "505": 65,
      "506": 65,
      "507": 65,
      "508": 65,
      "509": 65,
      "510": 65,
      "511": 65,
      "512": 65,
      "513": 65,
      "514": 65,
      "515": 65,
      "516": 65,
      "517": 0,
      "518": 65,
      "519": 1,
      "520": 1,
      "521": 1,
      "522": 0,
      "523": 0,
      "524": 0,
      "525": 0
    },
    "f": {
      "0": 65,
      "1": 0,
      "2": 0,
      "3": 0,
      "4": 0,
      "5": 1,
      "6": 2,
      "7": 1,
      "8": 2,
      "9": 2,
      "10": 0,
      "11": 1,
      "12": 1,
      "13": 0,
      "14": 0,
      "15": 0,
      "16": 0,
      "17": 0,
      "18": 0,
      "19": 0,
      "20": 0,
      "21": 0,
      "22": 0,
      "23": 0,
      "24": 0,
      "25": 0,
      "26": 0,
      "27": 0,
      "28": 0,
      "29": 0,
      "30": 0,
      "31": 1,
      "32": 0,
      "33": 0,
      "34": 0,
      "35": 66,
      "36": 20,
      "37": 0,
      "38": 0,
      "39": 0,
      "40": 0,
      "41": 0,
      "42": 0,
      "43": 0,
      "44": 0,
      "45": 0,
      "46": 0,
      "47": 1,
      "48": 0,
      "49": 0,
      "50": 0,
      "51": 0,
      "52": 0,
      "53": 70,
      "54": 14,
      "55": 31,
      "56": 0,
      "57": 0,
      "58": 0,
      "59": 0,
      "60": 0,
      "61": 0,
      "62": 0,
      "63": 65,
      "64": 390,
      "65": 65,
      "66": 325,
      "67": 0,
      "68": 0,
      "69": 0,
      "70": 0,
      "71": 0,
      "72": 0,
      "73": 0,
      "74": 0,
      "75": 65,
      "76": 65,
      "77": 65,
      "78": 0
    },
    "b": {
      "0": [0, 0],
      "1": [1, 0],
      "2": [1, 1],
      "3": [0, 1],
      "4": [1, 0],
      "5": [0, 1],
      "6": [0, 1],
      "7": [1, 1],
      "8": [2, 1, 1],
      "9": [0, 2],
      "10": [2, 0, 0],
      "11": [0, 0],
      "12": [1, 0],
      "13": [1, 1],
      "14": [1, 0],
      "15": [0, 0],
      "16": [0, 0],
      "17": [0, 0],
      "18": [0, 0],
      "19": [0, 0],
      "20": [0, 0],
      "21": [0, 0],
      "22": [0, 0],
      "23": [0, 0],
      "24": [0, 0],
      "25": [0, 0, 0],
      "26": [0, 0],
      "27": [0, 0],
      "28": [1, 0],
      "29": [0, 0],
      "30": [0, 0],
      "31": [66, 0],
      "32": [66, 0],
      "33": [66, 0],
      "34": [66, 0],
      "35": [11, 9],
      "36": [2, 9],
      "37": [11, 7],
      "38": [7, 4],
      "39": [7, 0],
      "40": [9, 0],
      "41": [3, 6],
      "42": [3, 3],
      "43": [0, 0],
      "44": [0, 0],
      "45": [0, 0],
      "46": [0, 0],
      "47": [0, 0],
      "48": [0, 0],
      "49": [0, 0],
      "50": [0, 0],
      "51": [0, 0],
      "52": [0, 0],
      "53": [0, 0],
      "54": [0, 0],
      "55": [0, 0, 0],
      "56": [0, 0],
      "57": [0, 0, 0],
      "58": [0, 0],
      "59": [0, 0],
      "60": [0, 0],
      "61": [0, 0],
      "62": [0, 0],
      "63": [1, 0],
      "64": [0, 31],
      "65": [7, 24],
      "66": [31, 7],
      "67": [8, 16],
      "68": [14, 2],
      "69": [19, 6],
      "70": [0, 0],
      "71": [0, 0],
      "72": [0, 0],
      "73": [0, 0],
      "74": [0],
      "75": [0],
      "76": [0, 0],
      "77": [0, 0],
      "78": [0, 0],
      "79": [0, 0],
      "80": [0, 0],
      "81": [0, 0],
      "82": [0, 0],
      "83": [0, 0],
      "84": [0, 0],
      "85": [0, 0],
      "86": [0, 0],
      "87": [0, 0],
      "88": [0, 0],
      "89": [0, 0],
      "90": [0, 0],
      "91": [0, 65],
      "92": [65, 0],
      "93": [65, 0],
      "94": [65, 0],
      "95": [65, 0],
      "96": [325, 0],
      "97": [0, 0],
      "98": [0, 0],
      "99": [0, 0],
      "100": [0, 0],
      "101": [0, 0],
      "102": [0, 0],
      "103": [0, 0],
      "104": [0, 0],
      "105": [0, 0],
      "106": [0, 0],
      "107": [0, 0],
      "108": [0, 0],
      "109": [0, 0],
      "110": [0, 0],
      "111": [0, 0],
      "112": [0, 0],
      "113": [0, 0],
      "114": [0, 0],
      "115": [0, 0],
      "116": [0, 0],
      "117": [0, 0],
      "118": [0, 0],
      "119": [0, 0, 0],
      "120": [0, 0],
      "121": [0, 0],
      "122": [0, 0],
      "123": [0, 0],
      "124": [0, 0],
      "125": [0, 0],
      "126": [0, 0],
      "127": [0, 0],
      "128": [0, 0],
      "129": [0, 0],
      "130": [0, 65],
      "131": [1, 0],
      "132": [1, 1],
      "133": [0, 0],
      "134": [0, 0]
    },
    "_coverageSchema": "1a1c01bbd47fc00a2c39e90264f33305004495a9",
    "hash": "f8d83708269c3ff79fcddcaa84af184445f9a687"
  }
}
