{
  "E:\\ANDIARS-ARCHIVE\\ANDIAR KULIAH\\PSO\\Project Final KELASS\\BlackJackJs-master\\BlackJackJs-master\\js\\game.js": {
    "path": "E:\\ANDIARS-ARCHIVE\\ANDIAR KULIAH\\PSO\\Project Final KELASS\\BlackJackJs-master\\BlackJackJs-master\\js\\game.js",
    "statementMap": {
      "0": {
        "start": { "line": 10, "column": 16 },
        "end": { "line": 10, "column": 44 }
      },
      "1": {
        "start": { "line": 12, "column": 2 },
        "end": { "line": 742, "column": 4 }
      },
      "2": {
        "start": { "line": 23, "column": 51 },
        "end": { "line": 23, "column": 63 }
      },
      "3": {
        "start": { "line": 24, "column": 53 },
        "end": { "line": 24, "column": 67 }
      },
      "4": {
        "start": { "line": 25, "column": 51 },
        "end": { "line": 25, "column": 60 }
      },
      "5": {
        "start": { "line": 26, "column": 58 },
        "end": { "line": 26, "column": 73 }
      },
      "6": {
        "start": { "line": 27, "column": 54 },
        "end": { "line": 27, "column": 69 }
      },
      "7": {
        "start": { "line": 28, "column": 53 },
        "end": { "line": 28, "column": 68 }
      },
      "8": {
        "start": { "line": 29, "column": 57 },
        "end": { "line": 29, "column": 69 }
      },
      "9": {
        "start": { "line": 50, "column": 6 },
        "end": { "line": 52, "column": 9 }
      },
      "10": {
        "start": { "line": 51, "column": 8 },
        "end": { "line": 51, "column": 30 }
      },
      "11": {
        "start": { "line": 58, "column": 8 },
        "end": { "line": 62, "column": 10 }
      },
      "12": {
        "start": { "line": 63, "column": 8 },
        "end": { "line": 63, "column": 26 }
      },
      "13": {
        "start": { "line": 64, "column": 8 },
        "end": { "line": 64, "column": 25 }
      },
      "14": {
        "start": { "line": 65, "column": 8 },
        "end": { "line": 65, "column": 67 }
      },
      "15": {
        "start": { "line": 66, "column": 8 },
        "end": { "line": 66, "column": 34 }
      },
      "16": {
        "start": { "line": 71, "column": 24 },
        "end": { "line": 75, "column": 7 }
      },
      "17": {
        "start": { "line": 76, "column": 6 },
        "end": { "line": 76, "column": 33 }
      },
      "18": {
        "start": { "line": 77, "column": 6 },
        "end": { "line": 77, "column": 24 }
      },
      "19": {
        "start": { "line": 78, "column": 6 },
        "end": { "line": 78, "column": 65 }
      },
      "20": {
        "start": { "line": 79, "column": 6 },
        "end": { "line": 79, "column": 32 }
      },
      "21": {
        "start": { "line": 80, "column": 6 },
        "end": { "line": 82, "column": 76 }
      },
      "22": {
        "start": { "line": 86, "column": 6 },
        "end": { "line": 88, "column": 8 }
      },
      "23": {
        "start": { "line": 87, "column": 8 },
        "end": { "line": 87, "column": 51 }
      },
      "24": {
        "start": { "line": 89, "column": 6 },
        "end": { "line": 94, "column": 8 }
      },
      "25": {
        "start": { "line": 95, "column": 6 },
        "end": { "line": 95, "column": 24 }
      },
      "26": {
        "start": { "line": 99, "column": 6 },
        "end": { "line": 99, "column": 32 }
      },
      "27": {
        "start": { "line": 100, "column": 27 },
        "end": { "line": 104, "column": 7 }
      },
      "28": {
        "start": { "line": 105, "column": 6 },
        "end": { "line": 105, "column": 40 }
      },
      "29": {
        "start": { "line": 106, "column": 6 },
        "end": { "line": 106, "column": 55 }
      },
      "30": {
        "start": { "line": 107, "column": 6 },
        "end": { "line": 107, "column": 46 }
      },
      "31": {
        "start": { "line": 108, "column": 6 },
        "end": { "line": 108, "column": 52 }
      },
      "32": {
        "start": { "line": 109, "column": 6 },
        "end": { "line": 109, "column": 69 }
      },
      "33": {
        "start": { "line": 111, "column": 26 },
        "end": { "line": 111, "column": 29 }
      },
      "34": {
        "start": { "line": 112, "column": 30 },
        "end": { "line": 112, "column": 68 }
      },
      "35": {
        "start": { "line": 113, "column": 27 },
        "end": { "line": 119, "column": 22 }
      },
      "36": {
        "start": { "line": 118, "column": 14 },
        "end": { "line": 118, "column": 26 }
      },
      "37": {
        "start": { "line": 121, "column": 6 },
        "end": { "line": 121, "column": 49 }
      },
      "38": {
        "start": { "line": 125, "column": 20 },
        "end": { "line": 131, "column": 7 }
      },
      "39": {
        "start": { "line": 132, "column": 31 },
        "end": { "line": 132, "column": 73 }
      },
      "40": {
        "start": { "line": 134, "column": 6 },
        "end": { "line": 140, "column": 7 }
      },
      "41": {
        "start": { "line": 135, "column": 26 },
        "end": { "line": 135, "column": 48 }
      },
      "42": {
        "start": { "line": 136, "column": 8 },
        "end": { "line": 139, "column": 9 }
      },
      "43": {
        "start": { "line": 137, "column": 10 },
        "end": { "line": 137, "column": 29 }
      },
      "44": {
        "start": { "line": 138, "column": 10 },
        "end": { "line": 138, "column": 25 }
      },
      "45": {
        "start": { "line": 142, "column": 6 },
        "end": { "line": 142, "column": 19 }
      },
      "46": {
        "start": { "line": 146, "column": 20 },
        "end": { "line": 146, "column": 44 }
      },
      "47": {
        "start": { "line": 148, "column": 6 },
        "end": { "line": 151, "column": 7 }
      },
      "48": {
        "start": { "line": 149, "column": 8 },
        "end": { "line": 149, "column": 21 }
      },
      "49": {
        "start": { "line": 150, "column": 8 },
        "end": { "line": 150, "column": 25 }
      },
      "50": {
        "start": { "line": 152, "column": 6 },
        "end": { "line": 155, "column": 7 }
      },
      "51": {
        "start": { "line": 153, "column": 8 },
        "end": { "line": 153, "column": 22 }
      },
      "52": {
        "start": { "line": 154, "column": 8 },
        "end": { "line": 154, "column": 25 }
      },
      "53": {
        "start": { "line": 156, "column": 6 },
        "end": { "line": 159, "column": 7 }
      },
      "54": {
        "start": { "line": 157, "column": 8 },
        "end": { "line": 157, "column": 22 }
      },
      "55": {
        "start": { "line": 158, "column": 8 },
        "end": { "line": 158, "column": 23 }
      },
      "56": {
        "start": { "line": 160, "column": 6 },
        "end": { "line": 163, "column": 7 }
      },
      "57": {
        "start": { "line": 161, "column": 8 },
        "end": { "line": 161, "column": 20 }
      },
      "58": {
        "start": { "line": 162, "column": 8 },
        "end": { "line": 162, "column": 25 }
      },
      "59": {
        "start": { "line": 165, "column": 6 },
        "end": { "line": 165, "column": 19 }
      },
      "60": {
        "start": { "line": 169, "column": 29 },
        "end": { "line": 169, "column": 53 }
      },
      "61": {
        "start": { "line": 171, "column": 22 },
        "end": { "line": 171, "column": 42 }
      },
      "62": {
        "start": { "line": 172, "column": 6 },
        "end": { "line": 174, "column": 65 }
      },
      "63": {
        "start": { "line": 175, "column": 6 },
        "end": { "line": 175, "column": 39 }
      },
      "64": {
        "start": { "line": 177, "column": 25 },
        "end": { "line": 177, "column": 28 }
      },
      "65": {
        "start": { "line": 178, "column": 26 },
        "end": { "line": 178, "column": 29 }
      },
      "66": {
        "start": { "line": 179, "column": 20 },
        "end": { "line": 179, "column": 40 }
      },
      "67": {
        "start": { "line": 180, "column": 25 },
        "end": { "line": 180, "column": 66 }
      },
      "68": {
        "start": { "line": 181, "column": 6 },
        "end": { "line": 185, "column": 58 }
      },
      "69": {
        "start": { "line": 186, "column": 6 },
        "end": { "line": 186, "column": 54 }
      },
      "70": {
        "start": { "line": 187, "column": 6 },
        "end": { "line": 187, "column": 56 }
      },
      "71": {
        "start": { "line": 188, "column": 6 },
        "end": { "line": 188, "column": 62 }
      },
      "72": {
        "start": { "line": 189, "column": 6 },
        "end": { "line": 189, "column": 37 }
      },
      "73": {
        "start": { "line": 191, "column": 25 },
        "end": { "line": 195, "column": 7 }
      },
      "74": {
        "start": { "line": 196, "column": 6 },
        "end": { "line": 196, "column": 38 }
      },
      "75": {
        "start": { "line": 197, "column": 6 },
        "end": { "line": 197, "column": 45 }
      },
      "76": {
        "start": { "line": 198, "column": 6 },
        "end": { "line": 198, "column": 44 }
      },
      "77": {
        "start": { "line": 199, "column": 6 },
        "end": { "line": 199, "column": 34 }
      },
      "78": {
        "start": { "line": 200, "column": 6 },
        "end": { "line": 200, "column": 68 }
      },
      "79": {
        "start": { "line": 201, "column": 6 },
        "end": { "line": 201, "column": 42 }
      },
      "80": {
        "start": { "line": 203, "column": 29 },
        "end": { "line": 212, "column": 22 }
      },
      "81": {
        "start": { "line": 209, "column": 10 },
        "end": { "line": 209, "column": 44 }
      },
      "82": {
        "start": { "line": 210, "column": 10 },
        "end": { "line": 210, "column": 23 }
      },
      "83": {
        "start": { "line": 213, "column": 6 },
        "end": { "line": 213, "column": 46 }
      },
      "84": {
        "start": { "line": 215, "column": 6 },
        "end": { "line": 215, "column": 31 }
      },
      "85": {
        "start": { "line": 216, "column": 6 },
        "end": { "line": 216, "column": 37 }
      },
      "86": {
        "start": { "line": 217, "column": 6 },
        "end": { "line": 221, "column": 8 }
      },
      "87": {
        "start": { "line": 225, "column": 6 },
        "end": { "line": 225, "column": 32 }
      },
      "88": {
        "start": { "line": 226, "column": 6 },
        "end": { "line": 226, "column": 53 }
      },
      "89": {
        "start": { "line": 227, "column": 6 },
        "end": { "line": 227, "column": 33 }
      },
      "90": {
        "start": { "line": 229, "column": 21 },
        "end": { "line": 235, "column": 7 }
      },
      "91": {
        "start": { "line": 237, "column": 6 },
        "end": { "line": 237, "column": 44 }
      },
      "92": {
        "start": { "line": 239, "column": 6 },
        "end": { "line": 243, "column": 9 }
      },
      "93": {
        "start": { "line": 240, "column": 8 },
        "end": { "line": 242, "column": 9 }
      },
      "94": {
        "start": { "line": 241, "column": 10 },
        "end": { "line": 241, "column": 77 }
      },
      "95": {
        "start": { "line": 244, "column": 6 },
        "end": { "line": 246, "column": 9 }
      },
      "96": {
        "start": { "line": 245, "column": 8 },
        "end": { "line": 245, "column": 56 }
      },
      "97": {
        "start": { "line": 248, "column": 6 },
        "end": { "line": 289, "column": 7 }
      },
      "98": {
        "start": { "line": 249, "column": 8 },
        "end": { "line": 249, "column": 73 }
      },
      "99": {
        "start": { "line": 250, "column": 8 },
        "end": { "line": 250, "column": 65 }
      },
      "100": {
        "start": { "line": 251, "column": 8 },
        "end": { "line": 251, "column": 77 }
      },
      "101": {
        "start": { "line": 252, "column": 8 },
        "end": { "line": 252, "column": 21 }
      },
      "102": {
        "start": { "line": 254, "column": 8 },
        "end": { "line": 254, "column": 55 }
      },
      "103": {
        "start": { "line": 255, "column": 26 },
        "end": { "line": 259, "column": 9 }
      },
      "104": {
        "start": { "line": 260, "column": 8 },
        "end": { "line": 260, "column": 31 }
      },
      "105": {
        "start": { "line": 261, "column": 8 },
        "end": { "line": 261, "column": 68 }
      },
      "106": {
        "start": { "line": 263, "column": 26 },
        "end": { "line": 263, "column": 41 }
      },
      "107": {
        "start": { "line": 264, "column": 8 },
        "end": { "line": 264, "column": 65 }
      },
      "108": {
        "start": { "line": 265, "column": 8 },
        "end": { "line": 265, "column": 26 }
      },
      "109": {
        "start": { "line": 267, "column": 28 },
        "end": { "line": 267, "column": 31 }
      },
      "110": {
        "start": { "line": 268, "column": 32 },
        "end": { "line": 268, "column": 70 }
      },
      "111": {
        "start": { "line": 270, "column": 29 },
        "end": { "line": 285, "column": 24 }
      },
      "112": {
        "start": { "line": 276, "column": 12 },
        "end": { "line": 276, "column": 71 }
      },
      "113": {
        "start": { "line": 277, "column": 12 },
        "end": { "line": 277, "column": 76 }
      },
      "114": {
        "start": { "line": 278, "column": 12 },
        "end": { "line": 278, "column": 62 }
      },
      "115": {
        "start": { "line": 279, "column": 12 },
        "end": { "line": 282, "column": 14 }
      },
      "116": {
        "start": { "line": 283, "column": 12 },
        "end": { "line": 283, "column": 25 }
      },
      "117": {
        "start": { "line": 287, "column": 8 },
        "end": { "line": 287, "column": 73 }
      },
      "118": {
        "start": { "line": 288, "column": 8 },
        "end": { "line": 288, "column": 44 }
      },
      "119": {
        "start": { "line": 293, "column": 6 },
        "end": { "line": 297, "column": 8 }
      },
      "120": {
        "start": { "line": 298, "column": 6 },
        "end": { "line": 298, "column": 32 }
      },
      "121": {
        "start": { "line": 299, "column": 6 },
        "end": { "line": 299, "column": 31 }
      },
      "122": {
        "start": { "line": 300, "column": 6 },
        "end": { "line": 300, "column": 72 }
      },
      "123": {
        "start": { "line": 301, "column": 6 },
        "end": { "line": 301, "column": 39 }
      },
      "124": {
        "start": { "line": 302, "column": 6 },
        "end": { "line": 304, "column": 7 }
      },
      "125": {
        "start": { "line": 303, "column": 8 },
        "end": { "line": 303, "column": 48 }
      },
      "126": {
        "start": { "line": 305, "column": 6 },
        "end": { "line": 305, "column": 26 }
      },
      "127": {
        "start": { "line": 306, "column": 6 },
        "end": { "line": 306, "column": 30 }
      },
      "128": {
        "start": { "line": 307, "column": 6 },
        "end": { "line": 307, "column": 23 }
      },
      "129": {
        "start": { "line": 308, "column": 6 },
        "end": { "line": 308, "column": 24 }
      },
      "130": {
        "start": { "line": 309, "column": 6 },
        "end": { "line": 309, "column": 22 }
      },
      "131": {
        "start": { "line": 313, "column": 6 },
        "end": { "line": 320, "column": 7 }
      },
      "132": {
        "start": { "line": 314, "column": 8 },
        "end": { "line": 314, "column": 31 }
      },
      "133": {
        "start": { "line": 315, "column": 8 },
        "end": { "line": 315, "column": 29 }
      },
      "134": {
        "start": { "line": 316, "column": 8 },
        "end": { "line": 316, "column": 36 }
      },
      "135": {
        "start": { "line": 317, "column": 8 },
        "end": { "line": 317, "column": 19 }
      },
      "136": {
        "start": { "line": 318, "column": 13 },
        "end": { "line": 320, "column": 7 }
      },
      "137": {
        "start": { "line": 319, "column": 8 },
        "end": { "line": 319, "column": 42 }
      },
      "138": {
        "start": { "line": 324, "column": 6 },
        "end": { "line": 324, "column": 50 }
      },
      "139": {
        "start": { "line": 325, "column": 6 },
        "end": { "line": 325, "column": 30 }
      },
      "140": {
        "start": { "line": 326, "column": 6 },
        "end": { "line": 326, "column": 28 }
      },
      "141": {
        "start": { "line": 327, "column": 6 },
        "end": { "line": 327, "column": 31 }
      },
      "142": {
        "start": { "line": 328, "column": 6 },
        "end": { "line": 328, "column": 29 }
      },
      "143": {
        "start": { "line": 329, "column": 6 },
        "end": { "line": 329, "column": 23 }
      },
      "144": {
        "start": { "line": 330, "column": 6 },
        "end": { "line": 330, "column": 31 }
      },
      "145": {
        "start": { "line": 331, "column": 6 },
        "end": { "line": 331, "column": 29 }
      },
      "146": {
        "start": { "line": 332, "column": 6 },
        "end": { "line": 332, "column": 21 }
      },
      "147": {
        "start": { "line": 333, "column": 6 },
        "end": { "line": 333, "column": 23 }
      },
      "148": {
        "start": { "line": 334, "column": 6 },
        "end": { "line": 334, "column": 57 }
      },
      "149": {
        "start": { "line": 335, "column": 6 },
        "end": { "line": 335, "column": 24 }
      },
      "150": {
        "start": { "line": 336, "column": 6 },
        "end": { "line": 336, "column": 22 }
      },
      "151": {
        "start": { "line": 337, "column": 6 },
        "end": { "line": 337, "column": 21 }
      },
      "152": {
        "start": { "line": 338, "column": 6 },
        "end": { "line": 338, "column": 46 }
      },
      "153": {
        "start": { "line": 339, "column": 6 },
        "end": { "line": 339, "column": 48 }
      },
      "154": {
        "start": { "line": 340, "column": 6 },
        "end": { "line": 340, "column": 44 }
      },
      "155": {
        "start": { "line": 342, "column": 6 },
        "end": { "line": 342, "column": 37 }
      },
      "156": {
        "start": { "line": 344, "column": 6 },
        "end": { "line": 350, "column": 7 }
      },
      "157": {
        "start": { "line": 349, "column": 8 },
        "end": { "line": 349, "column": 35 }
      },
      "158": {
        "start": { "line": 354, "column": 6 },
        "end": { "line": 354, "column": 60 }
      },
      "159": {
        "start": { "line": 355, "column": 6 },
        "end": { "line": 355, "column": 36 }
      },
      "160": {
        "start": { "line": 356, "column": 6 },
        "end": { "line": 364, "column": 14 }
      },
      "161": {
        "start": { "line": 357, "column": 8 },
        "end": { "line": 357, "column": 38 }
      },
      "162": {
        "start": { "line": 358, "column": 8 },
        "end": { "line": 363, "column": 16 }
      },
      "163": {
        "start": { "line": 359, "column": 10 },
        "end": { "line": 359, "column": 38 }
      },
      "164": {
        "start": { "line": 360, "column": 10 },
        "end": { "line": 362, "column": 18 }
      },
      "165": {
        "start": { "line": 361, "column": 12 },
        "end": { "line": 361, "column": 46 }
      },
      "166": {
        "start": { "line": 368, "column": 6 },
        "end": { "line": 378, "column": 7 }
      },
      "167": {
        "start": { "line": 368, "column": 19 },
        "end": { "line": 368, "column": 20 }
      },
      "168": {
        "start": { "line": 369, "column": 8 },
        "end": { "line": 377, "column": 9 }
      },
      "169": {
        "start": { "line": 370, "column": 10 },
        "end": { "line": 372, "column": 11 }
      },
      "170": {
        "start": { "line": 370, "column": 23 },
        "end": { "line": 370, "column": 24 }
      },
      "171": {
        "start": { "line": 371, "column": 12 },
        "end": { "line": 371, "column": 46 }
      },
      "172": {
        "start": { "line": 374, "column": 10 },
        "end": { "line": 376, "column": 11 }
      },
      "173": {
        "start": { "line": 375, "column": 12 },
        "end": { "line": 375, "column": 46 }
      },
      "174": {
        "start": { "line": 382, "column": 18 },
        "end": { "line": 382, "column": 19 }
      },
      "175": {
        "start": { "line": 383, "column": 17 },
        "end": { "line": 383, "column": 18 }
      },
      "176": {
        "start": { "line": 385, "column": 6 },
        "end": { "line": 396, "column": 9 }
      },
      "177": {
        "start": { "line": 386, "column": 8 },
        "end": { "line": 388, "column": 9 }
      },
      "178": {
        "start": { "line": 387, "column": 10 },
        "end": { "line": 387, "column": 30 }
      },
      "179": {
        "start": { "line": 389, "column": 8 },
        "end": { "line": 391, "column": 9 }
      },
      "180": {
        "start": { "line": 390, "column": 10 },
        "end": { "line": 390, "column": 22 }
      },
      "181": {
        "start": { "line": 392, "column": 8 },
        "end": { "line": 395, "column": 9 }
      },
      "182": {
        "start": { "line": 393, "column": 10 },
        "end": { "line": 393, "column": 22 }
      },
      "183": {
        "start": { "line": 394, "column": 10 },
        "end": { "line": 394, "column": 17 }
      },
      "184": {
        "start": { "line": 398, "column": 6 },
        "end": { "line": 401, "column": 7 }
      },
      "185": {
        "start": { "line": 399, "column": 8 },
        "end": { "line": 399, "column": 20 }
      },
      "186": {
        "start": { "line": 400, "column": 8 },
        "end": { "line": 400, "column": 15 }
      },
      "187": {
        "start": { "line": 403, "column": 6 },
        "end": { "line": 403, "column": 19 }
      },
      "188": {
        "start": { "line": 407, "column": 25 },
        "end": { "line": 407, "column": 37 }
      },
      "189": {
        "start": { "line": 408, "column": 26 },
        "end": { "line": 408, "column": 38 }
      },
      "190": {
        "start": { "line": 409, "column": 27 },
        "end": { "line": 409, "column": 31 }
      },
      "191": {
        "start": { "line": 411, "column": 6 },
        "end": { "line": 428, "column": 7 }
      },
      "192": {
        "start": { "line": 412, "column": 8 },
        "end": { "line": 415, "column": 9 }
      },
      "193": {
        "start": { "line": 413, "column": 10 },
        "end": { "line": 413, "column": 48 }
      },
      "194": {
        "start": { "line": 414, "column": 10 },
        "end": { "line": 414, "column": 49 }
      },
      "195": {
        "start": { "line": 417, "column": 8 },
        "end": { "line": 425, "column": 9 }
      },
      "196": {
        "start": { "line": 418, "column": 10 },
        "end": { "line": 424, "column": 11 }
      },
      "197": {
        "start": { "line": 419, "column": 12 },
        "end": { "line": 419, "column": 25 }
      },
      "198": {
        "start": { "line": 421, "column": 12 },
        "end": { "line": 421, "column": 51 }
      },
      "199": {
        "start": { "line": 422, "column": 12 },
        "end": { "line": 422, "column": 51 }
      },
      "200": {
        "start": { "line": 423, "column": 12 },
        "end": { "line": 423, "column": 24 }
      },
      "201": {
        "start": { "line": 427, "column": 8 },
        "end": { "line": 427, "column": 20 }
      },
      "202": {
        "start": { "line": 430, "column": 6 },
        "end": { "line": 440, "column": 7 }
      },
      "203": {
        "start": { "line": 431, "column": 8 },
        "end": { "line": 433, "column": 9 }
      },
      "204": {
        "start": { "line": 432, "column": 10 },
        "end": { "line": 432, "column": 23 }
      },
      "205": {
        "start": { "line": 435, "column": 8 },
        "end": { "line": 439, "column": 9 }
      },
      "206": {
        "start": { "line": 436, "column": 10 },
        "end": { "line": 436, "column": 22 }
      },
      "207": {
        "start": { "line": 438, "column": 10 },
        "end": { "line": 438, "column": 23 }
      },
      "208": {
        "start": { "line": 442, "column": 6 },
        "end": { "line": 442, "column": 18 }
      },
      "209": {
        "start": { "line": 446, "column": 29 },
        "end": { "line": 446, "column": 43 }
      },
      "210": {
        "start": { "line": 448, "column": 6 },
        "end": { "line": 452, "column": 7 }
      },
      "211": {
        "start": { "line": 449, "column": 8 },
        "end": { "line": 449, "column": 66 }
      },
      "212": {
        "start": { "line": 451, "column": 8 },
        "end": { "line": 451, "column": 64 }
      },
      "213": {
        "start": { "line": 456, "column": 27 },
        "end": { "line": 456, "column": 54 }
      },
      "214": {
        "start": { "line": 458, "column": 6 },
        "end": { "line": 486, "column": 7 }
      },
      "215": {
        "start": { "line": 459, "column": 8 },
        "end": { "line": 475, "column": 9 }
      },
      "216": {
        "start": { "line": 460, "column": 28 },
        "end": { "line": 463, "column": 12 }
      },
      "217": {
        "start": { "line": 461, "column": 26 },
        "end": { "line": 461, "column": 56 }
      },
      "218": {
        "start": { "line": 462, "column": 12 },
        "end": { "line": 462, "column": 30 }
      },
      "219": {
        "start": { "line": 464, "column": 10 },
        "end": { "line": 466, "column": 11 }
      },
      "220": {
        "start": { "line": 465, "column": 12 },
        "end": { "line": 465, "column": 60 }
      },
      "221": {
        "start": { "line": 467, "column": 15 },
        "end": { "line": 475, "column": 9 }
      },
      "222": {
        "start": { "line": 468, "column": 28 },
        "end": { "line": 471, "column": 12 }
      },
      "223": {
        "start": { "line": 469, "column": 26 },
        "end": { "line": 469, "column": 56 }
      },
      "224": {
        "start": { "line": 470, "column": 12 },
        "end": { "line": 470, "column": 46 }
      },
      "225": {
        "start": { "line": 472, "column": 10 },
        "end": { "line": 474, "column": 11 }
      },
      "226": {
        "start": { "line": 473, "column": 12 },
        "end": { "line": 473, "column": 60 }
      },
      "227": {
        "start": { "line": 477, "column": 8 },
        "end": { "line": 485, "column": 9 }
      },
      "228": {
        "start": { "line": 478, "column": 28 },
        "end": { "line": 481, "column": 12 }
      },
      "229": {
        "start": { "line": 479, "column": 26 },
        "end": { "line": 479, "column": 56 }
      },
      "230": {
        "start": { "line": 480, "column": 12 },
        "end": { "line": 480, "column": 45 }
      },
      "231": {
        "start": { "line": 482, "column": 10 },
        "end": { "line": 484, "column": 11 }
      },
      "232": {
        "start": { "line": 483, "column": 12 },
        "end": { "line": 483, "column": 60 }
      },
      "233": {
        "start": { "line": 488, "column": 6 },
        "end": { "line": 488, "column": 64 }
      },
      "234": {
        "start": { "line": 492, "column": 24 },
        "end": { "line": 492, "column": 49 }
      },
      "235": {
        "start": { "line": 493, "column": 26 },
        "end": { "line": 493, "column": 53 }
      },
      "236": {
        "start": { "line": 495, "column": 6 },
        "end": { "line": 523, "column": 7 }
      },
      "237": {
        "start": { "line": 496, "column": 8 },
        "end": { "line": 504, "column": 9 }
      },
      "238": {
        "start": { "line": 497, "column": 28 },
        "end": { "line": 500, "column": 12 }
      },
      "239": {
        "start": { "line": 498, "column": 26 },
        "end": { "line": 498, "column": 56 }
      },
      "240": {
        "start": { "line": 499, "column": 12 },
        "end": { "line": 499, "column": 42 }
      },
      "241": {
        "start": { "line": 501, "column": 10 },
        "end": { "line": 503, "column": 11 }
      },
      "242": {
        "start": { "line": 502, "column": 12 },
        "end": { "line": 502, "column": 60 }
      },
      "243": {
        "start": { "line": 506, "column": 27 },
        "end": { "line": 510, "column": 10 }
      },
      "244": {
        "start": { "line": 507, "column": 24 },
        "end": { "line": 507, "column": 54 }
      },
      "245": {
        "start": { "line": 508, "column": 27 },
        "end": { "line": 508, "column": 44 }
      },
      "246": {
        "start": { "line": 509, "column": 10 },
        "end": { "line": 509, "column": 76 }
      },
      "247": {
        "start": { "line": 511, "column": 8 },
        "end": { "line": 513, "column": 9 }
      },
      "248": {
        "start": { "line": 512, "column": 10 },
        "end": { "line": 512, "column": 60 }
      },
      "249": {
        "start": { "line": 515, "column": 26 },
        "end": { "line": 519, "column": 10 }
      },
      "250": {
        "start": { "line": 516, "column": 24 },
        "end": { "line": 516, "column": 54 }
      },
      "251": {
        "start": { "line": 517, "column": 27 },
        "end": { "line": 517, "column": 44 }
      },
      "252": {
        "start": { "line": 518, "column": 10 },
        "end": { "line": 518, "column": 77 }
      },
      "253": {
        "start": { "line": 520, "column": 8 },
        "end": { "line": 522, "column": 9 }
      },
      "254": {
        "start": { "line": 521, "column": 10 },
        "end": { "line": 521, "column": 58 }
      },
      "255": {
        "start": { "line": 525, "column": 6 },
        "end": { "line": 525, "column": 64 }
      },
      "256": {
        "start": { "line": 529, "column": 6 },
        "end": { "line": 531, "column": 7 }
      },
      "257": {
        "start": { "line": 530, "column": 8 },
        "end": { "line": 530, "column": 26 }
      },
      "258": {
        "start": { "line": 532, "column": 6 },
        "end": { "line": 534, "column": 7 }
      },
      "259": {
        "start": { "line": 533, "column": 8 },
        "end": { "line": 533, "column": 18 }
      },
      "260": {
        "start": { "line": 535, "column": 6 },
        "end": { "line": 537, "column": 7 }
      },
      "261": {
        "start": { "line": 536, "column": 8 },
        "end": { "line": 536, "column": 18 }
      },
      "262": {
        "start": { "line": 538, "column": 6 },
        "end": { "line": 538, "column": 15 }
      },
      "263": {
        "start": { "line": 542, "column": 24 },
        "end": { "line": 542, "column": 46 }
      },
      "264": {
        "start": { "line": 545, "column": 6 },
        "end": { "line": 550, "column": 7 }
      },
      "265": {
        "start": { "line": 546, "column": 8 },
        "end": { "line": 546, "column": 53 }
      },
      "266": {
        "start": { "line": 548, "column": 22 },
        "end": { "line": 548, "column": 51 }
      },
      "267": {
        "start": { "line": 549, "column": 8 },
        "end": { "line": 549, "column": 32 }
      },
      "268": {
        "start": { "line": 552, "column": 6 },
        "end": { "line": 554, "column": 7 }
      },
      "269": {
        "start": { "line": 553, "column": 8 },
        "end": { "line": 553, "column": 27 }
      },
      "270": {
        "start": { "line": 556, "column": 6 },
        "end": { "line": 560, "column": 7 }
      },
      "271": {
        "start": { "line": 557, "column": 8 },
        "end": { "line": 557, "column": 29 }
      },
      "272": {
        "start": { "line": 558, "column": 13 },
        "end": { "line": 560, "column": 7 }
      },
      "273": {
        "start": { "line": 559, "column": 8 },
        "end": { "line": 559, "column": 31 }
      },
      "274": {
        "start": { "line": 562, "column": 24 },
        "end": { "line": 562, "column": 47 }
      },
      "275": {
        "start": { "line": 563, "column": 6 },
        "end": { "line": 563, "column": 37 }
      },
      "276": {
        "start": { "line": 565, "column": 6 },
        "end": { "line": 565, "column": 33 }
      },
      "277": {
        "start": { "line": 569, "column": 6 },
        "end": { "line": 574, "column": 55 }
      },
      "278": {
        "start": { "line": 572, "column": 10 },
        "end": { "line": 572, "column": 79 }
      },
      "279": {
        "start": { "line": 578, "column": 6 },
        "end": { "line": 583, "column": 7 }
      },
      "280": {
        "start": { "line": 579, "column": 8 },
        "end": { "line": 579, "column": 55 }
      },
      "281": {
        "start": { "line": 580, "column": 8 },
        "end": { "line": 580, "column": 37 }
      },
      "282": {
        "start": { "line": 581, "column": 8 },
        "end": { "line": 581, "column": 44 }
      },
      "283": {
        "start": { "line": 582, "column": 8 },
        "end": { "line": 582, "column": 36 }
      },
      "284": {
        "start": { "line": 584, "column": 6 },
        "end": { "line": 589, "column": 7 }
      },
      "285": {
        "start": { "line": 585, "column": 8 },
        "end": { "line": 585, "column": 57 }
      },
      "286": {
        "start": { "line": 586, "column": 8 },
        "end": { "line": 586, "column": 38 }
      },
      "287": {
        "start": { "line": 587, "column": 8 },
        "end": { "line": 587, "column": 46 }
      },
      "288": {
        "start": { "line": 588, "column": 8 },
        "end": { "line": 588, "column": 38 }
      },
      "289": {
        "start": { "line": 591, "column": 6 },
        "end": { "line": 591, "column": 34 }
      },
      "290": {
        "start": { "line": 592, "column": 25 },
        "end": { "line": 596, "column": 7 }
      },
      "291": {
        "start": { "line": 598, "column": 6 },
        "end": { "line": 598, "column": 74 }
      },
      "292": {
        "start": { "line": 600, "column": 6 },
        "end": { "line": 623, "column": 7 }
      },
      "293": {
        "start": { "line": 601, "column": 8 },
        "end": { "line": 601, "column": 25 }
      },
      "294": {
        "start": { "line": 602, "column": 8 },
        "end": { "line": 602, "column": 28 }
      },
      "295": {
        "start": { "line": 603, "column": 8 },
        "end": { "line": 603, "column": 49 }
      },
      "296": {
        "start": { "line": 604, "column": 8 },
        "end": { "line": 608, "column": 10 }
      },
      "297": {
        "start": { "line": 609, "column": 8 },
        "end": { "line": 609, "column": 36 }
      },
      "298": {
        "start": { "line": 610, "column": 13 },
        "end": { "line": 623, "column": 7 }
      },
      "299": {
        "start": { "line": 611, "column": 8 },
        "end": { "line": 611, "column": 27 }
      },
      "300": {
        "start": { "line": 612, "column": 8 },
        "end": { "line": 612, "column": 28 }
      },
      "301": {
        "start": { "line": 613, "column": 8 },
        "end": { "line": 613, "column": 51 }
      },
      "302": {
        "start": { "line": 614, "column": 8 },
        "end": { "line": 618, "column": 10 }
      },
      "303": {
        "start": { "line": 619, "column": 8 },
        "end": { "line": 619, "column": 38 }
      },
      "304": {
        "start": { "line": 620, "column": 8 },
        "end": { "line": 622, "column": 9 }
      },
      "305": {
        "start": { "line": 621, "column": 10 },
        "end": { "line": 621, "column": 24 }
      },
      "306": {
        "start": { "line": 627, "column": 6 },
        "end": { "line": 627, "column": 54 }
      },
      "307": {
        "start": { "line": 628, "column": 6 },
        "end": { "line": 628, "column": 35 }
      },
      "308": {
        "start": { "line": 629, "column": 6 },
        "end": { "line": 629, "column": 35 }
      },
      "309": {
        "start": { "line": 630, "column": 6 },
        "end": { "line": 630, "column": 43 }
      },
      "310": {
        "start": { "line": 632, "column": 6 },
        "end": { "line": 635, "column": 9 }
      },
      "311": {
        "start": { "line": 633, "column": 23 },
        "end": { "line": 633, "column": 39 }
      },
      "312": {
        "start": { "line": 634, "column": 8 },
        "end": { "line": 634, "column": 46 }
      },
      "313": {
        "start": { "line": 639, "column": 6 },
        "end": { "line": 648, "column": 7 }
      },
      "314": {
        "start": { "line": 640, "column": 8 },
        "end": { "line": 640, "column": 57 }
      },
      "315": {
        "start": { "line": 641, "column": 8 },
        "end": { "line": 641, "column": 38 }
      },
      "316": {
        "start": { "line": 642, "column": 8 },
        "end": { "line": 642, "column": 38 }
      },
      "317": {
        "start": { "line": 644, "column": 8 },
        "end": { "line": 644, "column": 59 }
      },
      "318": {
        "start": { "line": 645, "column": 8 },
        "end": { "line": 645, "column": 71 }
      },
      "319": {
        "start": { "line": 647, "column": 8 },
        "end": { "line": 647, "column": 50 }
      },
      "320": {
        "start": { "line": 650, "column": 19 },
        "end": { "line": 650, "column": 36 }
      },
      "321": {
        "start": { "line": 651, "column": 6 },
        "end": { "line": 682, "column": 7 }
      },
      "322": {
        "start": { "line": 652, "column": 8 },
        "end": { "line": 681, "column": 9 }
      },
      "323": {
        "start": { "line": 653, "column": 10 },
        "end": { "line": 678, "column": 11 }
      },
      "324": {
        "start": { "line": 653, "column": 23 },
        "end": { "line": 653, "column": 24 }
      },
      "325": {
        "start": { "line": 654, "column": 28 },
        "end": { "line": 654, "column": 77 }
      },
      "326": {
        "start": { "line": 655, "column": 12 },
        "end": { "line": 655, "column": 31 }
      },
      "327": {
        "start": { "line": 656, "column": 12 },
        "end": { "line": 656, "column": 31 }
      },
      "328": {
        "start": { "line": 657, "column": 12 },
        "end": { "line": 657, "column": 33 }
      },
      "329": {
        "start": { "line": 658, "column": 12 },
        "end": { "line": 658, "column": 34 }
      },
      "330": {
        "start": { "line": 659, "column": 12 },
        "end": { "line": 659, "column": 69 }
      },
      "331": {
        "start": { "line": 660, "column": 12 },
        "end": { "line": 660, "column": 52 }
      },
      "332": {
        "start": { "line": 661, "column": 12 },
        "end": { "line": 661, "column": 25 }
      },
      "333": {
        "start": { "line": 662, "column": 12 },
        "end": { "line": 677, "column": 13 }
      },
      "334": {
        "start": { "line": 663, "column": 14 },
        "end": { "line": 663, "column": 41 }
      },
      "335": {
        "start": { "line": 664, "column": 14 },
        "end": { "line": 668, "column": 17 }
      },
      "336": {
        "start": { "line": 665, "column": 16 },
        "end": { "line": 665, "column": 49 }
      },
      "337": {
        "start": { "line": 666, "column": 16 },
        "end": { "line": 666, "column": 49 }
      },
      "338": {
        "start": { "line": 667, "column": 16 },
        "end": { "line": 667, "column": 43 }
      },
      "339": {
        "start": { "line": 669, "column": 14 },
        "end": { "line": 673, "column": 17 }
      },
      "340": {
        "start": { "line": 670, "column": 16 },
        "end": { "line": 670, "column": 47 }
      },
      "341": {
        "start": { "line": 671, "column": 16 },
        "end": { "line": 671, "column": 47 }
      },
      "342": {
        "start": { "line": 672, "column": 16 },
        "end": { "line": 672, "column": 43 }
      },
      "343": {
        "start": { "line": 674, "column": 14 },
        "end": { "line": 676, "column": 16 }
      },
      "344": {
        "start": { "line": 675, "column": 16 },
        "end": { "line": 675, "column": 51 }
      },
      "345": {
        "start": { "line": 679, "column": 10 },
        "end": { "line": 679, "column": 22 }
      },
      "346": {
        "start": { "line": 680, "column": 10 },
        "end": { "line": 680, "column": 23 }
      },
      "347": {
        "start": { "line": 686, "column": 6 },
        "end": { "line": 688, "column": 7 }
      },
      "348": {
        "start": { "line": 687, "column": 8 },
        "end": { "line": 687, "column": 15 }
      },
      "349": {
        "start": { "line": 689, "column": 6 },
        "end": { "line": 689, "column": 24 }
      },
      "350": {
        "start": { "line": 690, "column": 6 },
        "end": { "line": 690, "column": 34 }
      },
      "351": {
        "start": { "line": 691, "column": 6 },
        "end": { "line": 693, "column": 8 }
      },
      "352": {
        "start": { "line": 694, "column": 6 },
        "end": { "line": 694, "column": 48 }
      },
      "353": {
        "start": { "line": 695, "column": 6 },
        "end": { "line": 695, "column": 48 }
      },
      "354": {
        "start": { "line": 696, "column": 6 },
        "end": { "line": 696, "column": 45 }
      },
      "355": {
        "start": { "line": 697, "column": 6 },
        "end": { "line": 701, "column": 8 }
      },
      "356": {
        "start": { "line": 702, "column": 20 },
        "end": { "line": 702, "column": 30 }
      },
      "357": {
        "start": { "line": 703, "column": 6 },
        "end": { "line": 703, "column": 45 }
      },
      "358": {
        "start": { "line": 704, "column": 6 },
        "end": { "line": 704, "column": 31 }
      },
      "359": {
        "start": { "line": 705, "column": 6 },
        "end": { "line": 705, "column": 45 }
      },
      "360": {
        "start": { "line": 706, "column": 6 },
        "end": { "line": 706, "column": 32 }
      },
      "361": {
        "start": { "line": 707, "column": 6 },
        "end": { "line": 707, "column": 29 }
      },
      "362": {
        "start": { "line": 708, "column": 6 },
        "end": { "line": 708, "column": 22 }
      },
      "363": {
        "start": { "line": 712, "column": 24 },
        "end": { "line": 712, "column": 49 }
      },
      "364": {
        "start": { "line": 713, "column": 26 },
        "end": { "line": 713, "column": 53 }
      },
      "365": {
        "start": { "line": 715, "column": 6 },
        "end": { "line": 717, "column": 7 }
      },
      "366": {
        "start": { "line": 716, "column": 8 },
        "end": { "line": 716, "column": 30 }
      },
      "367": {
        "start": { "line": 718, "column": 6 },
        "end": { "line": 720, "column": 7 }
      },
      "368": {
        "start": { "line": 719, "column": 8 },
        "end": { "line": 719, "column": 32 }
      },
      "369": {
        "start": { "line": 722, "column": 6 },
        "end": { "line": 728, "column": 7 }
      },
      "370": {
        "start": { "line": 723, "column": 8 },
        "end": { "line": 723, "column": 29 }
      },
      "371": {
        "start": { "line": 724, "column": 13 },
        "end": { "line": 728, "column": 7 }
      },
      "372": {
        "start": { "line": 725, "column": 8 },
        "end": { "line": 725, "column": 29 }
      },
      "373": {
        "start": { "line": 726, "column": 13 },
        "end": { "line": 728, "column": 7 }
      },
      "374": {
        "start": { "line": 727, "column": 8 },
        "end": { "line": 727, "column": 28 }
      },
      "375": {
        "start": { "line": 730, "column": 6 },
        "end": { "line": 740, "column": 7 }
      },
      "376": {
        "start": { "line": 731, "column": 8 },
        "end": { "line": 731, "column": 21 }
      },
      "377": {
        "start": { "line": 732, "column": 13 },
        "end": { "line": 740, "column": 7 }
      },
      "378": {
        "start": { "line": 733, "column": 8 },
        "end": { "line": 739, "column": 9 }
      },
      "379": {
        "start": { "line": 734, "column": 10 },
        "end": { "line": 734, "column": 23 }
      },
      "380": {
        "start": { "line": 735, "column": 15 },
        "end": { "line": 739, "column": 9 }
      },
      "381": {
        "start": { "line": 736, "column": 10 },
        "end": { "line": 736, "column": 24 }
      },
      "382": {
        "start": { "line": 738, "column": 10 },
        "end": { "line": 738, "column": 24 }
      },
      "383": {
        "start": { "line": 744, "column": 2 },
        "end": { "line": 772, "column": 4 }
      },
      "384": {
        "start": { "line": 750, "column": 6 },
        "end": { "line": 752, "column": 7 }
      },
      "385": {
        "start": { "line": 751, "column": 8 },
        "end": { "line": 751, "column": 73 }
      },
      "386": {
        "start": { "line": 754, "column": 6 },
        "end": { "line": 756, "column": 7 }
      },
      "387": {
        "start": { "line": 755, "column": 8 },
        "end": { "line": 755, "column": 69 }
      },
      "388": {
        "start": { "line": 758, "column": 20 },
        "end": { "line": 758, "column": 45 }
      },
      "389": {
        "start": { "line": 759, "column": 6 },
        "end": { "line": 770, "column": 7 }
      },
      "390": {
        "start": { "line": 760, "column": 8 },
        "end": { "line": 767, "column": 17 }
      },
      "391": {
        "start": { "line": 761, "column": 10 },
        "end": { "line": 761, "column": 38 }
      },
      "392": {
        "start": { "line": 762, "column": 10 },
        "end": { "line": 766, "column": 11 }
      },
      "393": {
        "start": { "line": 763, "column": 12 },
        "end": { "line": 763, "column": 48 }
      },
      "394": {
        "start": { "line": 763, "column": 29 },
        "end": { "line": 763, "column": 40 }
      },
      "395": {
        "start": { "line": 765, "column": 12 },
        "end": { "line": 765, "column": 48 }
      },
      "396": {
        "start": { "line": 765, "column": 29 },
        "end": { "line": 765, "column": 41 }
      },
      "397": {
        "start": { "line": 769, "column": 8 },
        "end": { "line": 769, "column": 44 }
      },
      "398": {
        "start": { "line": 769, "column": 25 },
        "end": { "line": 769, "column": 37 }
      },
      "399": {
        "start": { "line": 774, "column": 2 },
        "end": { "line": 963, "column": 4 }
      },
      "400": {
        "start": { "line": 789, "column": 8 },
        "end": { "line": 793, "column": 10 }
      },
      "401": {
        "start": { "line": 794, "column": 8 },
        "end": { "line": 794, "column": 26 }
      },
      "402": {
        "start": { "line": 795, "column": 8 },
        "end": { "line": 795, "column": 26 }
      },
      "403": {
        "start": { "line": 796, "column": 8 },
        "end": { "line": 796, "column": 67 }
      },
      "404": {
        "start": { "line": 797, "column": 8 },
        "end": { "line": 797, "column": 34 }
      },
      "405": {
        "start": { "line": 800, "column": 8 },
        "end": { "line": 800, "column": 38 }
      },
      "406": {
        "start": { "line": 814, "column": 6 },
        "end": { "line": 823, "column": 7 }
      },
      "407": {
        "start": { "line": 815, "column": 8 },
        "end": { "line": 819, "column": 9 }
      },
      "408": {
        "start": { "line": 816, "column": 10 },
        "end": { "line": 816, "column": 51 }
      },
      "409": {
        "start": { "line": 817, "column": 15 },
        "end": { "line": 819, "column": 9 }
      },
      "410": {
        "start": { "line": 818, "column": 10 },
        "end": { "line": 818, "column": 53 }
      },
      "411": {
        "start": { "line": 820, "column": 8 },
        "end": { "line": 820, "column": 38 }
      },
      "412": {
        "start": { "line": 822, "column": 8 },
        "end": { "line": 822, "column": 42 }
      },
      "413": {
        "start": { "line": 827, "column": 6 },
        "end": { "line": 829, "column": 7 }
      },
      "414": {
        "start": { "line": 828, "column": 8 },
        "end": { "line": 828, "column": 49 }
      },
      "415": {
        "start": { "line": 830, "column": 6 },
        "end": { "line": 830, "column": 29 }
      },
      "416": {
        "start": { "line": 831, "column": 6 },
        "end": { "line": 831, "column": 18 }
      },
      "417": {
        "start": { "line": 835, "column": 6 },
        "end": { "line": 847, "column": 7 }
      },
      "418": {
        "start": { "line": 840, "column": 8 },
        "end": { "line": 840, "column": 52 }
      },
      "419": {
        "start": { "line": 841, "column": 8 },
        "end": { "line": 841, "column": 37 }
      },
      "420": {
        "start": { "line": 842, "column": 8 },
        "end": { "line": 842, "column": 55 }
      },
      "421": {
        "start": { "line": 843, "column": 8 },
        "end": { "line": 843, "column": 32 }
      },
      "422": {
        "start": { "line": 844, "column": 8 },
        "end": { "line": 844, "column": 46 }
      },
      "423": {
        "start": { "line": 846, "column": 8 },
        "end": { "line": 846, "column": 48 }
      },
      "424": {
        "start": { "line": 851, "column": 6 },
        "end": { "line": 887, "column": 7 }
      },
      "425": {
        "start": { "line": 852, "column": 8 },
        "end": { "line": 884, "column": 9 }
      },
      "426": {
        "start": { "line": 853, "column": 10 },
        "end": { "line": 853, "column": 48 }
      },
      "427": {
        "start": { "line": 854, "column": 10 },
        "end": { "line": 854, "column": 30 }
      },
      "428": {
        "start": { "line": 855, "column": 10 },
        "end": { "line": 855, "column": 35 }
      },
      "429": {
        "start": { "line": 856, "column": 10 },
        "end": { "line": 856, "column": 26 }
      },
      "430": {
        "start": { "line": 857, "column": 10 },
        "end": { "line": 857, "column": 57 }
      },
      "431": {
        "start": { "line": 858, "column": 10 },
        "end": { "line": 858, "column": 23 }
      },
      "432": {
        "start": { "line": 859, "column": 10 },
        "end": { "line": 859, "column": 26 }
      },
      "433": {
        "start": { "line": 860, "column": 10 },
        "end": { "line": 873, "column": 11 }
      },
      "434": {
        "start": { "line": 861, "column": 12 },
        "end": { "line": 872, "column": 13 }
      },
      "435": {
        "start": { "line": 862, "column": 14 },
        "end": { "line": 871, "column": 15 }
      },
      "436": {
        "start": { "line": 862, "column": 27 },
        "end": { "line": 862, "column": 28 }
      },
      "437": {
        "start": { "line": 863, "column": 32 },
        "end": { "line": 865, "column": 17 }
      },
      "438": {
        "start": { "line": 866, "column": 16 },
        "end": { "line": 866, "column": 43 }
      },
      "439": {
        "start": { "line": 867, "column": 16 },
        "end": { "line": 867, "column": 43 }
      },
      "440": {
        "start": { "line": 868, "column": 16 },
        "end": { "line": 868, "column": 37 }
      },
      "441": {
        "start": { "line": 869, "column": 16 },
        "end": { "line": 869, "column": 37 }
      },
      "442": {
        "start": { "line": 870, "column": 16 },
        "end": { "line": 870, "column": 58 }
      },
      "443": {
        "start": { "line": 874, "column": 10 },
        "end": { "line": 880, "column": 11 }
      },
      "444": {
        "start": { "line": 875, "column": 12 },
        "end": { "line": 879, "column": 13 }
      },
      "445": {
        "start": { "line": 876, "column": 14 },
        "end": { "line": 878, "column": 15 }
      },
      "446": {
        "start": { "line": 877, "column": 16 },
        "end": { "line": 877, "column": 38 }
      },
      "447": {
        "start": { "line": 881, "column": 10 },
        "end": { "line": 881, "column": 36 }
      },
      "448": {
        "start": { "line": 883, "column": 10 },
        "end": { "line": 883, "column": 46 }
      },
      "449": {
        "start": { "line": 886, "column": 8 },
        "end": { "line": 886, "column": 45 }
      },
      "450": {
        "start": { "line": 891, "column": 6 },
        "end": { "line": 901, "column": 7 }
      },
      "451": {
        "start": { "line": 892, "column": 8 },
        "end": { "line": 892, "column": 45 }
      },
      "452": {
        "start": { "line": 893, "column": 8 },
        "end": { "line": 893, "column": 49 }
      },
      "453": {
        "start": { "line": 894, "column": 8 },
        "end": { "line": 894, "column": 55 }
      },
      "454": {
        "start": { "line": 895, "column": 8 },
        "end": { "line": 895, "column": 32 }
      },
      "455": {
        "start": { "line": 896, "column": 8 },
        "end": { "line": 896, "column": 23 }
      },
      "456": {
        "start": { "line": 897, "column": 8 },
        "end": { "line": 897, "column": 24 }
      },
      "457": {
        "start": { "line": 898, "column": 8 },
        "end": { "line": 898, "column": 19 }
      },
      "458": {
        "start": { "line": 900, "column": 8 },
        "end": { "line": 900, "column": 45 }
      },
      "459": {
        "start": { "line": 905, "column": 6 },
        "end": { "line": 908, "column": 7 }
      },
      "460": {
        "start": { "line": 906, "column": 8 },
        "end": { "line": 906, "column": 47 }
      },
      "461": {
        "start": { "line": 907, "column": 8 },
        "end": { "line": 907, "column": 47 }
      },
      "462": {
        "start": { "line": 909, "column": 6 },
        "end": { "line": 914, "column": 9 }
      },
      "463": {
        "start": { "line": 910, "column": 8 },
        "end": { "line": 910, "column": 35 }
      },
      "464": {
        "start": { "line": 911, "column": 8 },
        "end": { "line": 911, "column": 79 }
      },
      "465": {
        "start": { "line": 912, "column": 8 },
        "end": { "line": 912, "column": 19 }
      },
      "466": {
        "start": { "line": 913, "column": 8 },
        "end": { "line": 913, "column": 34 }
      },
      "467": {
        "start": { "line": 918, "column": 6 },
        "end": { "line": 920, "column": 7 }
      },
      "468": {
        "start": { "line": 919, "column": 8 },
        "end": { "line": 919, "column": 45 }
      },
      "469": {
        "start": { "line": 921, "column": 6 },
        "end": { "line": 923, "column": 7 }
      },
      "470": {
        "start": { "line": 922, "column": 8 },
        "end": { "line": 922, "column": 69 }
      },
      "471": {
        "start": { "line": 926, "column": 6 },
        "end": { "line": 930, "column": 7 }
      },
      "472": {
        "start": { "line": 927, "column": 8 },
        "end": { "line": 927, "column": 56 }
      },
      "473": {
        "start": { "line": 929, "column": 8 },
        "end": { "line": 929, "column": 38 }
      },
      "474": {
        "start": { "line": 932, "column": 6 },
        "end": { "line": 943, "column": 9 }
      },
      "475": {
        "start": { "line": 933, "column": 8 },
        "end": { "line": 933, "column": 36 }
      },
      "476": {
        "start": { "line": 934, "column": 8 },
        "end": { "line": 938, "column": 9 }
      },
      "477": {
        "start": { "line": 935, "column": 10 },
        "end": { "line": 935, "column": 47 }
      },
      "478": {
        "start": { "line": 936, "column": 10 },
        "end": { "line": 936, "column": 59 }
      },
      "479": {
        "start": { "line": 937, "column": 10 },
        "end": { "line": 937, "column": 36 }
      },
      "480": {
        "start": { "line": 939, "column": 8 },
        "end": { "line": 941, "column": 9 }
      },
      "481": {
        "start": { "line": 940, "column": 10 },
        "end": { "line": 940, "column": 29 }
      },
      "482": {
        "start": { "line": 942, "column": 8 },
        "end": { "line": 942, "column": 19 }
      },
      "483": {
        "start": { "line": 947, "column": 6 },
        "end": { "line": 956, "column": 9 }
      },
      "484": {
        "start": { "line": 948, "column": 8 },
        "end": { "line": 952, "column": 9 }
      },
      "485": {
        "start": { "line": 949, "column": 10 },
        "end": { "line": 949, "column": 47 }
      },
      "486": {
        "start": { "line": 950, "column": 10 },
        "end": { "line": 950, "column": 59 }
      },
      "487": {
        "start": { "line": 951, "column": 10 },
        "end": { "line": 951, "column": 36 }
      },
      "488": {
        "start": { "line": 953, "column": 8 },
        "end": { "line": 953, "column": 37 }
      },
      "489": {
        "start": { "line": 954, "column": 8 },
        "end": { "line": 954, "column": 34 }
      },
      "490": {
        "start": { "line": 955, "column": 8 },
        "end": { "line": 955, "column": 19 }
      },
      "491": {
        "start": { "line": 960, "column": 6 },
        "end": { "line": 960, "column": 60 }
      },
      "492": {
        "start": { "line": 961, "column": 6 },
        "end": { "line": 961, "column": 76 }
      },
      "493": {
        "start": { "line": 966, "column": 4 },
        "end": { "line": 966, "column": 19 }
      },
      "494": {
        "start": { "line": 969, "column": 2 },
        "end": { "line": 969, "column": 21 }
      },
      "495": {
        "start": { "line": 974, "column": 2 },
        "end": { "line": 974, "column": 32 }
      },
      "496": {
        "start": { "line": 978, "column": 0 },
        "end": { "line": 982, "column": 1 }
      },
      "497": {
        "start": { "line": 979, "column": 2 },
        "end": { "line": 979, "column": 46 }
      },
      "498": {
        "start": { "line": 980, "column": 7 },
        "end": { "line": 982, "column": 1 }
      },
      "499": {
        "start": { "line": 981, "column": 2 },
        "end": { "line": 981, "column": 21 }
      }
    },
    "fnMap": {
      "0": {
        "name": "init",
        "decl": {
          "start": { "line": 9, "column": 9 },
          "end": { "line": 9, "column": 13 }
        },
        "loc": {
          "start": { "line": 9, "column": 16 },
          "end": { "line": 970, "column": 1 }
        },
        "line": 9
      },
      "1": {
        "name": "(anonymous_1)",
        "decl": {
          "start": { "line": 23, "column": 45 },
          "end": { "line": 23, "column": 46 }
        },
        "loc": {
          "start": { "line": 23, "column": 51 },
          "end": { "line": 23, "column": 63 }
        },
        "line": 23
      },
      "2": {
        "name": "(anonymous_2)",
        "decl": {
          "start": { "line": 24, "column": 47 },
          "end": { "line": 24, "column": 48 }
        },
        "loc": {
          "start": { "line": 24, "column": 53 },
          "end": { "line": 24, "column": 67 }
        },
        "line": 24
      },
      "3": {
        "name": "(anonymous_3)",
        "decl": {
          "start": { "line": 25, "column": 45 },
          "end": { "line": 25, "column": 46 }
        },
        "loc": {
          "start": { "line": 25, "column": 51 },
          "end": { "line": 25, "column": 60 }
        },
        "line": 25
      },
      "4": {
        "name": "(anonymous_4)",
        "decl": {
          "start": { "line": 26, "column": 52 },
          "end": { "line": 26, "column": 53 }
        },
        "loc": {
          "start": { "line": 26, "column": 58 },
          "end": { "line": 26, "column": 73 }
        },
        "line": 26
      },
      "5": {
        "name": "(anonymous_5)",
        "decl": {
          "start": { "line": 27, "column": 48 },
          "end": { "line": 27, "column": 49 }
        },
        "loc": {
          "start": { "line": 27, "column": 54 },
          "end": { "line": 27, "column": 69 }
        },
        "line": 27
      },
      "6": {
        "name": "(anonymous_6)",
        "decl": {
          "start": { "line": 28, "column": 47 },
          "end": { "line": 28, "column": 48 }
        },
        "loc": {
          "start": { "line": 28, "column": 53 },
          "end": { "line": 28, "column": 68 }
        },
        "line": 28
      },
      "7": {
        "name": "(anonymous_7)",
        "decl": {
          "start": { "line": 29, "column": 51 },
          "end": { "line": 29, "column": 52 }
        },
        "loc": {
          "start": { "line": 29, "column": 57 },
          "end": { "line": 29, "column": 69 }
        },
        "line": 29
      },
      "8": {
        "name": "(anonymous_8)",
        "decl": {
          "start": { "line": 49, "column": 4 },
          "end": { "line": 49, "column": 5 }
        },
        "loc": {
          "start": { "line": 49, "column": 17 },
          "end": { "line": 53, "column": 5 }
        },
        "line": 49
      },
      "9": {
        "name": "(anonymous_9)",
        "decl": {
          "start": { "line": 50, "column": 38 },
          "end": { "line": 50, "column": 39 }
        },
        "loc": {
          "start": { "line": 50, "column": 49 },
          "end": { "line": 52, "column": 7 }
        },
        "line": 50
      },
      "10": {
        "name": "(anonymous_10)",
        "decl": {
          "start": { "line": 57, "column": 6 },
          "end": { "line": 57, "column": 7 }
        },
        "loc": {
          "start": { "line": 57, "column": 13 },
          "end": { "line": 67, "column": 7 }
        },
        "line": 57
      },
      "11": {
        "name": "(anonymous_11)",
        "decl": {
          "start": { "line": 70, "column": 4 },
          "end": { "line": 70, "column": 5 }
        },
        "loc": {
          "start": { "line": 70, "column": 16 },
          "end": { "line": 83, "column": 5 }
        },
        "line": 70
      },
      "12": {
        "name": "(anonymous_12)",
        "decl": {
          "start": { "line": 85, "column": 4 },
          "end": { "line": 85, "column": 5 }
        },
        "loc": {
          "start": { "line": 85, "column": 12 },
          "end": { "line": 96, "column": 5 }
        },
        "line": 85
      },
      "13": {
        "name": "(anonymous_13)",
        "decl": {
          "start": { "line": 86, "column": 45 },
          "end": { "line": 86, "column": 46 }
        },
        "loc": {
          "start": { "line": 87, "column": 8 },
          "end": { "line": 87, "column": 51 }
        },
        "line": 87
      },
      "14": {
        "name": "(anonymous_14)",
        "decl": {
          "start": { "line": 98, "column": 4 },
          "end": { "line": 98, "column": 5 }
        },
        "loc": {
          "start": { "line": 98, "column": 11 },
          "end": { "line": 122, "column": 5 }
        },
        "line": 98
      },
      "15": {
        "name": "(anonymous_15)",
        "decl": {
          "start": { "line": 118, "column": 8 },
          "end": { "line": 118, "column": 9 }
        },
        "loc": {
          "start": { "line": 118, "column": 14 },
          "end": { "line": 118, "column": 26 }
        },
        "line": 118
      },
      "16": {
        "name": "(anonymous_16)",
        "decl": {
          "start": { "line": 124, "column": 4 },
          "end": { "line": 124, "column": 5 }
        },
        "loc": {
          "start": { "line": 124, "column": 24 },
          "end": { "line": 143, "column": 5 }
        },
        "line": 124
      },
      "17": {
        "name": "(anonymous_17)",
        "decl": {
          "start": { "line": 145, "column": 4 },
          "end": { "line": 145, "column": 5 }
        },
        "loc": {
          "start": { "line": 145, "column": 28 },
          "end": { "line": 166, "column": 5 }
        },
        "line": 145
      },
      "18": {
        "name": "(anonymous_18)",
        "decl": {
          "start": { "line": 168, "column": 4 },
          "end": { "line": 168, "column": 5 }
        },
        "loc": {
          "start": { "line": 168, "column": 50 },
          "end": { "line": 222, "column": 5 }
        },
        "line": 168
      },
      "19": {
        "name": "(anonymous_19)",
        "decl": {
          "start": { "line": 208, "column": 8 },
          "end": { "line": 208, "column": 9 }
        },
        "loc": {
          "start": { "line": 208, "column": 14 },
          "end": { "line": 211, "column": 9 }
        },
        "line": 208
      },
      "20": {
        "name": "(anonymous_20)",
        "decl": {
          "start": { "line": 224, "column": 4 },
          "end": { "line": 224, "column": 5 }
        },
        "loc": {
          "start": { "line": 224, "column": 18 },
          "end": { "line": 290, "column": 5 }
        },
        "line": 224
      },
      "21": {
        "name": "(anonymous_21)",
        "decl": {
          "start": { "line": 239, "column": 36 },
          "end": { "line": 239, "column": 37 }
        },
        "loc": {
          "start": { "line": 239, "column": 47 },
          "end": { "line": 243, "column": 7 }
        },
        "line": 239
      },
      "22": {
        "name": "(anonymous_22)",
        "decl": {
          "start": { "line": 244, "column": 37 },
          "end": { "line": 244, "column": 38 }
        },
        "loc": {
          "start": { "line": 244, "column": 48 },
          "end": { "line": 246, "column": 7 }
        },
        "line": 244
      },
      "23": {
        "name": "(anonymous_23)",
        "decl": {
          "start": { "line": 275, "column": 10 },
          "end": { "line": 275, "column": 11 }
        },
        "loc": {
          "start": { "line": 275, "column": 16 },
          "end": { "line": 284, "column": 11 }
        },
        "line": 275
      },
      "24": {
        "name": "(anonymous_24)",
        "decl": {
          "start": { "line": 292, "column": 4 },
          "end": { "line": 292, "column": 5 }
        },
        "loc": {
          "start": { "line": 292, "column": 12 },
          "end": { "line": 310, "column": 5 }
        },
        "line": 292
      },
      "25": {
        "name": "(anonymous_25)",
        "decl": {
          "start": { "line": 312, "column": 4 },
          "end": { "line": 312, "column": 5 }
        },
        "loc": {
          "start": { "line": 312, "column": 9 },
          "end": { "line": 321, "column": 5 }
        },
        "line": 312
      },
      "26": {
        "name": "(anonymous_26)",
        "decl": {
          "start": { "line": 323, "column": 4 },
          "end": { "line": 323, "column": 5 }
        },
        "loc": {
          "start": { "line": 323, "column": 10 },
          "end": { "line": 351, "column": 5 }
        },
        "line": 323
      },
      "27": {
        "name": "(anonymous_27)",
        "decl": {
          "start": { "line": 353, "column": 4 },
          "end": { "line": 353, "column": 5 }
        },
        "loc": {
          "start": { "line": 353, "column": 10 },
          "end": { "line": 365, "column": 5 }
        },
        "line": 353
      },
      "28": {
        "name": "(anonymous_28)",
        "decl": {
          "start": { "line": 356, "column": 17 },
          "end": { "line": 356, "column": 18 }
        },
        "loc": {
          "start": { "line": 356, "column": 23 },
          "end": { "line": 364, "column": 7 }
        },
        "line": 356
      },
      "29": {
        "name": "(anonymous_29)",
        "decl": {
          "start": { "line": 358, "column": 19 },
          "end": { "line": 358, "column": 20 }
        },
        "loc": {
          "start": { "line": 358, "column": 25 },
          "end": { "line": 363, "column": 9 }
        },
        "line": 358
      },
      "30": {
        "name": "(anonymous_30)",
        "decl": {
          "start": { "line": 360, "column": 21 },
          "end": { "line": 360, "column": 22 }
        },
        "loc": {
          "start": { "line": 360, "column": 27 },
          "end": { "line": 362, "column": 11 }
        },
        "line": 360
      },
      "31": {
        "name": "(anonymous_31)",
        "decl": {
          "start": { "line": 367, "column": 4 },
          "end": { "line": 367, "column": 5 }
        },
        "loc": {
          "start": { "line": 367, "column": 16 },
          "end": { "line": 379, "column": 5 }
        },
        "line": 367
      },
      "32": {
        "name": "(anonymous_32)",
        "decl": {
          "start": { "line": 381, "column": 4 },
          "end": { "line": 381, "column": 5 }
        },
        "loc": {
          "start": { "line": 381, "column": 20 },
          "end": { "line": 404, "column": 5 }
        },
        "line": 381
      },
      "33": {
        "name": "(anonymous_33)",
        "decl": {
          "start": { "line": 385, "column": 19 },
          "end": { "line": 385, "column": 20 }
        },
        "loc": {
          "start": { "line": 385, "column": 29 },
          "end": { "line": 396, "column": 7 }
        },
        "line": 385
      },
      "34": {
        "name": "(anonymous_34)",
        "decl": {
          "start": { "line": 406, "column": 4 },
          "end": { "line": 406, "column": 5 }
        },
        "loc": {
          "start": { "line": 406, "column": 22 },
          "end": { "line": 443, "column": 5 }
        },
        "line": 406
      },
      "35": {
        "name": "(anonymous_35)",
        "decl": {
          "start": { "line": 445, "column": 4 },
          "end": { "line": 445, "column": 5 }
        },
        "loc": {
          "start": { "line": 445, "column": 50 },
          "end": { "line": 453, "column": 5 }
        },
        "line": 445
      },
      "36": {
        "name": "(anonymous_36)",
        "decl": {
          "start": { "line": 455, "column": 4 },
          "end": { "line": 455, "column": 5 }
        },
        "loc": {
          "start": { "line": 455, "column": 45 },
          "end": { "line": 489, "column": 5 }
        },
        "line": 455
      },
      "37": {
        "name": "(anonymous_37)",
        "decl": {
          "start": { "line": 460, "column": 50 },
          "end": { "line": 460, "column": 51 }
        },
        "loc": {
          "start": { "line": 460, "column": 60 },
          "end": { "line": 463, "column": 11 }
        },
        "line": 460
      },
      "38": {
        "name": "(anonymous_38)",
        "decl": {
          "start": { "line": 468, "column": 50 },
          "end": { "line": 468, "column": 51 }
        },
        "loc": {
          "start": { "line": 468, "column": 60 },
          "end": { "line": 471, "column": 11 }
        },
        "line": 468
      },
      "39": {
        "name": "(anonymous_39)",
        "decl": {
          "start": { "line": 478, "column": 50 },
          "end": { "line": 478, "column": 51 }
        },
        "loc": {
          "start": { "line": 478, "column": 60 },
          "end": { "line": 481, "column": 11 }
        },
        "line": 478
      },
      "40": {
        "name": "(anonymous_40)",
        "decl": {
          "start": { "line": 491, "column": 4 },
          "end": { "line": 491, "column": 5 }
        },
        "loc": {
          "start": { "line": 491, "column": 43 },
          "end": { "line": 526, "column": 5 }
        },
        "line": 491
      },
      "41": {
        "name": "(anonymous_41)",
        "decl": {
          "start": { "line": 497, "column": 50 },
          "end": { "line": 497, "column": 51 }
        },
        "loc": {
          "start": { "line": 497, "column": 60 },
          "end": { "line": 500, "column": 11 }
        },
        "line": 497
      },
      "42": {
        "name": "(anonymous_42)",
        "decl": {
          "start": { "line": 506, "column": 49 },
          "end": { "line": 506, "column": 50 }
        },
        "loc": {
          "start": { "line": 506, "column": 59 },
          "end": { "line": 510, "column": 9 }
        },
        "line": 506
      },
      "43": {
        "name": "(anonymous_43)",
        "decl": {
          "start": { "line": 515, "column": 48 },
          "end": { "line": 515, "column": 49 }
        },
        "loc": {
          "start": { "line": 515, "column": 58 },
          "end": { "line": 519, "column": 9 }
        },
        "line": 515
      },
      "44": {
        "name": "(anonymous_44)",
        "decl": {
          "start": { "line": 528, "column": 4 },
          "end": { "line": 528, "column": 5 }
        },
        "loc": {
          "start": { "line": 528, "column": 30 },
          "end": { "line": 539, "column": 5 }
        },
        "line": 528
      },
      "45": {
        "name": "(anonymous_45)",
        "decl": {
          "start": { "line": 541, "column": 4 },
          "end": { "line": 541, "column": 5 }
        },
        "loc": {
          "start": { "line": 541, "column": 39 },
          "end": { "line": 566, "column": 5 }
        },
        "line": 541
      },
      "46": {
        "name": "(anonymous_46)",
        "decl": {
          "start": { "line": 568, "column": 4 },
          "end": { "line": 568, "column": 5 }
        },
        "loc": {
          "start": { "line": 568, "column": 35 },
          "end": { "line": 575, "column": 5 }
        },
        "line": 568
      },
      "47": {
        "name": "(anonymous_47)",
        "decl": {
          "start": { "line": 571, "column": 14 },
          "end": { "line": 571, "column": 15 }
        },
        "loc": {
          "start": { "line": 571, "column": 20 },
          "end": { "line": 573, "column": 9 }
        },
        "line": 571
      },
      "48": {
        "name": "(anonymous_48)",
        "decl": {
          "start": { "line": 577, "column": 4 },
          "end": { "line": 577, "column": 5 }
        },
        "loc": {
          "start": { "line": 577, "column": 29 },
          "end": { "line": 624, "column": 5 }
        },
        "line": 577
      },
      "49": {
        "name": "(anonymous_49)",
        "decl": {
          "start": { "line": 626, "column": 4 },
          "end": { "line": 626, "column": 5 }
        },
        "loc": {
          "start": { "line": 626, "column": 17 },
          "end": { "line": 636, "column": 5 }
        },
        "line": 626
      },
      "50": {
        "name": "(anonymous_50)",
        "decl": {
          "start": { "line": 632, "column": 27 },
          "end": { "line": 632, "column": 28 }
        },
        "loc": {
          "start": { "line": 632, "column": 34 },
          "end": { "line": 635, "column": 7 }
        },
        "line": 632
      },
      "51": {
        "name": "(anonymous_51)",
        "decl": {
          "start": { "line": 638, "column": 4 },
          "end": { "line": 638, "column": 5 }
        },
        "loc": {
          "start": { "line": 638, "column": 15 },
          "end": { "line": 683, "column": 5 }
        },
        "line": 638
      },
      "52": {
        "name": "(anonymous_52)",
        "decl": {
          "start": { "line": 664, "column": 38 },
          "end": { "line": 664, "column": 39 }
        },
        "loc": {
          "start": { "line": 664, "column": 49 },
          "end": { "line": 668, "column": 15 }
        },
        "line": 664
      },
      "53": {
        "name": "(anonymous_53)",
        "decl": {
          "start": { "line": 669, "column": 37 },
          "end": { "line": 669, "column": 38 }
        },
        "loc": {
          "start": { "line": 669, "column": 48 },
          "end": { "line": 673, "column": 15 }
        },
        "line": 669
      },
      "54": {
        "name": "(anonymous_54)",
        "decl": {
          "start": { "line": 674, "column": 48 },
          "end": { "line": 674, "column": 49 }
        },
        "loc": {
          "start": { "line": 675, "column": 16 },
          "end": { "line": 675, "column": 51 }
        },
        "line": 675
      },
      "55": {
        "name": "(anonymous_55)",
        "decl": {
          "start": { "line": 685, "column": 4 },
          "end": { "line": 685, "column": 5 }
        },
        "loc": {
          "start": { "line": 685, "column": 20 },
          "end": { "line": 709, "column": 5 }
        },
        "line": 685
      },
      "56": {
        "name": "(anonymous_56)",
        "decl": {
          "start": { "line": 711, "column": 4 },
          "end": { "line": 711, "column": 5 }
        },
        "loc": {
          "start": { "line": 711, "column": 12 },
          "end": { "line": 741, "column": 5 }
        },
        "line": 711
      },
      "57": {
        "name": "(anonymous_57)",
        "decl": {
          "start": { "line": 749, "column": 4 },
          "end": { "line": 749, "column": 5 }
        },
        "loc": {
          "start": { "line": 749, "column": 11 },
          "end": { "line": 771, "column": 5 }
        },
        "line": 749
      },
      "58": {
        "name": "(anonymous_58)",
        "decl": {
          "start": { "line": 760, "column": 19 },
          "end": { "line": 760, "column": 20 }
        },
        "loc": {
          "start": { "line": 760, "column": 25 },
          "end": { "line": 767, "column": 9 }
        },
        "line": 760
      },
      "59": {
        "name": "(anonymous_59)",
        "decl": {
          "start": { "line": 763, "column": 23 },
          "end": { "line": 763, "column": 24 }
        },
        "loc": {
          "start": { "line": 763, "column": 29 },
          "end": { "line": 763, "column": 40 }
        },
        "line": 763
      },
      "60": {
        "name": "(anonymous_60)",
        "decl": {
          "start": { "line": 765, "column": 23 },
          "end": { "line": 765, "column": 24 }
        },
        "loc": {
          "start": { "line": 765, "column": 29 },
          "end": { "line": 765, "column": 41 }
        },
        "line": 765
      },
      "61": {
        "name": "(anonymous_61)",
        "decl": {
          "start": { "line": 769, "column": 19 },
          "end": { "line": 769, "column": 20 }
        },
        "loc": {
          "start": { "line": 769, "column": 25 },
          "end": { "line": 769, "column": 37 }
        },
        "line": 769
      },
      "62": {
        "name": "(anonymous_62)",
        "decl": {
          "start": { "line": 788, "column": 6 },
          "end": { "line": 788, "column": 7 }
        },
        "loc": {
          "start": { "line": 788, "column": 13 },
          "end": { "line": 798, "column": 7 }
        },
        "line": 788
      },
      "63": {
        "name": "(anonymous_63)",
        "decl": {
          "start": { "line": 799, "column": 6 },
          "end": { "line": 799, "column": 7 }
        },
        "loc": {
          "start": { "line": 799, "column": 15 },
          "end": { "line": 801, "column": 7 }
        },
        "line": 799
      },
      "64": {
        "name": "(anonymous_64)",
        "decl": {
          "start": { "line": 813, "column": 4 },
          "end": { "line": 813, "column": 5 }
        },
        "loc": {
          "start": { "line": 813, "column": 10 },
          "end": { "line": 824, "column": 5 }
        },
        "line": 813
      },
      "65": {
        "name": "(anonymous_65)",
        "decl": {
          "start": { "line": 826, "column": 4 },
          "end": { "line": 826, "column": 5 }
        },
        "loc": {
          "start": { "line": 826, "column": 12 },
          "end": { "line": 832, "column": 5 }
        },
        "line": 826
      },
      "66": {
        "name": "(anonymous_66)",
        "decl": {
          "start": { "line": 834, "column": 4 },
          "end": { "line": 834, "column": 5 }
        },
        "loc": {
          "start": { "line": 834, "column": 13 },
          "end": { "line": 848, "column": 5 }
        },
        "line": 834
      },
      "67": {
[...]
            "end": { "line": 884, "column": 9 }
          }
        ],
        "line": 852
      },
      "93": {
        "loc": {
          "start": { "line": 861, "column": 12 },
          "end": { "line": 872, "column": 13 }
        },
        "type": "if",
        "locations": [
          {
            "start": { "line": 861, "column": 12 },
            "end": { "line": 872, "column": 13 }
          },
          { "start": {}, "end": {} }
        ],
        "line": 861
      },
      "94": {
        "loc": {
          "start": { "line": 875, "column": 12 },
          "end": { "line": 879, "column": 13 }
        },
        "type": "if",
        "locations": [
          {
            "start": { "line": 875, "column": 12 },
            "end": { "line": 879, "column": 13 }
          },
          { "start": {}, "end": {} }
        ],
        "line": 875
      },
      "95": {
        "loc": {
          "start": { "line": 876, "column": 14 },
          "end": { "line": 878, "column": 15 }
        },
        "type": "if",
        "locations": [
          {
            "start": { "line": 876, "column": 14 },
            "end": { "line": 878, "column": 15 }
          },
          { "start": {}, "end": {} }
        ],
        "line": 876
      },
      "96": {
        "loc": {
          "start": { "line": 891, "column": 6 },
          "end": { "line": 901, "column": 7 }
        },
        "type": "if",
        "locations": [
          {
            "start": { "line": 891, "column": 6 },
            "end": { "line": 901, "column": 7 }
          },
          {
            "start": { "line": 899, "column": 13 },
            "end": { "line": 901, "column": 7 }
          }
        ],
        "line": 891
      },
      "97": {
        "loc": {
          "start": { "line": 891, "column": 10 },
          "end": { "line": 891, "column": 77 }
        },
        "type": "binary-expr",
        "locations": [
          {
            "start": { "line": 891, "column": 10 },
            "end": { "line": 891, "column": 25 }
          },
          {
            "start": { "line": 891, "column": 29 },
            "end": { "line": 891, "column": 51 }
          },
          {
            "start": { "line": 891, "column": 55 },
            "end": { "line": 891, "column": 77 }
          }
        ],
        "line": 891
      },
      "98": {
        "loc": {
          "start": { "line": 905, "column": 6 },
          "end": { "line": 908, "column": 7 }
        },
        "type": "if",
        "locations": [
          {
            "start": { "line": 905, "column": 6 },
            "end": { "line": 908, "column": 7 }
          },
          { "start": {}, "end": {} }
        ],
        "line": 905
      },
      "99": {
        "loc": {
          "start": { "line": 911, "column": 24 },
          "end": { "line": 911, "column": 78 }
        },
        "type": "cond-expr",
        "locations": [
          {
            "start": { "line": 911, "column": 43 },
            "end": { "line": 911, "column": 59 }
          },
          {
            "start": { "line": 911, "column": 62 },
            "end": { "line": 911, "column": 78 }
          }
        ],
        "line": 911
      },
      "100": {
        "loc": {
          "start": { "line": 918, "column": 6 },
          "end": { "line": 920, "column": 7 }
        },
        "type": "if",
        "locations": [
          {
            "start": { "line": 918, "column": 6 },
            "end": { "line": 920, "column": 7 }
          },
          { "start": {}, "end": {} }
        ],
        "line": 918
      },
      "101": {
        "loc": {
          "start": { "line": 921, "column": 6 },
          "end": { "line": 923, "column": 7 }
        },
        "type": "if",
        "locations": [
          {
            "start": { "line": 921, "column": 6 },
            "end": { "line": 923, "column": 7 }
          },
          { "start": {}, "end": {} }
        ],
        "line": 921
      },
      "102": {
        "loc": {
          "start": { "line": 921, "column": 10 },
          "end": { "line": 921, "column": 48 }
        },
        "type": "binary-expr",
        "locations": [
          {
            "start": { "line": 921, "column": 10 },
            "end": { "line": 921, "column": 22 }
          },
          {
            "start": { "line": 921, "column": 26 },
            "end": { "line": 921, "column": 48 }
          }
        ],
        "line": 921
      },
      "103": {
        "loc": {
          "start": { "line": 926, "column": 6 },
          "end": { "line": 930, "column": 7 }
        },
        "type": "if",
        "locations": [
          {
            "start": { "line": 926, "column": 6 },
            "end": { "line": 930, "column": 7 }
          },
          {
            "start": { "line": 928, "column": 13 },
            "end": { "line": 930, "column": 7 }
          }
        ],
        "line": 926
      },
      "104": {
        "loc": {
          "start": { "line": 934, "column": 8 },
          "end": { "line": 938, "column": 9 }
        },
        "type": "if",
        "locations": [
          {
            "start": { "line": 934, "column": 8 },
            "end": { "line": 938, "column": 9 }
          },
          { "start": {}, "end": {} }
        ],
        "line": 934
      },
      "105": {
        "loc": {
          "start": { "line": 934, "column": 12 },
          "end": { "line": 934, "column": 46 }
        },
        "type": "binary-expr",
        "locations": [
          {
            "start": { "line": 934, "column": 12 },
            "end": { "line": 934, "column": 26 }
          },
          {
            "start": { "line": 934, "column": 30 },
            "end": { "line": 934, "column": 46 }
          }
        ],
        "line": 934
      },
      "106": {
        "loc": {
          "start": { "line": 939, "column": 8 },
          "end": { "line": 941, "column": 9 }
        },
        "type": "if",
        "locations": [
          {
            "start": { "line": 939, "column": 8 },
            "end": { "line": 941, "column": 9 }
          },
          { "start": {}, "end": {} }
        ],
        "line": 939
      },
      "107": {
        "loc": {
          "start": { "line": 948, "column": 8 },
          "end": { "line": 952, "column": 9 }
        },
        "type": "if",
        "locations": [
          {
            "start": { "line": 948, "column": 8 },
            "end": { "line": 952, "column": 9 }
          },
          { "start": {}, "end": {} }
        ],
        "line": 948
      },
      "108": {
        "loc": {
          "start": { "line": 948, "column": 12 },
          "end": { "line": 948, "column": 46 }
        },
        "type": "binary-expr",
        "locations": [
          {
            "start": { "line": 948, "column": 12 },
            "end": { "line": 948, "column": 26 }
          },
          {
            "start": { "line": 948, "column": 30 },
            "end": { "line": 948, "column": 46 }
          }
        ],
        "line": 948
      },
      "109": {
        "loc": {
          "start": { "line": 978, "column": 0 },
          "end": { "line": 982, "column": 1 }
        },
        "type": "if",
        "locations": [
          {
            "start": { "line": 978, "column": 0 },
            "end": { "line": 982, "column": 1 }
          },
          {
            "start": { "line": 980, "column": 7 },
            "end": { "line": 982, "column": 1 }
          }
        ],
        "line": 978
      },
      "110": {
        "loc": {
          "start": { "line": 978, "column": 4 },
          "end": { "line": 978, "column": 51 }
        },
        "type": "binary-expr",
        "locations": [
          {
            "start": { "line": 978, "column": 4 },
            "end": { "line": 978, "column": 33 }
          },
          {
            "start": { "line": 978, "column": 37 },
            "end": { "line": 978, "column": 51 }
          }
        ],
        "line": 978
      },
      "111": {
        "loc": {
          "start": { "line": 980, "column": 7 },
          "end": { "line": 982, "column": 1 }
        },
        "type": "if",
        "locations": [
          {
            "start": { "line": 980, "column": 7 },
            "end": { "line": 982, "column": 1 }
          },
          { "start": {}, "end": {} }
        ],
        "line": 980
      }
    },
    "s": {
      "0": 11,
      "1": 11,
      "2": 0,
      "3": 0,
      "4": 0,
      "5": 0,
      "6": 0,
      "7": 0,
      "8": 0,
      "9": 5,
      "10": 25,
      "11": 0,
      "12": 0,
      "13": 0,
      "14": 0,
      "15": 0,
      "16": 0,
      "17": 0,
      "18": 0,
      "19": 0,
      "20": 0,
      "21": 0,
      "22": 0,
      "23": 0,
      "24": 0,
      "25": 0,
      "26": 0,
      "27": 0,
      "28": 0,
      "29": 0,
      "30": 0,
      "31": 0,
      "32": 0,
      "33": 0,
      "34": 0,
      "35": 0,
      "36": 0,
      "37": 0,
      "38": 7,
      "39": 7,
      "40": 7,
      "41": 35,
      "42": 35,
      "43": 35,
      "44": 35,
      "45": 7,
      "46": 5,
      "47": 5,
      "48": 5,
      "49": 5,
      "50": 5,
      "51": 5,
      "52": 5,
      "53": 5,
      "54": 5,
      "55": 5,
      "56": 5,
      "57": 5,
      "58": 5,
      "59": 5,
      "60": 5,
      "61": 5,
      "62": 5,
      "63": 5,
      "64": 5,
      "65": 5,
      "66": 5,
      "67": 5,
      "68": 5,
      "69": 5,
      "70": 5,
      "71": 5,
      "72": 5,
      "73": 5,
      "74": 5,
      "75": 5,
      "76": 5,
      "77": 5,
      "78": 5,
      "79": 5,
      "80": 5,
      "81": 5,
      "82": 5,
      "83": 5,
      "84": 5,
      "85": 5,
      "86": 5,
      "87": 22,
      "88": 22,
      "89": 22,
      "90": 22,
      "91": 22,
      "92": 22,
      "93": 0,
      "94": 0,
      "95": 22,
      "96": 0,
      "97": 22,
      "98": 0,
      "99": 0,
      "100": 0,
      "101": 0,
      "102": 22,
      "103": 22,
      "104": 22,
      "105": 22,
      "106": 22,
      "107": 22,
      "108": 22,
      "109": 22,
      "110": 22,
      "111": 22,
      "112": 0,
      "113": 0,
      "114": 0,
      "115": 0,
      "116": 0,
      "117": 22,
      "118": 22,
      "119": 0,
      "120": 0,
      "121": 0,
      "122": 0,
      "123": 0,
      "124": 0,
      "125": 0,
      "126": 0,
      "127": 0,
      "128": 0,
      "129": 0,
      "130": 0,
      "131": 0,
      "132": 0,
      "133": 0,
      "134": 0,
      "135": 0,
      "136": 0,
      "137": 0,
      "138": 5,
      "139": 5,
      "140": 5,
      "141": 5,
      "142": 5,
      "143": 5,
      "144": 5,
      "145": 5,
      "146": 5,
      "147": 5,
      "148": 5,
      "149": 5,
      "150": 5,
      "151": 5,
      "152": 5,
      "153": 5,
      "154": 5,
      "155": 5,
      "156": 5,
      "157": 0,
      "158": 0,
      "159": 0,
      "160": 0,
      "161": 0,
      "162": 0,
      "163": 0,
      "164": 0,
      "165": 0,
      "166": 2,
      "167": 2,
      "168": 2,
      "169": 8,
      "170": 8,
      "171": 72,
      "172": 8,
      "173": 32,
      "174": 3,
      "175": 3,
      "176": 3,
      "177": 8,
      "178": 5,
      "179": 8,
      "180": 0,
      "181": 8,
      "182": 3,
      "183": 3,
      "184": 3,
      "185": 2,
      "186": 2,
      "187": 3,
      "188": 5,
      "189": 5,
      "190": 5,
      "191": 5,
      "192": 2,
      "193": 1,
      "194": 1,
      "195": 2,
      "196": 1,
      "197": 1,
      "198": 0,
      "199": 0,
      "200": 0,
      "201": 1,
      "202": 3,
      "203": 3,
      "204": 1,
      "205": 2,
      "206": 1,
      "207": 1,
      "208": 0,
      "209": 0,
      "210": 0,
      "211": 0,
      "212": 0,
      "213": 0,
      "214": 0,
      "215": 0,
      "216": 0,
      "217": 0,
      "218": 0,
      "219": 0,
      "220": 0,
      "221": 0,
      "222": 0,
      "223": 0,
      "224": 0,
      "225": 0,
      "226": 0,
      "227": 0,
      "228": 0,
      "229": 0,
      "230": 0,
      "231": 0,
      "232": 0,
      "233": 0,
      "234": 0,
      "235": 0,
      "236": 0,
      "237": 0,
      "238": 0,
      "239": 0,
      "240": 0,
      "241": 0,
      "242": 0,
      "243": 0,
      "244": 0,
      "245": 0,
      "246": 0,
      "247": 0,
      "248": 0,
      "249": 0,
      "250": 0,
      "251": 0,
      "252": 0,
      "253": 0,
      "254": 0,
      "255": 0,
      "256": 0,
      "257": 0,
      "258": 0,
      "259": 0,
      "260": 0,
      "261": 0,
      "262": 0,
      "263": 0,
      "264": 0,
      "265": 0,
      "266": 0,
      "267": 0,
      "268": 0,
      "269": 0,
      "270": 0,
      "271": 0,
      "272": 0,
      "273": 0,
      "274": 0,
      "275": 0,
      "276": 0,
      "277": 0,
      "278": 0,
      "279": 0,
      "280": 0,
      "281": 0,
      "282": 0,
      "283": 0,
      "284": 0,
      "285": 0,
      "286": 0,
      "287": 0,
      "288": 0,
      "289": 0,
      "290": 0,
      "291": 0,
      "292": 0,
      "293": 0,
      "294": 0,
      "295": 0,
      "296": 0,
      "297": 0,
      "298": 0,
      "299": 0,
      "300": 0,
      "301": 0,
      "302": 0,
      "303": 0,
      "304": 0,
      "305": 0,
      "306": 0,
      "307": 0,
      "308": 0,
      "309": 0,
      "310": 0,
      "311": 0,
      "312": 0,
      "313": 5,
      "314": 4,
      "315": 4,
      "316": 4,
      "317": 4,
      "318": 4,
      "319": 1,
      "320": 5,
      "321": 5,
      "322": 25,
      "323": 25,
      "324": 25,
      "325": 104,
      "326": 104,
      "327": 104,
      "328": 104,
      "329": 104,
      "330": 104,
      "331": 104,
      "332": 104,
      "333": 104,
      "334": 25,
      "335": 25,
      "336": 0,
      "337": 0,
      "338": 0,
      "339": 25,
      "340": 0,
      "341": 0,
      "342": 0,
      "343": 25,
      "344": 0,
      "345": 25,
      "346": 25,
      "347": 0,
      "348": 0,
      "349": 0,
      "350": 0,
      "351": 0,
      "352": 0,
      "353": 0,
      "354": 0,
      "355": 0,
      "356": 0,
      "357": 0,
      "358": 0,
      "359": 0,
      "360": 0,
      "361": 0,
      "362": 0,
      "363": 0,
      "364": 0,
      "365": 0,
      "366": 0,
      "367": 0,
      "368": 0,
      "369": 0,
      "370": 0,
      "371": 0,
      "372": 0,
      "373": 0,
      "374": 0,
      "375": 0,
      "376": 0,
      "377": 0,
      "378": 0,
      "379": 0,
      "380": 0,
      "381": 0,
      "382": 0,
      "383": 11,
      "384": 0,
      "385": 0,
      "386": 0,
      "387": 0,
      "388": 0,
      "389": 0,
      "390": 0,
      "391": 0,
      "392": 0,
      "393": 0,
      "394": 0,
      "395": 0,
      "396": 0,
      "397": 0,
      "398": 0,
      "399": 11,
      "400": 0,
      "401": 0,
      "402": 0,
      "403": 0,
      "404": 0,
      "405": 3,
      "406": 0,
      "407": 0,
      "408": 0,
      "409": 0,
      "410": 0,
      "411": 0,
      "412": 0,
      "413": 0,
      "414": 0,
      "415": 0,
      "416": 0,
      "417": 0,
      "418": 0,
      "419": 0,
      "420": 0,
      "421": 0,
      "422": 0,
      "423": 0,
      "424": 0,
      "425": 0,
      "426": 0,
      "427": 0,
      "428": 0,
      "429": 0,
      "430": 0,
      "431": 0,
      "432": 0,
      "433": 0,
      "434": 0,
      "435": 0,
      "436": 0,
      "437": 0,
      "438": 0,
      "439": 0,
      "440": 0,
      "441": 0,
      "442": 0,
      "443": 0,
      "444": 0,
      "445": 0,
      "446": 0,
      "447": 0,
      "448": 0,
      "449": 0,
      "450": 0,
      "451": 0,
      "452": 0,
      "453": 0,
      "454": 0,
      "455": 0,
      "456": 0,
      "457": 0,
      "458": 0,
      "459": 3,
      "460": 0,
      "461": 0,
      "462": 3,
      "463": 3,
      "464": 3,
      "465": 3,
      "466": 3,
      "467": 2,
      "468": 0,
      "469": 2,
      "470": 0,
      "471": 2,
      "472": 0,
      "473": 2,
      "474": 2,
      "475": 2,
      "476": 2,
      "477": 0,
      "478": 0,
      "479": 0,
      "480": 2,
      "481": 0,
      "482": 2,
      "483": 0,
      "484": 0,
      "485": 0,
      "486": 0,
      "487": 0,
      "488": 0,
      "489": 0,
      "490": 0,
      "491": 5,
      "492": 5,
      "493": 0,
      "494": 11,
      "495": 11,
      "496": 1,
      "497": 1,
      "498": 0,
      "499": 0
    },
    "f": {
      "0": 11,
      "1": 0,
      "2": 0,
      "3": 0,
      "4": 0,
      "5": 0,
      "6": 0,
      "7": 0,
      "8": 5,
      "9": 25,
      "10": 0,
      "11": 0,
      "12": 0,
      "13": 0,
      "14": 0,
      "15": 0,
      "16": 7,
      "17": 5,
      "18": 5,
      "19": 5,
      "20": 22,
      "21": 0,
      "22": 0,
      "23": 0,
      "24": 0,
      "25": 0,
      "26": 5,
      "27": 0,
      "28": 0,
      "29": 0,
      "30": 0,
      "31": 2,
      "32": 3,
      "33": 8,
      "34": 5,
      "35": 0,
      "36": 0,
      "37": 0,
      "38": 0,
      "39": 0,
      "40": 0,
      "41": 0,
      "42": 0,
      "43": 0,
      "44": 0,
      "45": 0,
      "46": 0,
      "47": 0,
      "48": 0,
      "49": 0,
      "50": 0,
      "51": 5,
      "52": 0,
      "53": 0,
      "54": 0,
      "55": 0,
      "56": 0,
      "57": 0,
      "58": 0,
      "59": 0,
      "60": 0,
      "61": 0,
      "62": 0,
      "63": 3,
      "64": 0,
      "65": 0,
      "66": 0,
      "67": 0,
      "68": 0,
      "69": 3,
      "70": 3,
      "71": 2,
      "72": 2,
      "73": 0,
      "74": 0,
      "75": 5,
      "76": 0,
      "77": 11
    },
    "b": {
      "0": [0, 0],
      "1": [5, 0],
      "2": [5, 0],
      "3": [5, 0],
      "4": [5, 0],
      "5": [3, 2],
      "6": [0, 0],
      "7": [0, 22],
      "8": [0, 0],
      "9": [0, 0],
      "10": [0, 0],
      "11": [0, 0],
      "12": [0, 0],
      "13": [0, 5],
      "14": [5, 2, 0],
      "15": [5, 3],
      "16": [8, 5],
      "17": [0, 8],
      "18": [3, 5],
      "19": [5, 2],
      "20": [2, 3],
      "21": [1, 1],
      "22": [2, 1],
      "23": [1, 1],
      "24": [1, 0],
      "25": [3, 0],
      "26": [1, 2],
      "27": [1, 1],
      "28": [0, 0],
      "29": [0, 0],
      "30": [0, 0],
      "31": [0, 0],
      "32": [0, 0],
      "33": [0, 0],
      "34": [0, 0],
      "35": [0, 0],
      "36": [0, 0],
      "37": [0, 0],
      "38": [0, 0],
      "39": [0, 0],
      "40": [0, 0, 0],
      "41": [0, 0],
      "42": [0, 0, 0],
      "43": [0, 0],
      "44": [0, 0],
      "45": [0, 0],
      "46": [0, 0],
      "47": [0, 0],
      "48": [0],
      "49": [0, 0],
      "50": [0, 0],
      "51": [0, 0],
      "52": [0, 0],
      "53": [0, 0],
      "54": [0, 0],
      "55": [0, 0],
      "56": [0, 0],
      "57": [0, 0],
      "58": [0, 0],
      "59": [0, 0],
      "60": [4, 1],
      "61": [25, 0],
      "62": [25, 79],
      "63": [0, 0],
      "64": [0, 0],
      "65": [0, 0],
      "66": [0, 0],
      "67": [0, 0],
      "68": [0, 0],
      "69": [0, 0],
      "70": [0, 0],
      "71": [0, 0],
      "72": [0, 0],
      "73": [0, 0],
      "74": [0, 0],
      "75": [0, 0],
      "76": [0, 0],
      "77": [0, 0],
      "78": [0, 0],
      "79": [0, 0],
      "80": [0, 0],
      "81": [0, 0],
      "82": [0, 0],
      "83": [0, 0],
      "84": [0, 0],
      "85": [0, 0],
      "86": [0, 0],
      "87": [0, 0],
      "88": [0, 0],
      "89": [0, 0, 0],
      "90": [0, 0],
      "91": [0, 0, 0],
      "92": [0, 0],
      "93": [0, 0],
      "94": [0, 0],
      "95": [0, 0],
      "96": [0, 0],
      "97": [0, 0, 0],
      "98": [0, 3],
      "99": [0, 3],
      "100": [0, 2],
      "101": [0, 2],
      "102": [2, 0],
      "103": [0, 2],
      "104": [0, 2],
      "105": [2, 0],
      "106": [0, 2],
      "107": [0, 0],
      "108": [0, 0],
      "109": [1, 0],
      "110": [1, 1],
      "111": [0, 0]
    },
    "_coverageSchema": "1a1c01bbd47fc00a2c39e90264f33305004495a9",
    "hash": "8f1989d2e386c1ddc16a4078f83c457f3b707760"
  }
}
