TN:
SF:js\game.js
FN:8,init
FN:22,(anonymous_1)
FN:23,(anonymous_2)
FN:24,(anonymous_3)
FN:25,(anonymous_4)
FN:27,(anonymous_5)
FN:28,(anonymous_6)
FN:29,(anonymous_7)
FN:41,(anonymous_8)
FN:42,(anonymous_9)
FN:48,(anonymous_10)
FN:56,(anonymous_11)
FN:66,(anonymous_12)
FN:67,(anonymous_13)
FN:73,(anonymous_14)
FN:74,(anonymous_15)
FN:95,(anonymous_16)
FN:98,(anonymous_17)
FN:101,(anonymous_18)
FN:105,(anonymous_19)
FN:117,(anonymous_20)
FN:128,(anonymous_21)
FN:175,(anonymous_22)
FN:191,(anonymous_23)
FN:210,(anonymous_24)
FN:221,(anonymous_25)
FN:241,(anonymous_26)
FN:244,(anonymous_27)
FN:246,(anonymous_28)
FN:248,(anonymous_29)
FN:255,(anonymous_30)
FN:269,(anonymous_31)
FN:273,(anonymous_32)
FN:295,(anonymous_33)
FN:312,(anonymous_34)
FN:359,(anonymous_35)
FN:365,(anonymous_36)
FN:380,(anonymous_37)
FN:384,(anonymous_38)
FN:392,(anonymous_39)
FN:419,(anonymous_40)
FN:424,(anonymous_41)
FN:429,(anonymous_42)
FN:440,(anonymous_43)
FN:467,(anonymous_44)
FN:505,(anonymous_45)
FN:524,(anonymous_46)
FN:548,(anonymous_47)
FN:554,(anonymous_48)
FN:562,(anonymous_49)
FN:575,(anonymous_50)
FN:583,(anonymous_51)
FN:599,(anonymous_52)
FN:640,(anonymous_53)
FN:654,(anonymous_54)
FN:656,(anonymous_55)
FN:664,(anonymous_56)
FN:672,(anonymous_57)
FN:686,(anonymous_58)
FN:688,(anonymous_59)
FN:700,(anonymous_60)
FN:706,tick
FNF:62
FNH:0
FNDA:0,init
FNDA:0,(anonymous_1)
FNDA:0,(anonymous_2)
FNDA:0,(anonymous_3)
FNDA:0,(anonymous_4)
FNDA:0,(anonymous_5)
FNDA:0,(anonymous_6)
FNDA:0,(anonymous_7)
FNDA:0,(anonymous_8)
FNDA:0,(anonymous_9)
FNDA:0,(anonymous_10)
FNDA:0,(anonymous_11)
FNDA:0,(anonymous_12)
FNDA:0,(anonymous_13)
FNDA:0,(anonymous_14)
FNDA:0,(anonymous_15)
FNDA:0,(anonymous_16)
FNDA:0,(anonymous_17)
FNDA:0,(anonymous_18)
FNDA:0,(anonymous_19)
FNDA:0,(anonymous_20)
FNDA:0,(anonymous_21)
FNDA:0,(anonymous_22)
FNDA:0,(anonymous_23)
FNDA:0,(anonymous_24)
FNDA:0,(anonymous_25)
FNDA:0,(anonymous_26)
FNDA:0,(anonymous_27)
FNDA:0,(anonymous_28)
FNDA:0,(anonymous_29)
FNDA:0,(anonymous_30)
FNDA:0,(anonymous_31)
FNDA:0,(anonymous_32)
FNDA:0,(anonymous_33)
FNDA:0,(anonymous_34)
FNDA:0,(anonymous_35)
FNDA:0,(anonymous_36)
FNDA:0,(anonymous_37)
FNDA:0,(anonymous_38)
FNDA:0,(anonymous_39)
FNDA:0,(anonymous_40)
FNDA:0,(anonymous_41)
FNDA:0,(anonymous_42)
FNDA:0,(anonymous_43)
FNDA:0,(anonymous_44)
FNDA:0,(anonymous_45)
FNDA:0,(anonymous_46)
FNDA:0,(anonymous_47)
FNDA:0,(anonymous_48)
FNDA:0,(anonymous_49)
FNDA:0,(anonymous_50)
FNDA:0,(anonymous_51)
FNDA:0,(anonymous_52)
FNDA:0,(anonymous_53)
FNDA:0,(anonymous_54)
FNDA:0,(anonymous_55)
FNDA:0,(anonymous_56)
FNDA:0,(anonymous_57)
FNDA:0,(anonymous_58)
FNDA:0,(anonymous_59)
FNDA:0,(anonymous_60)
FNDA:0,tick
DA:9,0
DA:11,0
DA:22,0
DA:23,0
DA:24,0
DA:25,0
DA:27,0
DA:28,0
DA:29,0
DA:42,0
DA:43,0
DA:49,0
DA:50,0
DA:51,0
DA:52,0
DA:57,0
DA:58,0
DA:59,0
DA:60,0
DA:61,0
DA:67,0
DA:68,0
DA:70,0
DA:74,0
DA:75,0
DA:77,0
DA:78,0
DA:79,0
DA:80,0
DA:81,0
DA:82,0
DA:83,0
DA:84,0
DA:92,0
DA:93,0
DA:94,0
DA:95,0
DA:96,0
DA:98,0
DA:99,0
DA:101,0
DA:102,0
DA:106,0
DA:114,0
DA:115,0
DA:118,0
DA:119,0
DA:120,0
DA:125,0
DA:129,0
DA:130,0
DA:131,0
DA:132,0
DA:133,0
DA:134,0
DA:135,0
DA:137,0
DA:138,0
DA:139,0
DA:140,0
DA:141,0
DA:143,0
DA:144,0
DA:149,0
DA:150,0
DA:152,0
DA:153,0
DA:154,0
DA:155,0
DA:156,0
DA:157,0
DA:158,0
DA:159,0
DA:161,0
DA:162,0
DA:163,0
DA:164,0
DA:165,0
DA:166,0
DA:174,0
DA:175,0
DA:176,0
DA:178,0
DA:179,0
DA:180,0
DA:184,0
DA:186,0
DA:187,0
DA:192,0
DA:197,0
DA:198,0
DA:199,0
DA:200,0
DA:201,0
DA:203,0
DA:204,0
DA:205,0
DA:206,0
DA:207,0
DA:211,0
DA:212,0
DA:213,0
DA:214,0
DA:215,0
DA:216,0
DA:217,0
DA:222,0
DA:223,0
DA:224,0
DA:225,0
DA:226,0
DA:227,0
DA:228,0
DA:229,0
DA:230,0
DA:231,0
DA:232,0
DA:233,0
DA:234,0
DA:235,0
DA:236,0
DA:237,0
DA:238,0
DA:242,0
DA:243,0
DA:244,0
DA:245,0
DA:246,0
DA:247,0
DA:248,0
DA:249,0
DA:256,0
DA:257,0
DA:258,0
DA:259,0
DA:262,0
DA:263,0
DA:270,0
DA:271,0
DA:273,0
DA:274,0
DA:275,0
DA:277,0
DA:278,0
DA:280,0
DA:281,0
DA:282,0
DA:287,0
DA:288,0
DA:289,0
DA:292,0
DA:296,0
DA:297,0
DA:298,0
DA:299,0
DA:302,0
DA:303,0
DA:304,0
DA:305,0
DA:308,0
DA:309,0
DA:313,0
DA:314,0
DA:315,0
DA:316,0
DA:317,0
DA:319,0
DA:320,0
DA:321,0
DA:322,0
DA:323,0
DA:326,0
DA:327,0
DA:333,0
DA:334,0
DA:335,0
DA:336,0
DA:337,0
DA:342,0
DA:343,0
DA:344,0
DA:345,0
DA:346,0
DA:347,0
DA:352,0
DA:353,0
DA:354,0
DA:360,0
DA:361,0
DA:362,0
DA:363,0
DA:365,0
DA:366,0
DA:367,0
DA:368,0
DA:369,0
DA:370,0
DA:378,0
DA:379,0
DA:380,0
DA:381,0
DA:382,0
DA:384,0
DA:385,0
DA:387,0
DA:388,0
DA:393,0
DA:394,0
DA:395,0
DA:396,0
DA:398,0
DA:399,0
DA:401,0
DA:404,0
DA:405,0
DA:406,0
DA:407,0
DA:408,0
DA:409,0
DA:410,0
DA:411,0
DA:412,0
DA:414,0
DA:415,0
DA:416,0
DA:418,0
DA:419,0
DA:420,0
DA:421,0
DA:422,0
DA:424,0
DA:425,0
DA:426,0
DA:427,0
DA:429,0
DA:430,0
DA:434,0
DA:435,0
DA:441,0
DA:442,0
DA:444,0
DA:446,0
DA:447,0
DA:450,0
DA:451,0
DA:452,0
DA:453,0
DA:458,0
DA:459,0
DA:460,0
DA:461,0
DA:462,0
DA:463,0
DA:464,0
DA:468,0
DA:469,0
DA:471,0
DA:472,0
DA:474,0
DA:475,0
DA:478,0
DA:479,0
DA:480,0
DA:481,0
DA:482,0
DA:483,0
DA:486,0
DA:487,0
DA:488,0
DA:489,0
DA:490,0
DA:491,0
DA:492,0
DA:494,0
DA:500,0
DA:506,0
DA:507,0
DA:513,0
DA:514,0
DA:520,0
DA:521,0
DA:522,0
DA:523,0
DA:524,0
DA:526,0
DA:529,0
DA:534,0
DA:549,0
DA:550,0
DA:551,0
DA:552,0
DA:555,0
DA:563,0
DA:564,0
DA:565,0
DA:566,0
DA:567,0
DA:569,0
DA:571,0
DA:576,0
DA:577,0
DA:579,0
DA:580,0
DA:584,0
DA:589,0
DA:590,0
DA:591,0
DA:592,0
DA:593,0
DA:595,0
DA:600,0
DA:601,0
DA:602,0
DA:603,0
DA:604,0
DA:605,0
DA:606,0
DA:607,0
DA:608,0
DA:609,0
DA:611,0
DA:612,0
DA:613,0
DA:616,0
DA:617,0
DA:618,0
DA:619,0
DA:620,0
DA:624,0
DA:625,0
DA:626,0
DA:627,0
DA:631,0
DA:633,0
DA:636,0
DA:641,0
DA:642,0
DA:643,0
DA:644,0
DA:645,0
DA:646,0
DA:647,0
DA:648,0
DA:650,0
DA:655,0
DA:656,0
DA:657,0
DA:658,0
DA:659,0
DA:660,0
DA:665,0
DA:666,0
DA:667,0
DA:672,0
DA:673,0
DA:674,0
DA:675,0
DA:676,0
DA:677,0
DA:679,0
DA:680,0
DA:682,0
DA:687,0
DA:688,0
DA:689,0
DA:690,0
DA:691,0
DA:692,0
DA:694,0
DA:695,0
DA:696,0
DA:701,0
DA:702,0
DA:707,0
DA:710,0
DA:714,1
DA:715,1
DA:716,0
DA:717,0
LF:379
LH:2
BRDA:58,0,0,0
BRDA:58,0,1,0
BRDA:118,1,0,0
BRDA:118,1,1,0
BRDA:137,2,0,0
BRDA:137,2,1,0
BRDA:177,3,0,0
BRDA:177,3,1,0
BRDA:200,4,0,0
BRDA:200,4,1,0
BRDA:211,5,0,0
BRDA:211,5,1,0
BRDA:211,6,0,0
BRDA:211,6,1,0
BRDA:216,7,0,0
BRDA:216,7,1,0
BRDA:274,8,0,0
BRDA:274,8,1,0
BRDA:274,9,0,0
BRDA:274,9,1,0
BRDA:277,10,0,0
BRDA:277,10,1,0
BRDA:280,11,0,0
BRDA:280,11,1,0
BRDA:287,12,0,0
BRDA:287,12,1,0
BRDA:295,13,0,0
BRDA:298,14,0,0
BRDA:298,14,1,0
BRDA:302,15,0,0
BRDA:302,15,1,0
BRDA:304,16,0,0
BRDA:304,16,1,0
BRDA:313,17,0,0
BRDA:313,17,1,0
BRDA:319,18,0,0
BRDA:319,18,1,0
BRDA:328,19,0,0
BRDA:328,19,1,0
BRDA:333,20,0,0
BRDA:333,20,1,0
BRDA:343,21,0,0
BRDA:343,21,1,0
BRDA:353,22,0,0
BRDA:353,22,1,0
BRDA:393,23,0,0
BRDA:393,23,1,0
BRDA:406,24,0,0
BRDA:406,24,1,0
BRDA:416,25,0,0
BRDA:416,25,1,0
BRDA:441,26,0,0
BRDA:441,26,1,0
BRDA:441,27,0,0
BRDA:441,27,1,0
BRDA:471,28,0,0
BRDA:471,28,1,0
BRDA:471,29,0,0
BRDA:471,29,1,0
BRDA:474,30,0,0
BRDA:474,30,1,0
BRDA:474,31,0,0
BRDA:474,31,1,0
BRDA:478,32,0,0
BRDA:478,32,1,0
BRDA:478,33,0,0
BRDA:478,33,1,0
BRDA:480,34,0,0
BRDA:480,34,1,0
BRDA:482,35,0,0
BRDA:482,35,1,0
BRDA:486,36,0,0
BRDA:486,36,1,0
BRDA:488,37,0,0
BRDA:488,37,1,0
BRDA:488,38,0,0
BRDA:488,38,1,0
BRDA:489,39,0,0
BRDA:489,39,1,0
BRDA:491,40,0,0
BRDA:491,40,1,0
BRDA:506,41,0,0
BRDA:506,41,1,0
BRDA:506,42,0,0
BRDA:506,42,1,0
BRDA:513,43,0,0
BRDA:513,43,1,0
BRDA:521,44,0,0
BRDA:521,44,1,0
BRDA:523,45,0,0
BRDA:523,45,1,0
BRDA:563,46,0,0
BRDA:563,46,1,0
BRDA:564,47,0,0
BRDA:564,47,1,0
BRDA:564,48,0,0
BRDA:564,48,1,0
BRDA:566,49,0,0
BRDA:566,49,1,0
BRDA:576,50,0,0
BRDA:576,50,1,0
BRDA:584,51,0,0
BRDA:584,51,1,0
BRDA:585,52,0,0
BRDA:585,52,1,0
BRDA:585,52,2,0
BRDA:600,53,0,0
BRDA:600,53,1,0
BRDA:600,54,0,0
BRDA:600,54,1,0
BRDA:600,54,2,0
BRDA:601,55,0,0
BRDA:601,55,1,0
BRDA:611,56,0,0
BRDA:611,56,1,0
BRDA:625,57,0,0
BRDA:625,57,1,0
BRDA:626,58,0,0
BRDA:626,58,1,0
BRDA:641,59,0,0
BRDA:641,59,1,0
BRDA:641,60,0,0
BRDA:641,60,1,0
BRDA:641,60,2,0
BRDA:658,61,0,0
BRDA:658,61,1,0
BRDA:666,62,0,0
BRDA:666,62,1,0
BRDA:666,63,0,0
BRDA:666,63,1,0
BRDA:674,64,0,0
BRDA:674,64,1,0
BRDA:674,65,0,0
BRDA:674,65,1,0
BRDA:679,66,0,0
BRDA:679,66,1,0
BRDA:689,67,0,0
BRDA:689,67,1,0
BRDA:689,68,0,0
BRDA:689,68,1,0
BRDA:714,69,0,1
BRDA:714,69,1,0
BRDA:714,70,0,1
BRDA:714,70,1,1
BRDA:716,71,0,0
BRDA:716,71,1,0
BRF:146
BRH:3
end_of_record
