TN:
SF:js\game.js
FN:9,init
FN:23,(anonymous_1)
FN:24,(anonymous_2)
FN:25,(anonymous_3)
FN:26,(anonymous_4)
FN:27,(anonymous_5)
FN:28,(anonymous_6)
FN:29,(anonymous_7)
FN:49,(anonymous_8)
FN:50,(anonymous_9)
FN:57,(anonymous_10)
FN:70,(anonymous_11)
FN:85,(anonymous_12)
FN:86,(anonymous_13)
FN:98,(anonymous_14)
FN:118,(anonymous_15)
FN:124,(anonymous_16)
FN:145,(anonymous_17)
FN:168,(anonymous_18)
FN:208,(anonymous_19)
FN:224,(anonymous_20)
FN:239,(anonymous_21)
FN:244,(anonymous_22)
FN:275,(anonymous_23)
FN:292,(anonymous_24)
FN:312,(anonymous_25)
FN:323,(anonymous_26)
FN:353,(anonymous_27)
FN:356,(anonymous_28)
FN:358,(anonymous_29)
FN:360,(anonymous_30)
FN:367,(anonymous_31)
FN:381,(anonymous_32)
FN:385,(anonymous_33)
FN:406,(anonymous_34)
FN:445,(anonymous_35)
FN:455,(anonymous_36)
FN:460,(anonymous_37)
FN:468,(anonymous_38)
FN:478,(anonymous_39)
FN:491,(anonymous_40)
FN:497,(anonymous_41)
FN:506,(anonymous_42)
FN:515,(anonymous_43)
FN:528,(anonymous_44)
FN:541,(anonymous_45)
FN:568,(anonymous_46)
FN:571,(anonymous_47)
FN:577,(anonymous_48)
FN:626,(anonymous_49)
FN:632,(anonymous_50)
FN:638,(anonymous_51)
FN:664,(anonymous_52)
FN:669,(anonymous_53)
FN:674,(anonymous_54)
FN:685,(anonymous_55)
FN:711,(anonymous_56)
FN:749,(anonymous_57)
FN:760,(anonymous_58)
FN:763,(anonymous_59)
FN:765,(anonymous_60)
FN:769,(anonymous_61)
FN:788,(anonymous_62)
FN:799,(anonymous_63)
FN:813,(anonymous_64)
FN:826,(anonymous_65)
FN:834,(anonymous_66)
FN:850,(anonymous_67)
FN:890,(anonymous_68)
FN:904,(anonymous_69)
FN:909,(anonymous_70)
FN:917,(anonymous_71)
FN:932,(anonymous_72)
FN:946,(anonymous_73)
FN:947,(anonymous_74)
FN:959,(anonymous_75)
FN:965,tick
FN:973,getGameInstances
FNF:78
FNH:21
FNDA:11,init
FNDA:0,(anonymous_1)
FNDA:0,(anonymous_2)
FNDA:0,(anonymous_3)
FNDA:0,(anonymous_4)
FNDA:0,(anonymous_5)
FNDA:0,(anonymous_6)
FNDA:0,(anonymous_7)
FNDA:5,(anonymous_8)
FNDA:25,(anonymous_9)
FNDA:0,(anonymous_10)
FNDA:0,(anonymous_11)
FNDA:0,(anonymous_12)
FNDA:0,(anonymous_13)
FNDA:0,(anonymous_14)
FNDA:0,(anonymous_15)
FNDA:7,(anonymous_16)
FNDA:5,(anonymous_17)
FNDA:5,(anonymous_18)
FNDA:5,(anonymous_19)
FNDA:22,(anonymous_20)
FNDA:0,(anonymous_21)
FNDA:0,(anonymous_22)
FNDA:0,(anonymous_23)
FNDA:0,(anonymous_24)
FNDA:0,(anonymous_25)
FNDA:5,(anonymous_26)
FNDA:0,(anonymous_27)
FNDA:0,(anonymous_28)
FNDA:0,(anonymous_29)
FNDA:0,(anonymous_30)
FNDA:2,(anonymous_31)
FNDA:3,(anonymous_32)
FNDA:8,(anonymous_33)
FNDA:5,(anonymous_34)
FNDA:0,(anonymous_35)
FNDA:0,(anonymous_36)
FNDA:0,(anonymous_37)
FNDA:0,(anonymous_38)
FNDA:0,(anonymous_39)
FNDA:0,(anonymous_40)
FNDA:0,(anonymous_41)
FNDA:0,(anonymous_42)
FNDA:0,(anonymous_43)
FNDA:0,(anonymous_44)
FNDA:0,(anonymous_45)
FNDA:0,(anonymous_46)
FNDA:0,(anonymous_47)
FNDA:0,(anonymous_48)
FNDA:0,(anonymous_49)
FNDA:0,(anonymous_50)
FNDA:5,(anonymous_51)
FNDA:0,(anonymous_52)
FNDA:0,(anonymous_53)
FNDA:0,(anonymous_54)
FNDA:0,(anonymous_55)
FNDA:0,(anonymous_56)
FNDA:0,(anonymous_57)
FNDA:0,(anonymous_58)
FNDA:0,(anonymous_59)
FNDA:0,(anonymous_60)
FNDA:0,(anonymous_61)
FNDA:0,(anonymous_62)
FNDA:3,(anonymous_63)
FNDA:0,(anonymous_64)
FNDA:0,(anonymous_65)
FNDA:0,(anonymous_66)
FNDA:0,(anonymous_67)
FNDA:0,(anonymous_68)
FNDA:3,(anonymous_69)
FNDA:3,(anonymous_70)
FNDA:2,(anonymous_71)
FNDA:2,(anonymous_72)
FNDA:0,(anonymous_73)
FNDA:0,(anonymous_74)
FNDA:5,(anonymous_75)
FNDA:0,tick
FNDA:11,getGameInstances
DA:10,11
DA:12,11
DA:23,0
DA:24,0
DA:25,0
DA:26,0
DA:27,0
DA:28,0
DA:29,0
DA:50,5
DA:51,25
DA:58,0
DA:63,0
DA:64,0
DA:65,0
DA:66,0
DA:71,0
DA:76,0
DA:77,0
DA:78,0
DA:79,0
DA:80,0
DA:86,0
DA:87,0
DA:89,0
DA:95,0
DA:99,0
DA:100,0
DA:105,0
DA:106,0
DA:107,0
DA:108,0
DA:109,0
DA:111,0
DA:112,0
DA:113,0
DA:118,0
DA:121,0
DA:125,7
DA:132,7
DA:134,7
DA:135,35
DA:136,35
DA:137,35
DA:138,35
DA:142,7
DA:146,5
DA:148,5
DA:149,5
DA:150,5
DA:152,5
DA:153,5
DA:154,5
DA:156,5
DA:157,5
DA:158,5
DA:160,5
DA:161,5
DA:162,5
DA:165,5
DA:169,5
DA:171,5
DA:172,5
DA:175,5
DA:177,5
DA:178,5
DA:179,5
DA:180,5
DA:181,5
DA:186,5
DA:187,5
DA:188,5
DA:189,5
DA:191,5
DA:196,5
DA:197,5
DA:198,5
DA:199,5
DA:200,5
DA:201,5
DA:203,5
DA:209,5
DA:210,5
DA:213,5
DA:215,5
DA:216,5
DA:217,5
DA:225,22
DA:226,22
DA:227,22
DA:229,22
DA:237,22
DA:239,22
DA:240,0
DA:241,0
DA:244,22
DA:245,0
DA:248,22
DA:249,0
DA:250,0
DA:251,0
DA:252,0
DA:254,22
DA:255,22
DA:260,22
DA:261,22
DA:263,22
DA:264,22
DA:265,22
DA:267,22
DA:268,22
DA:270,22
DA:276,0
DA:277,0
DA:278,0
DA:279,0
DA:283,0
DA:287,22
DA:288,22
DA:293,0
DA:298,0
DA:299,0
DA:300,0
DA:301,0
DA:302,0
DA:303,0
DA:305,0
DA:306,0
DA:307,0
DA:308,0
DA:309,0
DA:313,0
DA:314,0
DA:315,0
DA:316,0
DA:317,0
DA:318,0
DA:319,0
DA:324,5
DA:325,5
DA:326,5
DA:327,5
DA:328,5
DA:329,5
DA:330,5
DA:331,5
DA:332,5
DA:333,5
DA:334,5
DA:335,5
DA:336,5
DA:337,5
DA:338,5
DA:339,5
DA:340,5
DA:342,5
DA:344,5
DA:349,0
DA:354,0
DA:355,0
DA:356,0
DA:357,0
DA:358,0
DA:359,0
DA:360,0
DA:361,0
DA:368,2
DA:369,2
DA:370,8
DA:371,72
DA:374,8
DA:375,32
DA:382,3
DA:383,3
DA:385,3
DA:386,8
DA:387,5
DA:389,8
DA:390,0
DA:392,8
DA:393,3
DA:394,3
DA:398,3
DA:399,2
DA:400,2
DA:403,3
DA:407,5
DA:408,5
DA:409,5
DA:411,5
DA:412,2
DA:413,1
DA:414,1
DA:417,2
DA:418,1
DA:419,1
DA:421,0
DA:422,0
DA:423,0
DA:427,1
DA:430,3
DA:431,3
DA:432,1
DA:435,2
DA:436,1
DA:438,1
DA:442,0
DA:446,0
DA:448,0
DA:449,0
DA:451,0
DA:456,0
DA:458,0
DA:459,0
DA:460,0
DA:461,0
DA:462,0
DA:464,0
DA:465,0
DA:467,0
DA:468,0
DA:469,0
DA:470,0
DA:472,0
DA:473,0
DA:477,0
DA:478,0
DA:479,0
DA:480,0
DA:482,0
DA:483,0
DA:488,0
DA:492,0
DA:493,0
DA:495,0
DA:496,0
DA:497,0
DA:498,0
DA:499,0
DA:501,0
DA:502,0
DA:506,0
DA:507,0
DA:508,0
DA:509,0
DA:511,0
DA:512,0
DA:515,0
DA:516,0
DA:517,0
DA:518,0
DA:520,0
DA:521,0
DA:525,0
DA:529,0
DA:530,0
DA:532,0
DA:533,0
DA:535,0
DA:536,0
DA:538,0
DA:542,0
DA:545,0
DA:546,0
DA:548,0
DA:549,0
DA:552,0
DA:553,0
DA:556,0
DA:557,0
DA:558,0
DA:559,0
DA:562,0
DA:563,0
DA:565,0
DA:569,0
DA:572,0
DA:578,0
DA:579,0
DA:580,0
DA:581,0
DA:582,0
DA:584,0
DA:585,0
DA:586,0
DA:587,0
DA:588,0
DA:591,0
DA:592,0
DA:598,0
DA:600,0
DA:601,0
DA:602,0
DA:603,0
DA:604,0
DA:609,0
DA:610,0
DA:611,0
DA:612,0
DA:613,0
DA:614,0
DA:619,0
DA:620,0
DA:621,0
DA:627,0
DA:628,0
DA:629,0
DA:630,0
DA:632,0
DA:633,0
DA:634,0
DA:639,5
DA:640,4
DA:641,4
DA:642,4
DA:644,4
DA:645,4
DA:647,1
DA:650,5
DA:651,5
DA:652,25
DA:653,25
DA:654,104
DA:655,104
DA:656,104
DA:657,104
DA:658,104
DA:659,104
DA:660,104
DA:661,104
DA:662,104
DA:663,25
DA:664,25
DA:665,0
DA:666,0
DA:667,0
DA:669,25
DA:670,0
DA:671,0
DA:672,0
DA:674,25
DA:675,0
DA:679,25
DA:680,25
DA:686,0
DA:687,0
DA:689,0
DA:690,0
DA:691,0
DA:694,0
DA:695,0
DA:696,0
DA:697,0
DA:702,0
DA:703,0
DA:704,0
DA:705,0
DA:706,0
DA:707,0
DA:708,0
DA:712,0
DA:713,0
DA:715,0
DA:716,0
DA:718,0
DA:719,0
DA:722,0
DA:723,0
DA:724,0
DA:725,0
DA:726,0
DA:727,0
DA:730,0
DA:731,0
DA:732,0
DA:733,0
DA:734,0
DA:735,0
DA:736,0
DA:738,0
DA:744,11
DA:750,0
DA:751,0
DA:754,0
DA:755,0
DA:758,0
DA:759,0
DA:760,0
DA:761,0
DA:762,0
DA:763,0
DA:765,0
DA:769,0
DA:774,11
DA:789,0
DA:794,0
DA:795,0
DA:796,0
DA:797,0
DA:800,3
DA:814,0
DA:815,0
DA:816,0
DA:817,0
DA:818,0
DA:820,0
DA:822,0
DA:827,0
DA:828,0
DA:830,0
DA:831,0
DA:835,0
DA:840,0
DA:841,0
DA:842,0
DA:843,0
DA:844,0
DA:846,0
DA:851,0
DA:852,0
DA:853,0
DA:854,0
DA:855,0
DA:856,0
DA:857,0
DA:858,0
DA:859,0
DA:860,0
DA:861,0
DA:862,0
DA:863,0
DA:866,0
DA:867,0
DA:868,0
DA:869,0
DA:870,0
DA:874,0
DA:875,0
DA:876,0
DA:877,0
DA:881,0
DA:883,0
DA:886,0
DA:891,0
DA:892,0
DA:893,0
DA:894,0
DA:895,0
DA:896,0
DA:897,0
DA:898,0
DA:900,0
DA:905,3
DA:906,0
DA:907,0
DA:909,3
DA:910,3
DA:911,3
DA:912,3
DA:913,3
DA:918,2
DA:919,0
DA:921,2
DA:922,0
DA:926,2
DA:927,0
DA:929,2
DA:932,2
DA:933,2
DA:934,2
DA:935,0
DA:936,0
DA:937,0
DA:939,2
DA:940,0
DA:942,2
DA:947,0
DA:948,0
DA:949,0
DA:950,0
DA:951,0
DA:953,0
DA:954,0
DA:955,0
DA:960,5
DA:961,5
DA:966,0
DA:969,11
DA:974,11
DA:978,1
DA:979,1
DA:980,0
DA:981,0
LF:493
LH:178
BRDA:76,0,0,0
BRDA:76,0,1,0
BRDA:148,1,0,5
BRDA:148,1,1,0
BRDA:152,2,0,5
BRDA:152,2,1,0
BRDA:156,3,0,5
BRDA:156,3,1,0
BRDA:160,4,0,5
BRDA:160,4,1,0
BRDA:180,5,0,3
BRDA:180,5,1,2
BRDA:240,6,0,0
BRDA:240,6,1,0
BRDA:248,7,0,0
BRDA:248,7,1,22
BRDA:276,8,0,0
BRDA:276,8,1,0
BRDA:302,9,0,0
BRDA:302,9,1,0
BRDA:313,10,0,0
BRDA:313,10,1,0
BRDA:313,11,0,0
BRDA:313,11,1,0
BRDA:318,12,0,0
BRDA:318,12,1,0
BRDA:344,13,0,0
BRDA:344,13,1,5
BRDA:345,14,0,5
BRDA:345,14,1,2
BRDA:345,14,2,0
BRDA:386,15,0,5
BRDA:386,15,1,3
BRDA:386,16,0,8
BRDA:386,16,1,5
BRDA:389,17,0,0
BRDA:389,17,1,8
BRDA:392,18,0,3
BRDA:392,18,1,5
BRDA:398,19,0,5
BRDA:398,19,1,2
BRDA:411,20,0,2
BRDA:411,20,1,3
BRDA:412,21,0,1
BRDA:412,21,1,1
BRDA:412,22,0,2
BRDA:412,22,1,1
BRDA:417,23,0,1
BRDA:417,23,1,1
BRDA:418,24,0,1
BRDA:418,24,1,0
BRDA:430,25,0,3
BRDA:430,25,1,0
BRDA:431,26,0,1
BRDA:431,26,1,2
BRDA:435,27,0,1
BRDA:435,27,1,1
BRDA:448,28,0,0
BRDA:448,28,1,0
BRDA:458,29,0,0
BRDA:458,29,1,0
BRDA:459,30,0,0
BRDA:459,30,1,0
BRDA:464,31,0,0
BRDA:464,31,1,0
BRDA:467,32,0,0
BRDA:467,32,1,0
BRDA:472,33,0,0
BRDA:472,33,1,0
BRDA:477,34,0,0
BRDA:477,34,1,0
BRDA:482,35,0,0
BRDA:482,35,1,0
BRDA:495,36,0,0
BRDA:495,36,1,0
BRDA:496,37,0,0
BRDA:496,37,1,0
BRDA:496,38,0,0
BRDA:496,38,1,0
BRDA:501,39,0,0
BRDA:501,39,1,0
BRDA:509,40,0,0
BRDA:509,40,1,0
BRDA:509,40,2,0
BRDA:511,41,0,0
BRDA:511,41,1,0
BRDA:518,42,0,0
BRDA:518,42,1,0
BRDA:518,42,2,0
BRDA:520,43,0,0
BRDA:520,43,1,0
BRDA:529,44,0,0
BRDA:529,44,1,0
BRDA:529,45,0,0
BRDA:529,45,1,0
BRDA:532,46,0,0
BRDA:532,46,1,0
BRDA:535,47,0,0
BRDA:535,47,1,0
BRDA:541,48,0,0
BRDA:545,49,0,0
BRDA:545,49,1,0
BRDA:545,50,0,0
BRDA:545,50,1,0
BRDA:552,51,0,0
BRDA:552,51,1,0
BRDA:556,52,0,0
BRDA:556,52,1,0
BRDA:558,53,0,0
BRDA:558,53,1,0
BRDA:578,54,0,0
BRDA:578,54,1,0
BRDA:584,55,0,0
BRDA:584,55,1,0
BRDA:593,56,0,0
BRDA:593,56,1,0
BRDA:600,57,0,0
BRDA:600,57,1,0
BRDA:610,58,0,0
BRDA:610,58,1,0
BRDA:620,59,0,0
BRDA:620,59,1,0
BRDA:639,60,0,4
BRDA:639,60,1,1
BRDA:652,61,0,25
BRDA:652,61,1,0
BRDA:662,62,0,25
BRDA:662,62,1,79
BRDA:686,63,0,0
BRDA:686,63,1,0
BRDA:686,64,0,0
BRDA:686,64,1,0
BRDA:715,65,0,0
BRDA:715,65,1,0
BRDA:715,66,0,0
BRDA:715,66,1,0
BRDA:718,67,0,0
BRDA:718,67,1,0
BRDA:718,68,0,0
BRDA:718,68,1,0
BRDA:722,69,0,0
BRDA:722,69,1,0
BRDA:722,70,0,0
BRDA:722,70,1,0
BRDA:724,71,0,0
BRDA:724,71,1,0
BRDA:726,72,0,0
BRDA:726,72,1,0
BRDA:730,73,0,0
BRDA:730,73,1,0
BRDA:732,74,0,0
BRDA:732,74,1,0
BRDA:732,75,0,0
BRDA:732,75,1,0
BRDA:733,76,0,0
BRDA:733,76,1,0
BRDA:735,77,0,0
BRDA:735,77,1,0
BRDA:750,78,0,0
BRDA:750,78,1,0
BRDA:750,79,0,0
BRDA:750,79,1,0
BRDA:754,80,0,0
BRDA:754,80,1,0
BRDA:759,81,0,0
BRDA:759,81,1,0
BRDA:762,82,0,0
BRDA:762,82,1,0
BRDA:814,83,0,0
BRDA:814,83,1,0
BRDA:815,84,0,0
BRDA:815,84,1,0
BRDA:815,85,0,0
BRDA:815,85,1,0
BRDA:817,86,0,0
BRDA:817,86,1,0
BRDA:827,87,0,0
BRDA:827,87,1,0
BRDA:835,88,0,0
BRDA:835,88,1,0
BRDA:836,89,0,0
BRDA:836,89,1,0
BRDA:836,89,2,0
BRDA:851,90,0,0
BRDA:851,90,1,0
BRDA:851,91,0,0
BRDA:851,91,1,0
BRDA:851,91,2,0
BRDA:852,92,0,0
BRDA:852,92,1,0
BRDA:861,93,0,0
BRDA:861,93,1,0
BRDA:875,94,0,0
BRDA:875,94,1,0
BRDA:876,95,0,0
BRDA:876,95,1,0
BRDA:891,96,0,0
BRDA:891,96,1,0
BRDA:891,97,0,0
BRDA:891,97,1,0
BRDA:891,97,2,0
BRDA:905,98,0,0
BRDA:905,98,1,3
BRDA:911,99,0,0
BRDA:911,99,1,3
BRDA:918,100,0,0
BRDA:918,100,1,2
BRDA:921,101,0,0
BRDA:921,101,1,2
BRDA:921,102,0,2
BRDA:921,102,1,0
BRDA:926,103,0,0
BRDA:926,103,1,2
BRDA:934,104,0,0
BRDA:934,104,1,2
BRDA:934,105,0,2
BRDA:934,105,1,0
BRDA:939,106,0,0
BRDA:939,106,1,2
BRDA:948,107,0,0
BRDA:948,107,1,0
BRDA:948,108,0,0
BRDA:948,108,1,0
BRDA:978,109,0,1
BRDA:978,109,1,0
BRDA:978,110,0,1
BRDA:978,110,1,1
BRDA:980,111,0,0
BRDA:980,111,1,0
BRF:229
BRH:50
end_of_record
